INFO    2018-09-21 13:54:11,582 [main] server.gui.ServerFrame  38 - A pornit serverul!
INFO    2018-09-21 13:55:22,347 [main] server.gui.ServerFrame  38 - A pornit serverul!
ERROR   2018-09-21 14:13:48,992 [RMI TCP Connection(29)-192.168.153.135] server.dao.DictionarDao  39 - Nu a fost gasit codul in dictionar!
javax.persistence.NoResultException: getSingleResult() did not retrieve any entities.
	at org.eclipse.persistence.internal.jpa.QueryImpl.throwNoResultException(QueryImpl.java:972)
	at org.eclipse.persistence.internal.jpa.QueryImpl.getSingleResult(QueryImpl.java:531)
	at org.eclipse.persistence.internal.jpa.EJBQueryImpl.getSingleResult(EJBQueryImpl.java:400)
	at server.dao.DictionarDao.findByCod(DictionarDao.java:36)
	at server.service.DictionarService.findByCod(DictionarService.java:32)
	at sun.reflect.GeneratedMethodAccessor13.invoke(Unknown Source)
	at sun.reflect.DelegatingMethodAccessorImpl.invoke(DelegatingMethodAccessorImpl.java:43)
	at java.lang.reflect.Method.invoke(Method.java:498)
	at sun.rmi.server.UnicastServerRef.dispatch(UnicastServerRef.java:357)
	at sun.rmi.transport.Transport$1.run(Transport.java:200)
	at sun.rmi.transport.Transport$1.run(Transport.java:197)
	at java.security.AccessController.doPrivileged(Native Method)
	at sun.rmi.transport.Transport.serviceCall(Transport.java:196)
	at sun.rmi.transport.tcp.TCPTransport.handleMessages(TCPTransport.java:568)
	at sun.rmi.transport.tcp.TCPTransport$ConnectionHandler.run0(TCPTransport.java:826)
	at sun.rmi.transport.tcp.TCPTransport$ConnectionHandler.lambda$run$0(TCPTransport.java:683)
	at java.security.AccessController.doPrivileged(Native Method)
	at sun.rmi.transport.tcp.TCPTransport$ConnectionHandler.run(TCPTransport.java:682)
	at java.util.concurrent.ThreadPoolExecutor.runWorker(ThreadPoolExecutor.java:1149)
	at java.util.concurrent.ThreadPoolExecutor$Worker.run(ThreadPoolExecutor.java:624)
	at java.lang.Thread.run(Thread.java:748)
INFO    2018-09-21 15:06:25,493 [main] server.gui.ServerFrame  38 - A pornit serverul!
INFO    2018-10-04 09:13:45,392 [main] server.gui.ServerFrame  43 - A pornit serverul!
INFO    2018-10-04 09:14:24,000 [main] server.gui.ServerFrame  43 - A pornit serverul!
INFO    2018-10-04 17:24:15,939 [main] server.gui.ServerFrame  43 - A pornit serverul!
INFO    2018-10-04 09:24:48,923 [main] server.gui.ServerFrame  43 - A pornit serverul!
INFO    2018-10-04 17:26:33,814 [main] server.gui.ServerFrame  43 - A pornit serverul!
INFO    2018-10-04 09:26:54,017 [main] server.gui.ServerFrame  43 - A pornit serverul!
INFO    2018-10-04 18:24:29,861 [main] server.gui.ServerFrame  43 - A pornit serverul!
INFO    2018-10-04 18:25:55,054 [main] server.gui.ServerFrame  43 - A pornit serverul!
INFO    2018-10-04 18:27:57,484 [main] server.gui.ServerFrame  43 - A pornit serverul!
INFO    2018-10-04 18:30:51,843 [main] server.gui.ServerFrame  43 - A pornit serverul!
INFO    2018-10-04 18:42:12,410 [main] server.gui.ServerFrame  43 - A pornit serverul!
INFO    2018-10-04 18:44:36,665 [main] server.gui.ServerFrame  43 - A pornit serverul!
INFO    2018-10-04 19:04:16,554 [main] server.gui.ServerFrame  43 - A pornit serverul!
INFO    2018-10-04 19:10:51,620 [main] server.gui.ServerFrame  43 - A pornit serverul!
INFO    2018-10-04 19:11:24,354 [main] server.gui.ServerFrame  43 - A pornit serverul!
INFO    2018-10-04 19:26:46,576 [main] server.gui.ServerFrame  43 - A pornit serverul!
