INFO    2018-09-17 11:13:00,918 [main] server.gui.ServerFrame  38 - A pornit serverul!
ERROR   2018-09-17 11:13:24,330 [main] server.gui.ServerFrame  53 - javax.persistence.PersistenceException: Exception [EclipseLink-4002] (Eclipse Persistence Services - 2.5.2.v20140319-9ad6abd): org.eclipse.persistence.exceptions.DatabaseException
Internal Exception: com.mysql.jdbc.exceptions.jdbc4.CommunicationsException: Communications link failure

The last packet sent successfully to the server was 0 milliseconds ago. The driver has not received any packets from the server.
Error Code: 0
javax.persistence.PersistenceException: Exception [EclipseLink-4002] (Eclipse Persistence Services - 2.5.2.v20140319-9ad6abd): org.eclipse.persistence.exceptions.DatabaseException
Internal Exception: com.mysql.jdbc.exceptions.jdbc4.CommunicationsException: Communications link failure

The last packet sent successfully to the server was 0 milliseconds ago. The driver has not received any packets from the server.
Error Code: 0
	at org.eclipse.persistence.internal.jpa.EntityManagerSetupImpl.deploy(EntityManagerSetupImpl.java:766)
	at org.eclipse.persistence.internal.jpa.EntityManagerFactoryDelegate.getAbstractSession(EntityManagerFactoryDelegate.java:204)
	at org.eclipse.persistence.internal.jpa.EntityManagerFactoryDelegate.getDatabaseSession(EntityManagerFactoryDelegate.java:182)
	at org.eclipse.persistence.internal.jpa.EntityManagerFactoryImpl.getDatabaseSession(EntityManagerFactoryImpl.java:527)
	at org.eclipse.persistence.jpa.PersistenceProvider.createEntityManagerFactoryImpl(PersistenceProvider.java:140)
	at org.eclipse.persistence.jpa.PersistenceProvider.createEntityManagerFactory(PersistenceProvider.java:177)
	at javax.persistence.Persistence.createEntityManagerFactory(Persistence.java:79)
	at javax.persistence.Persistence.createEntityManagerFactory(Persistence.java:54)
	at server.service.ActivitateService.<init>(ActivitateService.java:31)
	at server.gui.ServerFrame.<init>(ServerFrame.java:47)
	at server.Server.main(Server.java:27)
Caused by: Exception [EclipseLink-4002] (Eclipse Persistence Services - 2.5.2.v20140319-9ad6abd): org.eclipse.persistence.exceptions.DatabaseException
Internal Exception: com.mysql.jdbc.exceptions.jdbc4.CommunicationsException: Communications link failure

The last packet sent successfully to the server was 0 milliseconds ago. The driver has not received any packets from the server.
Error Code: 0
	at org.eclipse.persistence.exceptions.DatabaseException.sqlException(DatabaseException.java:331)
	at org.eclipse.persistence.exceptions.DatabaseException.sqlException(DatabaseException.java:326)
	at org.eclipse.persistence.sessions.DefaultConnector.connect(DefaultConnector.java:138)
	at org.eclipse.persistence.sessions.DatasourceLogin.connectToDatasource(DatasourceLogin.java:162)
	at org.eclipse.persistence.internal.sessions.DatabaseSessionImpl.setOrDetectDatasource(DatabaseSessionImpl.java:204)
	at org.eclipse.persistence.internal.sessions.DatabaseSessionImpl.loginAndDetectDatasource(DatabaseSessionImpl.java:741)
	at org.eclipse.persistence.internal.jpa.EntityManagerFactoryProvider.login(EntityManagerFactoryProvider.java:239)
	at org.eclipse.persistence.internal.jpa.EntityManagerSetupImpl.deploy(EntityManagerSetupImpl.java:685)
	... 10 more
Caused by: com.mysql.jdbc.exceptions.jdbc4.CommunicationsException: Communications link failure

The last packet sent successfully to the server was 0 milliseconds ago. The driver has not received any packets from the server.
	at sun.reflect.NativeConstructorAccessorImpl.newInstance0(Native Method)
	at sun.reflect.NativeConstructorAccessorImpl.newInstance(NativeConstructorAccessorImpl.java:62)
	at sun.reflect.DelegatingConstructorAccessorImpl.newInstance(DelegatingConstructorAccessorImpl.java:45)
	at java.lang.reflect.Constructor.newInstance(Constructor.java:423)
	at com.mysql.jdbc.Util.handleNewInstance(Util.java:411)
	at com.mysql.jdbc.SQLError.createCommunicationsException(SQLError.java:1117)
	at com.mysql.jdbc.MysqlIO.<init>(MysqlIO.java:355)
	at com.mysql.jdbc.ConnectionImpl.coreConnect(ConnectionImpl.java:2461)
	at com.mysql.jdbc.ConnectionImpl.connectOneTryOnly(ConnectionImpl.java:2498)
	at com.mysql.jdbc.ConnectionImpl.createNewIO(ConnectionImpl.java:2283)
	at com.mysql.jdbc.ConnectionImpl.<init>(ConnectionImpl.java:822)
	at com.mysql.jdbc.JDBC4Connection.<init>(JDBC4Connection.java:47)
	at sun.reflect.NativeConstructorAccessorImpl.newInstance0(Native Method)
	at sun.reflect.NativeConstructorAccessorImpl.newInstance(NativeConstructorAccessorImpl.java:62)
	at sun.reflect.DelegatingConstructorAccessorImpl.newInstance(DelegatingConstructorAccessorImpl.java:45)
	at java.lang.reflect.Constructor.newInstance(Constructor.java:423)
	at com.mysql.jdbc.Util.handleNewInstance(Util.java:411)
	at com.mysql.jdbc.ConnectionImpl.getInstance(ConnectionImpl.java:404)
	at com.mysql.jdbc.NonRegisteringDriver.connect(NonRegisteringDriver.java:317)
	at java.sql.DriverManager.getConnection(DriverManager.java:664)
	at java.sql.DriverManager.getConnection(DriverManager.java:208)
	at org.eclipse.persistence.sessions.DefaultConnector.connect(DefaultConnector.java:98)
	... 15 more
Caused by: java.net.ConnectException: Connection refused: connect
	at java.net.DualStackPlainSocketImpl.connect0(Native Method)
	at java.net.DualStackPlainSocketImpl.socketConnect(DualStackPlainSocketImpl.java:79)
	at java.net.AbstractPlainSocketImpl.doConnect(AbstractPlainSocketImpl.java:350)
	at java.net.AbstractPlainSocketImpl.connectToAddress(AbstractPlainSocketImpl.java:206)
	at java.net.AbstractPlainSocketImpl.connect(AbstractPlainSocketImpl.java:188)
	at java.net.PlainSocketImpl.connect(PlainSocketImpl.java:172)
	at java.net.SocksSocketImpl.connect(SocksSocketImpl.java:392)
	at java.net.Socket.connect(Socket.java:589)
	at java.net.Socket.connect(Socket.java:538)
	at java.net.Socket.<init>(Socket.java:434)
	at java.net.Socket.<init>(Socket.java:244)
	at com.mysql.jdbc.StandardSocketFactory.connect(StandardSocketFactory.java:259)
	at com.mysql.jdbc.MysqlIO.<init>(MysqlIO.java:305)
	... 30 more
INFO    2018-09-17 11:13:25,283 [AWT-EventQueue-0] server.gui.ServerFrame  122 - S-a orpit serverul!
INFO    2018-09-17 11:13:51,630 [main] server.gui.ServerFrame  38 - A pornit serverul!
ERROR   2018-09-17 11:14:08,692 [main] server.gui.ServerFrame  53 - javax.persistence.PersistenceException: Exception [EclipseLink-4002] (Eclipse Persistence Services - 2.5.2.v20140319-9ad6abd): org.eclipse.persistence.exceptions.DatabaseException
Internal Exception: java.sql.SQLException: Access denied for user 'admin'@'Lenovo' (using password: NO)
Error Code: 1045
javax.persistence.PersistenceException: Exception [EclipseLink-4002] (Eclipse Persistence Services - 2.5.2.v20140319-9ad6abd): org.eclipse.persistence.exceptions.DatabaseException
Internal Exception: java.sql.SQLException: Access denied for user 'admin'@'Lenovo' (using password: NO)
Error Code: 1045
	at org.eclipse.persistence.internal.jpa.EntityManagerSetupImpl.deploy(EntityManagerSetupImpl.java:766)
	at org.eclipse.persistence.internal.jpa.EntityManagerFactoryDelegate.getAbstractSession(EntityManagerFactoryDelegate.java:204)
	at org.eclipse.persistence.internal.jpa.EntityManagerFactoryDelegate.getDatabaseSession(EntityManagerFactoryDelegate.java:182)
	at org.eclipse.persistence.internal.jpa.EntityManagerFactoryImpl.getDatabaseSession(EntityManagerFactoryImpl.java:527)
	at org.eclipse.persistence.jpa.PersistenceProvider.createEntityManagerFactoryImpl(PersistenceProvider.java:140)
	at org.eclipse.persistence.jpa.PersistenceProvider.createEntityManagerFactory(PersistenceProvider.java:177)
	at javax.persistence.Persistence.createEntityManagerFactory(Persistence.java:79)
	at javax.persistence.Persistence.createEntityManagerFactory(Persistence.java:54)
	at server.service.ActivitateService.<init>(ActivitateService.java:31)
	at server.gui.ServerFrame.<init>(ServerFrame.java:47)
	at server.Server.main(Server.java:27)
Caused by: Exception [EclipseLink-4002] (Eclipse Persistence Services - 2.5.2.v20140319-9ad6abd): org.eclipse.persistence.exceptions.DatabaseException
Internal Exception: java.sql.SQLException: Access denied for user 'admin'@'Lenovo' (using password: NO)
Error Code: 1045
	at org.eclipse.persistence.exceptions.DatabaseException.sqlException(DatabaseException.java:331)
	at org.eclipse.persistence.exceptions.DatabaseException.sqlException(DatabaseException.java:326)
	at org.eclipse.persistence.sessions.DefaultConnector.connect(DefaultConnector.java:138)
	at org.eclipse.persistence.sessions.DatasourceLogin.connectToDatasource(DatasourceLogin.java:162)
	at org.eclipse.persistence.internal.sessions.DatabaseSessionImpl.setOrDetectDatasource(DatabaseSessionImpl.java:204)
	at org.eclipse.persistence.internal.sessions.DatabaseSessionImpl.loginAndDetectDatasource(DatabaseSessionImpl.java:741)
	at org.eclipse.persistence.internal.jpa.EntityManagerFactoryProvider.login(EntityManagerFactoryProvider.java:239)
	at org.eclipse.persistence.internal.jpa.EntityManagerSetupImpl.deploy(EntityManagerSetupImpl.java:685)
	... 10 more
Caused by: java.sql.SQLException: Access denied for user 'admin'@'Lenovo' (using password: NO)
	at com.mysql.jdbc.SQLError.createSQLException(SQLError.java:1074)
	at com.mysql.jdbc.MysqlIO.checkErrorPacket(MysqlIO.java:4120)
	at com.mysql.jdbc.MysqlIO.checkErrorPacket(MysqlIO.java:4052)
	at com.mysql.jdbc.MysqlIO.checkErrorPacket(MysqlIO.java:925)
	at com.mysql.jdbc.MysqlIO.proceedHandshakeWithPluggableAuthentication(MysqlIO.java:1704)
	at com.mysql.jdbc.MysqlIO.doHandshake(MysqlIO.java:1250)
	at com.mysql.jdbc.ConnectionImpl.coreConnect(ConnectionImpl.java:2465)
	at com.mysql.jdbc.ConnectionImpl.connectOneTryOnly(ConnectionImpl.java:2498)
	at com.mysql.jdbc.ConnectionImpl.createNewIO(ConnectionImpl.java:2283)
	at com.mysql.jdbc.ConnectionImpl.<init>(ConnectionImpl.java:822)
	at com.mysql.jdbc.JDBC4Connection.<init>(JDBC4Connection.java:47)
	at sun.reflect.NativeConstructorAccessorImpl.newInstance0(Native Method)
	at sun.reflect.NativeConstructorAccessorImpl.newInstance(NativeConstructorAccessorImpl.java:62)
	at sun.reflect.DelegatingConstructorAccessorImpl.newInstance(DelegatingConstructorAccessorImpl.java:45)
	at java.lang.reflect.Constructor.newInstance(Constructor.java:423)
	at com.mysql.jdbc.Util.handleNewInstance(Util.java:411)
	at com.mysql.jdbc.ConnectionImpl.getInstance(ConnectionImpl.java:404)
	at com.mysql.jdbc.NonRegisteringDriver.connect(NonRegisteringDriver.java:317)
	at java.sql.DriverManager.getConnection(DriverManager.java:664)
	at java.sql.DriverManager.getConnection(DriverManager.java:208)
	at org.eclipse.persistence.sessions.DefaultConnector.connect(DefaultConnector.java:98)
	... 15 more
INFO    2018-09-17 11:14:13,935 [AWT-EventQueue-0] server.gui.ServerFrame  122 - S-a orpit serverul!
INFO    2018-09-17 11:14:35,432 [main] server.gui.ServerFrame  38 - A pornit serverul!
INFO    2018-09-17 11:14:41,511 [AWT-EventQueue-0] server.gui.ServerFrame  122 - S-a orpit serverul!
INFO    2018-09-17 11:20:46,524 [main] server.gui.ServerFrame  38 - A pornit serverul!
INFO    2018-09-17 11:20:50,912 [AWT-EventQueue-0] server.gui.ServerFrame  122 - S-a orpit serverul!
INFO    2018-09-17 11:22:24,003 [main] server.gui.ServerFrame  38 - A pornit serverul!
INFO    2018-09-17 11:22:27,419 [AWT-EventQueue-0] server.gui.ServerFrame  122 - S-a orpit serverul!
INFO    2018-09-17 11:22:30,596 [main] server.gui.ServerFrame  38 - A pornit serverul!
INFO    2018-09-17 11:22:33,931 [AWT-EventQueue-0] server.gui.ServerFrame  144 - S-a orpit serverul!
INFO    2018-09-17 11:30:08,976 [main] server.gui.ServerFrame  38 - A pornit serverul!
INFO    2018-09-17 11:30:52,462 [AWT-EventQueue-0] server.gui.ServerFrame  122 - S-a orpit serverul!
INFO    2018-09-17 11:40:30,867 [main] server.gui.ServerFrame  38 - A pornit serverul!
INFO    2018-09-17 11:41:15,419 [AWT-EventQueue-0] server.gui.ServerFrame  122 - S-a orpit serverul!
INFO    2018-09-17 11:42:06,665 [AWT-EventQueue-0] server.gui.ServerFrame  144 - S-a orpit serverul!
INFO    2018-09-17 11:42:13,451 [main] server.gui.ServerFrame  38 - A pornit serverul!
INFO    2018-09-17 11:42:16,482 [AWT-EventQueue-0] server.gui.ServerFrame  122 - S-a orpit serverul!
INFO    2018-09-17 11:42:24,505 [main] server.gui.ServerFrame  38 - A pornit serverul!
INFO    2018-09-17 11:42:27,604 [AWT-EventQueue-0] server.gui.ServerFrame  122 - S-a orpit serverul!
INFO    2018-09-17 11:42:32,085 [main] server.gui.ServerFrame  38 - A pornit serverul!
INFO    2018-09-17 11:42:34,787 [AWT-EventQueue-0] server.gui.ServerFrame  122 - S-a orpit serverul!
INFO    2018-09-17 11:42:37,787 [main] server.gui.ServerFrame  38 - A pornit serverul!
INFO    2018-09-17 11:42:50,788 [AWT-EventQueue-0] server.gui.ServerFrame  122 - S-a orpit serverul!
INFO    2018-09-17 11:42:54,265 [AWT-EventQueue-0] server.gui.ServerFrame  144 - S-a orpit serverul!
INFO    2018-09-17 11:43:05,650 [main] server.gui.ServerFrame  38 - A pornit serverul!
INFO    2018-09-17 11:43:21,172 [AWT-EventQueue-0] server.gui.ServerFrame  122 - S-a orpit serverul!
INFO    2018-09-17 11:43:40,116 [main] server.gui.ServerFrame  38 - A pornit serverul!
INFO    2018-09-17 11:43:56,481 [AWT-EventQueue-0] server.gui.ServerFrame  122 - S-a orpit serverul!
INFO    2018-09-17 11:56:47,956 [main] server.gui.ServerFrame  38 - A pornit serverul!
INFO    2018-09-17 12:06:58,520 [main] server.gui.ServerFrame  38 - A pornit serverul!
INFO    2018-09-17 12:07:27,154 [AWT-EventQueue-0] server.gui.ServerFrame  122 - S-a orpit serverul!
INFO    2018-09-17 12:09:02,672 [main] server.gui.ServerFrame  38 - A pornit serverul!
INFO    2018-09-17 12:09:05,292 [main] server.gui.ServerFrame  38 - A pornit serverul!
INFO    2018-09-17 12:09:26,078 [AWT-EventQueue-0] server.gui.ServerFrame  122 - S-a orpit serverul!
