INFO    2018-09-14 13:59:59,226 [main] server.gui.ServerFrame  37 - A pornit serverul!
INFO    2018-09-14 15:15:43,451 [main] server.gui.ServerFrame  37 - A pornit serverul!
INFO    2018-09-14 15:15:59,154 [AWT-EventQueue-0] server.gui.ServerFrame  121 - S-a orpit serverul!
INFO    2018-09-14 15:16:27,680 [main] server.gui.ServerFrame  37 - A pornit serverul!
INFO    2018-09-14 15:23:12,630 [AWT-EventQueue-0] server.gui.ServerFrame  121 - S-a orpit serverul!
INFO    2018-09-14 15:23:16,746 [main] server.gui.ServerFrame  37 - A pornit serverul!
INFO    2018-09-14 15:25:13,541 [AWT-EventQueue-0] server.gui.ServerFrame  121 - S-a orpit serverul!
INFO    2018-09-14 15:42:51,384 [main] server.gui.ServerFrame  37 - A pornit serverul!
INFO    2018-09-14 15:42:55,872 [main] server.gui.ServerFrame  37 - A pornit serverul!
INFO    2018-09-14 15:44:44,373 [AWT-EventQueue-0] server.gui.ServerFrame  121 - S-a orpit serverul!
INFO    2018-09-14 16:34:54,390 [main] server.gui.ServerFrame  38 - A pornit serverul!
INFO    2018-09-14 17:14:26,627 [main] server.gui.ServerFrame  38 - A pornit serverul!
INFO    2018-09-14 18:08:34,045 [AWT-EventQueue-0] server.gui.ServerFrame  122 - S-a orpit serverul!
INFO    2018-09-14 18:08:39,507 [main] server.gui.ServerFrame  38 - A pornit serverul!
INFO    2018-09-14 18:11:56,140 [AWT-EventQueue-0] server.gui.ServerFrame  122 - S-a orpit serverul!
INFO    2018-09-14 18:11:57,158 [AWT-EventQueue-0] server.gui.ServerFrame  122 - S-a orpit serverul!
INFO    2018-09-14 18:45:22,136 [main] server.gui.ServerFrame  38 - A pornit serverul!
ERROR   2018-09-14 18:49:01,376 [RMI TCP Connection(5)-192.168.1.101] server.dao.DictionarDao  39 - Nu a fost gasit codul in dictionar!
javax.persistence.NoResultException: getSingleResult() did not retrieve any entities.
	at org.eclipse.persistence.internal.jpa.QueryImpl.throwNoResultException(QueryImpl.java:972)
	at org.eclipse.persistence.internal.jpa.QueryImpl.getSingleResult(QueryImpl.java:531)
	at org.eclipse.persistence.internal.jpa.EJBQueryImpl.getSingleResult(EJBQueryImpl.java:400)
	at server.dao.DictionarDao.findByCod(DictionarDao.java:36)
	at server.service.DictionarService.findByCod(DictionarService.java:32)
	at sun.reflect.NativeMethodAccessorImpl.invoke0(Native Method)
	at sun.reflect.NativeMethodAccessorImpl.invoke(NativeMethodAccessorImpl.java:62)
	at sun.reflect.DelegatingMethodAccessorImpl.invoke(DelegatingMethodAccessorImpl.java:43)
	at java.lang.reflect.Method.invoke(Method.java:498)
	at sun.rmi.server.UnicastServerRef.dispatch(UnicastServerRef.java:357)
	at sun.rmi.transport.Transport$1.run(Transport.java:200)
	at sun.rmi.transport.Transport$1.run(Transport.java:197)
	at java.security.AccessController.doPrivileged(Native Method)
	at sun.rmi.transport.Transport.serviceCall(Transport.java:196)
	at sun.rmi.transport.tcp.TCPTransport.handleMessages(TCPTransport.java:568)
	at sun.rmi.transport.tcp.TCPTransport$ConnectionHandler.run0(TCPTransport.java:826)
	at sun.rmi.transport.tcp.TCPTransport$ConnectionHandler.lambda$run$0(TCPTransport.java:683)
	at java.security.AccessController.doPrivileged(Native Method)
	at sun.rmi.transport.tcp.TCPTransport$ConnectionHandler.run(TCPTransport.java:682)
	at java.util.concurrent.ThreadPoolExecutor.runWorker(ThreadPoolExecutor.java:1149)
	at java.util.concurrent.ThreadPoolExecutor$Worker.run(ThreadPoolExecutor.java:624)
	at java.lang.Thread.run(Thread.java:748)
INFO    2018-09-14 18:58:51,436 [AWT-EventQueue-0] server.gui.ServerFrame  122 - S-a orpit serverul!
INFO    2018-09-14 18:58:54,377 [AWT-EventQueue-0] server.gui.ServerFrame  122 - S-a orpit serverul!
