INFO    2019-05-11 10:41:47,628 [main] server.gui.ServerFrame  38 - A pornit serverul!
INFO    2019-05-11 10:46:49,016 [main] server.gui.ServerFrame  38 - A pornit serverul!
INFO    2019-05-11 11:36:31,211 [main] server.gui.ServerFrame  38 - A pornit serverul!
INFO    2019-05-11 11:38:45,333 [main] server.gui.ServerFrame  38 - A pornit serverul!
INFO    2019-05-11 11:40:44,733 [main] server.gui.ServerFrame  38 - A pornit serverul!
INFO    2019-05-11 11:41:34,737 [main] server.gui.ServerFrame  38 - A pornit serverul!
INFO    2019-05-11 11:42:33,394 [main] server.gui.ServerFrame  38 - A pornit serverul!
INFO    2019-05-11 11:43:40,189 [main] server.gui.ServerFrame  38 - A pornit serverul!
INFO    2019-05-11 11:46:36,335 [main] server.gui.ServerFrame  38 - A pornit serverul!
INFO    2019-05-11 11:58:13,666 [main] server.gui.ServerFrame  38 - A pornit serverul!
ERROR   2019-05-11 11:58:13,886 [main] server.gui.ServerFrame  56 - java.rmi.server.ExportException: Port already in use: 4444; nested exception is: 
	java.net.BindException: Address already in use: JVM_Bind
java.rmi.server.ExportException: Port already in use: 4444; nested exception is: 
	java.net.BindException: Address already in use: JVM_Bind
	at sun.rmi.transport.tcp.TCPTransport.listen(TCPTransport.java:346)
	at sun.rmi.transport.tcp.TCPTransport.exportObject(TCPTransport.java:254)
	at sun.rmi.transport.tcp.TCPEndpoint.exportObject(TCPEndpoint.java:411)
	at sun.rmi.transport.LiveRef.exportObject(LiveRef.java:147)
	at sun.rmi.server.UnicastServerRef.exportObject(UnicastServerRef.java:236)
	at sun.rmi.registry.RegistryImpl.setup(RegistryImpl.java:213)
	at sun.rmi.registry.RegistryImpl.<init>(RegistryImpl.java:198)
	at java.rmi.registry.LocateRegistry.createRegistry(LocateRegistry.java:203)
	at server.Server.main(Server.java:45)
Caused by: java.net.BindException: Address already in use: JVM_Bind
	at java.net.DualStackPlainSocketImpl.bind0(Native Method)
	at java.net.DualStackPlainSocketImpl.socketBind(DualStackPlainSocketImpl.java:106)
	at java.net.AbstractPlainSocketImpl.bind(AbstractPlainSocketImpl.java:387)
	at java.net.PlainSocketImpl.bind(PlainSocketImpl.java:190)
	at java.net.ServerSocket.bind(ServerSocket.java:375)
	at java.net.ServerSocket.<init>(ServerSocket.java:237)
	at java.net.ServerSocket.<init>(ServerSocket.java:128)
	at sun.rmi.transport.proxy.RMIDirectSocketFactory.createServerSocket(RMIDirectSocketFactory.java:45)
	at sun.rmi.transport.proxy.RMIMasterSocketFactory.createServerSocket(RMIMasterSocketFactory.java:345)
	at sun.rmi.transport.tcp.TCPEndpoint.newServerSocket(TCPEndpoint.java:666)
	at sun.rmi.transport.tcp.TCPTransport.listen(TCPTransport.java:335)
	... 8 more
INFO    2019-05-11 11:58:13,888 [main] server.gui.ServerFrame  57 - S-a inchis serverul cu eroare!
INFO    2019-05-11 11:58:26,015 [main] server.gui.ServerFrame  38 - A pornit serverul!
INFO    2019-05-11 12:00:59,434 [main] server.gui.ServerFrame  38 - A pornit serverul!
INFO    2019-05-11 12:01:39,800 [main] server.gui.ServerFrame  38 - A pornit serverul!
INFO    2019-05-11 12:03:47,392 [main] server.gui.ServerFrame  38 - A pornit serverul!
INFO    2019-05-11 12:05:19,354 [main] server.gui.ServerFrame  38 - A pornit serverul!
INFO    2019-05-11 13:01:21,299 [main] server.gui.ServerFrame  38 - A pornit serverul!
INFO    2019-05-11 13:02:35,317 [main] server.gui.ServerFrame  38 - A pornit serverul!
INFO    2019-05-11 13:03:50,131 [main] server.gui.ServerFrame  38 - A pornit serverul!
INFO    2019-05-11 13:11:16,718 [main] server.gui.ServerFrame  38 - A pornit serverul!
INFO    2019-05-11 13:14:30,131 [main] server.gui.ServerFrame  38 - A pornit serverul!
INFO    2019-05-11 13:25:59,649 [main] server.gui.ServerFrame  38 - A pornit serverul!
INFO    2019-05-11 21:53:35,293 [main] server.gui.ServerFrame  38 - A pornit serverul!
INFO    2019-05-11 22:08:23,305 [main] server.gui.ServerFrame  38 - A pornit serverul!
INFO    2019-05-11 22:14:13,790 [main] server.gui.ServerFrame  38 - A pornit serverul!
INFO    2019-05-11 22:15:28,435 [main] server.gui.ServerFrame  38 - A pornit serverul!
