INFO    2018-08-01 09:32:23,574 [main] server.gui.ServerFrame  37 - A pornit serverul!
ERROR   2018-08-01 09:41:56,237 [RMI TCP Connection(12)-192.168.153.124] server.dao.DictionarDao  39 - Nu a fost gasit codul in dictionar!
javax.persistence.NoResultException: getSingleResult() did not retrieve any entities.
	at org.eclipse.persistence.internal.jpa.QueryImpl.throwNoResultException(QueryImpl.java:972)
	at org.eclipse.persistence.internal.jpa.QueryImpl.getSingleResult(QueryImpl.java:531)
	at org.eclipse.persistence.internal.jpa.EJBQueryImpl.getSingleResult(EJBQueryImpl.java:400)
	at server.dao.DictionarDao.findByCod(DictionarDao.java:36)
	at server.service.DictionarService.findByCod(DictionarService.java:32)
	at sun.reflect.NativeMethodAccessorImpl.invoke0(Native Method)
	at sun.reflect.NativeMethodAccessorImpl.invoke(NativeMethodAccessorImpl.java:62)
	at sun.reflect.DelegatingMethodAccessorImpl.invoke(DelegatingMethodAccessorImpl.java:43)
	at java.lang.reflect.Method.invoke(Method.java:498)
	at sun.rmi.server.UnicastServerRef.dispatch(UnicastServerRef.java:357)
	at sun.rmi.transport.Transport$1.run(Transport.java:200)
	at sun.rmi.transport.Transport$1.run(Transport.java:197)
	at java.security.AccessController.doPrivileged(Native Method)
	at sun.rmi.transport.Transport.serviceCall(Transport.java:196)
	at sun.rmi.transport.tcp.TCPTransport.handleMessages(TCPTransport.java:568)
	at sun.rmi.transport.tcp.TCPTransport$ConnectionHandler.run0(TCPTransport.java:826)
	at sun.rmi.transport.tcp.TCPTransport$ConnectionHandler.lambda$run$0(TCPTransport.java:683)
	at java.security.AccessController.doPrivileged(Native Method)
	at sun.rmi.transport.tcp.TCPTransport$ConnectionHandler.run(TCPTransport.java:682)
	at java.util.concurrent.ThreadPoolExecutor.runWorker(ThreadPoolExecutor.java:1149)
	at java.util.concurrent.ThreadPoolExecutor$Worker.run(ThreadPoolExecutor.java:624)
	at java.lang.Thread.run(Thread.java:748)
INFO    2018-08-01 09:53:45,328 [AWT-EventQueue-0] server.gui.ServerFrame  121 - S-a orpit serverul!
INFO    2018-08-01 10:01:08,874 [main] server.gui.ServerFrame  37 - A pornit serverul!
INFO    2018-08-01 10:07:00,427 [AWT-EventQueue-0] server.gui.ServerFrame  121 - S-a orpit serverul!
INFO    2018-08-01 10:12:21,669 [main] server.gui.ServerFrame  37 - A pornit serverul!
INFO    2018-08-01 15:06:11,556 [AWT-EventQueue-0] server.gui.ServerFrame  121 - S-a orpit serverul!
INFO    2018-08-01 15:06:18,686 [main] server.gui.ServerFrame  37 - A pornit serverul!
INFO    2018-08-01 15:07:42,948 [AWT-EventQueue-0] server.gui.ServerFrame  121 - S-a orpit serverul!
INFO    2018-08-01 15:07:47,480 [main] server.gui.ServerFrame  37 - A pornit serverul!
INFO    2018-08-01 15:10:49,015 [AWT-EventQueue-0] server.gui.ServerFrame  121 - S-a orpit serverul!
INFO    2018-08-01 15:11:06,297 [main] server.gui.ServerFrame  37 - A pornit serverul!
INFO    2018-08-01 15:14:13,685 [AWT-EventQueue-0] server.gui.ServerFrame  121 - S-a orpit serverul!
INFO    2018-08-01 15:14:20,046 [main] server.gui.ServerFrame  37 - A pornit serverul!
INFO    2018-08-01 15:14:38,165 [AWT-EventQueue-0] server.gui.ServerFrame  121 - S-a orpit serverul!
INFO    2018-08-01 15:14:42,840 [main] server.gui.ServerFrame  37 - A pornit serverul!
INFO    2018-08-01 15:15:22,260 [AWT-EventQueue-0] server.gui.ServerFrame  121 - S-a orpit serverul!
INFO    2018-08-01 15:15:25,576 [main] server.gui.ServerFrame  37 - A pornit serverul!
INFO    2018-08-01 15:17:42,350 [AWT-EventQueue-0] server.gui.ServerFrame  121 - S-a orpit serverul!
INFO    2018-08-01 15:17:47,570 [main] server.gui.ServerFrame  37 - A pornit serverul!
INFO    2018-08-01 15:19:04,068 [AWT-EventQueue-0] server.gui.ServerFrame  121 - S-a orpit serverul!
INFO    2018-08-01 15:19:08,679 [main] server.gui.ServerFrame  37 - A pornit serverul!
INFO    2018-08-01 16:25:34,732 [AWT-EventQueue-0] server.gui.ServerFrame  121 - S-a orpit serverul!
INFO    2018-08-01 18:32:16,140 [main] server.gui.ServerFrame  37 - A pornit serverul!
INFO    2018-08-01 18:32:59,980 [AWT-EventQueue-0] server.gui.ServerFrame  121 - S-a orpit serverul!
INFO    2018-08-01 18:35:01,079 [main] server.gui.ServerFrame  37 - A pornit serverul!
INFO    2018-08-01 18:35:50,572 [AWT-EventQueue-0] server.gui.ServerFrame  121 - S-a orpit serverul!
INFO    2018-08-01 18:36:48,905 [main] server.gui.ServerFrame  37 - A pornit serverul!
INFO    2018-08-01 18:39:43,484 [AWT-EventQueue-0] server.gui.ServerFrame  121 - S-a orpit serverul!
INFO    2018-08-01 18:39:48,551 [main] server.gui.ServerFrame  37 - A pornit serverul!
INFO    2018-08-01 18:42:48,749 [AWT-EventQueue-0] server.gui.ServerFrame  121 - S-a orpit serverul!
INFO    2018-08-01 18:42:52,918 [main] server.gui.ServerFrame  37 - A pornit serverul!
INFO    2018-08-01 18:43:11,585 [AWT-EventQueue-0] server.gui.ServerFrame  121 - S-a orpit serverul!
