INFO    2019-10-11 13:04:11,817 [AWT-EventQueue-0] client.gui.AdminFrame  53 - A pornit aplicatia!
INFO    2019-10-11 13:04:20,081 [AWT-EventQueue-0] client.gui.ClientFrame  119 - Andonii Octavian a pornit aplicatia! 192.168.100.13
INFO    2019-10-11 13:04:20,082 [AWT-EventQueue-0] client.gui.ClientFrame  123 - Andonii Octavian a dat subscribe!
INFO    2019-10-11 13:04:20,098 [AWT-EventQueue-0] client.gui.ClientFrame  127 - Andonii Octavian si-a luat ultima activitate!
INFO    2019-10-11 13:04:36,518 [AWT-EventQueue-0] client.gui.ClientFrame  1121 - Andonii Octavian a oprit aplicatia!
INFO    2019-10-11 13:04:37,409 [AWT-EventQueue-0] client.gui.AdminFrame  449 - S-a oprit aplicatia!
INFO    2019-10-11 13:19:30,029 [AWT-EventQueue-0] client.gui.AdminFrame  53 - A pornit aplicatia!
INFO    2019-10-11 13:20:15,643 [AWT-EventQueue-0] client.gui.AdminFrame  458 - S-a oprit aplicatia!
INFO    2019-10-11 13:30:59,065 [AWT-EventQueue-0] client.gui.AdminFrame  53 - A pornit aplicatia!
INFO    2019-10-11 13:31:49,183 [AWT-EventQueue-0] client.gui.AdminFrame  458 - S-a oprit aplicatia!
INFO    2019-10-11 13:34:14,382 [AWT-EventQueue-0] client.gui.AdminFrame  53 - A pornit aplicatia!
INFO    2019-10-11 13:38:13,401 [AWT-EventQueue-0] client.gui.AdminFrame  458 - S-a oprit aplicatia!
INFO    2019-10-11 13:38:28,265 [AWT-EventQueue-0] client.gui.AdminFrame  53 - A pornit aplicatia!
INFO    2019-10-11 13:38:48,383 [AWT-EventQueue-0] client.gui.AdminFrame  458 - S-a oprit aplicatia!
INFO    2019-10-11 13:48:45,996 [AWT-EventQueue-0] client.gui.AdminFrame  53 - A pornit aplicatia!
INFO    2019-10-11 13:49:10,743 [AWT-EventQueue-0] client.gui.AdminFrame  458 - S-a oprit aplicatia!
INFO    2019-10-11 13:49:41,932 [AWT-EventQueue-0] client.gui.AdminFrame  53 - A pornit aplicatia!
INFO    2019-10-11 13:50:25,914 [AWT-EventQueue-0] client.gui.AdminFrame  458 - S-a oprit aplicatia!
INFO    2019-10-11 13:53:09,703 [AWT-EventQueue-0] client.gui.AdminFrame  53 - A pornit aplicatia!
INFO    2019-10-11 13:59:40,928 [AWT-EventQueue-0] client.gui.AdminFrame  458 - S-a oprit aplicatia!
INFO    2019-10-11 14:01:55,504 [AWT-EventQueue-0] client.gui.AdminFrame  53 - A pornit aplicatia!
INFO    2019-10-11 14:02:26,646 [AWT-EventQueue-0] client.gui.AdminFrame  458 - S-a oprit aplicatia!
INFO    2019-10-11 14:03:01,733 [AWT-EventQueue-0] client.gui.AdminFrame  53 - A pornit aplicatia!
INFO    2019-10-11 14:03:18,856 [AWT-EventQueue-0] client.gui.AdminFrame  458 - S-a oprit aplicatia!
INFO    2019-10-11 14:04:20,070 [AWT-EventQueue-0] client.gui.AdminFrame  53 - A pornit aplicatia!
INFO    2019-10-11 14:15:14,320 [AWT-EventQueue-0] client.gui.AdminFrame  458 - S-a oprit aplicatia!
INFO    2019-10-11 14:21:27,805 [AWT-EventQueue-0] client.gui.AdminFrame  53 - A pornit aplicatia!
INFO    2019-10-11 14:22:13,781 [AWT-EventQueue-0] client.gui.AdminFrame  458 - S-a oprit aplicatia!
INFO    2019-10-11 14:22:54,599 [AWT-EventQueue-0] client.gui.AdminFrame  53 - A pornit aplicatia!
INFO    2019-10-11 14:24:06,952 [AWT-EventQueue-0] client.gui.AdminFrame  458 - S-a oprit aplicatia!
INFO    2019-10-11 15:15:43,598 [AWT-EventQueue-0] client.gui.AdminFrame  53 - A pornit aplicatia!
INFO    2019-10-11 15:16:46,991 [AWT-EventQueue-0] client.gui.AdminFrame  458 - S-a oprit aplicatia!
INFO    2019-10-11 15:44:01,545 [AWT-EventQueue-0] client.gui.AdminFrame  53 - A pornit aplicatia!
INFO    2019-10-11 15:45:18,484 [AWT-EventQueue-0] client.gui.ClientFrame  119 - Cristiana Cristiana a pornit aplicatia! 192.168.153.50
INFO    2019-10-11 15:45:18,485 [AWT-EventQueue-0] client.gui.ClientFrame  123 - Cristiana Cristiana a dat subscribe!
INFO    2019-10-11 15:45:18,517 [AWT-EventQueue-0] client.gui.ClientFrame  127 - Cristiana Cristiana si-a luat ultima activitate!
INFO    2019-10-11 15:45:22,907 [AWT-EventQueue-0] client.gui.ClientFrame  1121 - Cristiana Cristiana a oprit aplicatia!
INFO    2019-10-11 15:45:23,734 [AWT-EventQueue-0] client.gui.AdminFrame  458 - S-a oprit aplicatia!
INFO    2019-10-11 15:47:02,614 [AWT-EventQueue-0] client.gui.AdminFrame  53 - A pornit aplicatia!
INFO    2019-10-11 15:48:15,182 [AWT-EventQueue-0] client.gui.AdminFrame  458 - S-a oprit aplicatia!
INFO    2019-10-11 15:49:48,165 [AWT-EventQueue-0] client.gui.AdminFrame  53 - A pornit aplicatia!
INFO    2019-10-11 15:51:29,829 [AWT-EventQueue-0] client.gui.AdminFrame  458 - S-a oprit aplicatia!
INFO    2019-10-11 15:56:35,663 [AWT-EventQueue-0] client.gui.AdminFrame  53 - A pornit aplicatia!
INFO    2019-10-11 15:57:00,402 [AWT-EventQueue-0] client.gui.AdminFrame  458 - S-a oprit aplicatia!
INFO    2019-10-11 15:57:09,222 [AWT-EventQueue-0] client.gui.AdminFrame  53 - A pornit aplicatia!
INFO    2019-10-11 15:59:51,305 [AWT-EventQueue-0] client.gui.AdminFrame  458 - S-a oprit aplicatia!
