INFO    2020-06-28 11:11:40,549 [AWT-EventQueue-0] client.gui.AdminFrame  53 - A pornit aplicatia!
INFO    2020-06-28 11:11:55,011 [AWT-EventQueue-0] client.gui.AdminFrame  458 - S-a oprit aplicatia!
INFO    2020-06-28 11:12:21,642 [AWT-EventQueue-0] client.gui.AdminFrame  53 - A pornit aplicatia!
INFO    2020-06-28 11:12:26,548 [AWT-EventQueue-0] client.gui.AdminFrame  460 - S-a oprit aplicatia!
INFO    2020-06-28 11:12:43,976 [AWT-EventQueue-0] client.gui.AdminFrame  53 - A pornit aplicatia!
INFO    2020-06-28 11:12:46,734 [AWT-EventQueue-0] client.gui.AdminFrame  460 - S-a oprit aplicatia!
INFO    2020-06-28 11:13:02,143 [AWT-EventQueue-0] client.gui.AdminFrame  53 - A pornit aplicatia!
INFO    2020-06-28 11:13:04,935 [AWT-EventQueue-0] client.gui.AdminFrame  461 - S-a oprit aplicatia!
INFO    2020-06-28 11:13:26,851 [AWT-EventQueue-0] client.gui.AdminFrame  53 - A pornit aplicatia!
INFO    2020-06-28 11:13:37,440 [AWT-EventQueue-0] client.gui.AdminFrame  376 - S-a oprit aplicatia!
INFO    2020-06-28 11:14:32,103 [AWT-EventQueue-0] client.gui.AdminFrame  53 - A pornit aplicatia!
INFO    2020-06-28 11:14:40,498 [AWT-EventQueue-0] client.gui.AdminFrame  467 - S-a oprit aplicatia!
INFO    2020-06-28 11:16:03,916 [AWT-EventQueue-0] client.gui.AdminFrame  53 - A pornit aplicatia!
INFO    2020-06-28 11:16:09,002 [AWT-EventQueue-0] client.gui.AdminFrame  484 - S-a oprit aplicatia!
INFO    2020-06-28 11:16:40,394 [AWT-EventQueue-0] client.gui.AdminFrame  53 - A pornit aplicatia!
INFO    2020-06-28 11:16:47,647 [AWT-EventQueue-0] client.gui.AdminFrame  484 - S-a oprit aplicatia!
INFO    2020-06-28 11:17:08,326 [AWT-EventQueue-0] client.gui.AdminFrame  53 - A pornit aplicatia!
INFO    2020-06-28 11:17:10,645 [AWT-EventQueue-0] client.gui.AdminFrame  484 - S-a oprit aplicatia!
INFO    2020-06-28 11:17:51,119 [AWT-EventQueue-0] client.gui.AdminFrame  53 - A pornit aplicatia!
INFO    2020-06-28 11:17:55,778 [AWT-EventQueue-0] client.gui.AdminFrame  485 - S-a oprit aplicatia!
INFO    2020-06-28 11:18:24,895 [AWT-EventQueue-0] client.gui.AdminFrame  53 - A pornit aplicatia!
INFO    2020-06-28 11:18:27,632 [AWT-EventQueue-0] client.gui.AdminFrame  486 - S-a oprit aplicatia!
INFO    2020-06-28 11:18:47,513 [AWT-EventQueue-0] client.gui.AdminFrame  53 - A pornit aplicatia!
INFO    2020-06-28 11:18:50,389 [AWT-EventQueue-0] client.gui.AdminFrame  486 - S-a oprit aplicatia!
INFO    2020-06-28 11:19:09,697 [AWT-EventQueue-0] client.gui.AdminFrame  53 - A pornit aplicatia!
INFO    2020-06-28 11:19:12,990 [AWT-EventQueue-0] client.gui.AdminFrame  486 - S-a oprit aplicatia!
INFO    2020-06-28 11:20:14,740 [AWT-EventQueue-0] client.gui.AdminFrame  53 - A pornit aplicatia!
INFO    2020-06-28 11:20:20,791 [AWT-EventQueue-0] client.gui.AdminFrame  487 - S-a oprit aplicatia!
INFO    2020-06-28 11:20:42,248 [AWT-EventQueue-0] client.gui.AdminFrame  53 - A pornit aplicatia!
INFO    2020-06-28 11:20:47,680 [AWT-EventQueue-0] client.gui.AdminFrame  487 - S-a oprit aplicatia!
INFO    2020-06-28 11:21:06,504 [AWT-EventQueue-0] client.gui.AdminFrame  53 - A pornit aplicatia!
INFO    2020-06-28 11:21:17,089 [AWT-EventQueue-0] client.gui.AdminFrame  486 - S-a oprit aplicatia!
INFO    2020-06-28 11:22:45,281 [AWT-EventQueue-0] client.gui.AdminFrame  53 - A pornit aplicatia!
INFO    2020-06-28 11:22:50,504 [AWT-EventQueue-0] client.gui.AdminFrame  487 - S-a oprit aplicatia!
INFO    2020-06-28 11:24:24,541 [AWT-EventQueue-0] client.gui.AdminFrame  53 - A pornit aplicatia!
INFO    2020-06-28 11:24:32,886 [AWT-EventQueue-0] client.gui.AdminFrame  487 - S-a oprit aplicatia!
INFO    2020-06-28 11:25:11,327 [AWT-EventQueue-0] client.gui.AdminFrame  53 - A pornit aplicatia!
INFO    2020-06-28 11:25:19,780 [AWT-EventQueue-0] client.gui.AdminFrame  471 - S-a oprit aplicatia!
INFO    2020-06-28 11:25:53,263 [AWT-EventQueue-0] client.gui.AdminFrame  53 - A pornit aplicatia!
INFO    2020-06-28 11:26:01,130 [AWT-EventQueue-0] client.gui.AdminFrame  471 - S-a oprit aplicatia!
INFO    2020-06-28 11:26:11,701 [AWT-EventQueue-0] client.gui.AdminFrame  53 - A pornit aplicatia!
INFO    2020-06-28 11:26:24,860 [AWT-EventQueue-0] client.gui.AdminFrame  471 - S-a oprit aplicatia!
INFO    2020-06-28 11:26:55,401 [AWT-EventQueue-0] client.gui.AdminFrame  53 - A pornit aplicatia!
INFO    2020-06-28 11:27:04,603 [AWT-EventQueue-0] client.gui.AdminFrame  472 - S-a oprit aplicatia!
INFO    2020-06-28 11:58:01,339 [AWT-EventQueue-0] client.gui.AdminFrame  53 - A pornit aplicatia!
INFO    2020-06-28 11:58:18,448 [AWT-EventQueue-0] client.gui.AdminFrame  490 - S-a oprit aplicatia!
INFO    2020-06-28 11:58:36,730 [AWT-EventQueue-0] client.gui.AdminFrame  53 - A pornit aplicatia!
INFO    2020-06-28 11:58:41,882 [AWT-EventQueue-0] client.gui.AdminFrame  491 - S-a oprit aplicatia!
INFO    2020-06-28 11:59:13,127 [AWT-EventQueue-0] client.gui.AdminFrame  53 - A pornit aplicatia!
INFO    2020-06-28 11:59:54,496 [AWT-EventQueue-0] client.gui.AdminFrame  493 - S-a oprit aplicatia!
INFO    2020-06-28 12:00:00,829 [AWT-EventQueue-0] client.gui.AdminFrame  53 - A pornit aplicatia!
INFO    2020-06-28 12:00:22,128 [AWT-EventQueue-0] client.gui.AdminFrame  505 - S-a oprit aplicatia!
INFO    2020-06-28 12:00:50,351 [AWT-EventQueue-0] client.gui.AdminFrame  53 - A pornit aplicatia!
INFO    2020-06-28 12:00:58,680 [AWT-EventQueue-0] client.gui.AdminFrame  504 - S-a oprit aplicatia!
INFO    2020-06-28 12:01:18,283 [AWT-EventQueue-0] client.gui.AdminFrame  53 - A pornit aplicatia!
INFO    2020-06-28 12:01:30,972 [AWT-EventQueue-0] client.gui.AdminFrame  513 - S-a oprit aplicatia!
INFO    2020-06-28 12:01:54,509 [AWT-EventQueue-0] client.gui.AdminFrame  53 - A pornit aplicatia!
INFO    2020-06-28 12:02:10,793 [AWT-EventQueue-0] client.gui.AdminFrame  519 - S-a oprit aplicatia!
INFO    2020-06-28 12:02:49,086 [AWT-EventQueue-0] client.gui.AdminFrame  53 - A pornit aplicatia!
INFO    2020-06-28 12:02:56,856 [AWT-EventQueue-0] client.gui.AdminFrame  519 - S-a oprit aplicatia!
INFO    2020-06-28 12:03:45,500 [AWT-EventQueue-0] client.gui.AdminFrame  53 - A pornit aplicatia!
INFO    2020-06-28 12:03:56,148 [AWT-EventQueue-0] client.gui.AdminFrame  519 - S-a oprit aplicatia!
INFO    2020-06-28 12:05:38,023 [AWT-EventQueue-0] client.gui.AdminFrame  53 - A pornit aplicatia!
INFO    2020-06-28 12:05:50,570 [AWT-EventQueue-0] client.gui.AdminFrame  519 - S-a oprit aplicatia!
INFO    2020-06-28 12:06:07,815 [AWT-EventQueue-0] client.gui.AdminFrame  53 - A pornit aplicatia!
INFO    2020-06-28 12:06:15,634 [AWT-EventQueue-0] client.gui.AdminFrame  519 - S-a oprit aplicatia!
INFO    2020-06-28 12:24:42,376 [AWT-EventQueue-0] client.gui.AdminFrame  53 - A pornit aplicatia!
INFO    2020-06-28 12:24:53,877 [AWT-EventQueue-0] client.gui.AdminFrame  519 - S-a oprit aplicatia!
INFO    2020-06-28 12:25:46,841 [AWT-EventQueue-0] client.gui.AdminFrame  53 - A pornit aplicatia!
INFO    2020-06-28 12:26:01,339 [AWT-EventQueue-0] client.gui.AdminFrame  433 - S-a oprit aplicatia!
INFO    2020-06-28 12:30:53,215 [AWT-EventQueue-0] client.gui.AdminFrame  53 - A pornit aplicatia!
ERROR   2020-06-28 12:31:25,568 [AWT-EventQueue-0] client.gui.AdminFrame  223 - java.lang.NullPointerException
INFO    2020-06-28 12:35:45,856 [AWT-EventQueue-0] client.gui.AdminFrame  519 - S-a oprit aplicatia!
INFO    2020-06-28 12:35:59,175 [AWT-EventQueue-0] client.gui.AdminFrame  53 - A pornit aplicatia!
INFO    2020-06-28 12:36:57,936 [AWT-EventQueue-0] client.gui.AdminFrame  519 - S-a oprit aplicatia!
INFO    2020-06-28 12:37:57,389 [AWT-EventQueue-0] client.gui.ClientFrame  120 - Rang Razvan a pornit aplicatia! 192.168.85.1
INFO    2020-06-28 12:37:57,392 [AWT-EventQueue-0] client.gui.ClientFrame  124 - Rang Razvan a dat subscribe!
INFO    2020-06-28 12:37:57,401 [AWT-EventQueue-0] client.gui.ClientFrame  128 - Rang Razvan si-a luat ultima activitate!
INFO    2020-06-28 12:37:59,416 [AWT-EventQueue-0] client.gui.ClientFrame  1122 - Rang Razvan a oprit aplicatia!
INFO    2020-06-28 12:38:13,001 [AWT-EventQueue-0] client.gui.ClientFrame  120 - Rang Razvan a pornit aplicatia! 192.168.85.1
INFO    2020-06-28 12:38:13,004 [AWT-EventQueue-0] client.gui.ClientFrame  124 - Rang Razvan a dat subscribe!
INFO    2020-06-28 12:38:13,015 [AWT-EventQueue-0] client.gui.ClientFrame  128 - Rang Razvan si-a luat ultima activitate!
INFO    2020-06-28 12:38:23,326 [AWT-EventQueue-0] client.gui.ClientFrame  1122 - Rang Razvan a oprit aplicatia!
INFO    2020-06-28 12:38:51,102 [AWT-EventQueue-0] client.gui.ClientFrame  120 - Rang Razvan a pornit aplicatia! 192.168.85.1
INFO    2020-06-28 12:38:51,105 [AWT-EventQueue-0] client.gui.ClientFrame  124 - Rang Razvan a dat subscribe!
INFO    2020-06-28 12:38:51,114 [AWT-EventQueue-0] client.gui.ClientFrame  128 - Rang Razvan si-a luat ultima activitate!
INFO    2020-06-28 12:38:57,378 [AWT-EventQueue-0] client.gui.ClientFrame  1124 - Rang Razvan a oprit aplicatia!
INFO    2020-06-28 12:39:12,431 [AWT-EventQueue-0] client.gui.ClientFrame  120 - Rang Razvan a pornit aplicatia! 192.168.85.1
INFO    2020-06-28 12:39:12,436 [AWT-EventQueue-0] client.gui.ClientFrame  124 - Rang Razvan a dat subscribe!
INFO    2020-06-28 12:39:12,446 [AWT-EventQueue-0] client.gui.ClientFrame  128 - Rang Razvan si-a luat ultima activitate!
INFO    2020-06-28 12:39:42,666 [AWT-EventQueue-0] client.gui.ClientFrame  1124 - Rang Razvan a oprit aplicatia!
