INFO    2019-03-12 09:56:18,327 [AWT-EventQueue-0] client.gui.ClientFrame  118 - Theodorescu Mihael a pornit aplicatia! 192.168.56.1
INFO    2019-03-12 09:56:18,332 [AWT-EventQueue-0] client.gui.ClientFrame  122 - Theodorescu Mihael a dat subscribe!
INFO    2019-03-12 09:56:18,354 [AWT-EventQueue-0] client.gui.ClientFrame  126 - Theodorescu Mihael si-a luat ultima activitate!
INFO    2019-03-12 09:56:41,601 [AWT-EventQueue-0] client.gui.ClientFrame  1071 - S-a oprit aplicatia!
INFO    2019-03-12 10:08:20,235 [AWT-EventQueue-0] client.gui.AdminFrame  51 - A pornit aplicatia!
INFO    2019-03-12 10:08:36,238 [AWT-EventQueue-0] client.gui.AdminFrame  429 - S-a oprit aplicatia!
INFO    2019-03-12 10:09:08,764 [AWT-EventQueue-0] client.gui.AdminFrame  51 - A pornit aplicatia!
INFO    2019-03-12 10:09:24,931 [AWT-EventQueue-0] client.gui.ClientFrame  118 - Theodorescu Mihael a pornit aplicatia! 192.168.56.1
INFO    2019-03-12 10:09:24,932 [AWT-EventQueue-0] client.gui.ClientFrame  122 - Theodorescu Mihael a dat subscribe!
INFO    2019-03-12 10:09:24,936 [AWT-EventQueue-0] client.gui.ClientFrame  126 - Theodorescu Mihael si-a luat ultima activitate!
INFO    2019-03-12 10:10:45,169 [AWT-EventQueue-0] client.gui.ClientFrame  1086 - Theodorescu Mihael a oprit aplicatia!
INFO    2019-03-12 10:10:46,628 [AWT-EventQueue-0] client.gui.AdminFrame  429 - S-a oprit aplicatia!
INFO    2019-03-12 10:12:30,938 [AWT-EventQueue-0] client.gui.AdminFrame  51 - A pornit aplicatia!
INFO    2019-03-12 10:12:53,888 [AWT-EventQueue-0] client.gui.ClientFrame  118 - Theodorescu Mihael a pornit aplicatia! 192.168.56.1
INFO    2019-03-12 10:12:53,889 [AWT-EventQueue-0] client.gui.ClientFrame  122 - Theodorescu Mihael a dat subscribe!
INFO    2019-03-12 10:12:53,892 [AWT-EventQueue-0] client.gui.ClientFrame  126 - Theodorescu Mihael si-a luat ultima activitate!
INFO    2019-03-12 10:13:02,867 [AWT-EventQueue-0] client.gui.ClientFrame  1086 - Theodorescu Mihael a oprit aplicatia!
INFO    2019-03-12 10:13:04,236 [AWT-EventQueue-0] client.gui.AdminFrame  429 - S-a oprit aplicatia!
INFO    2019-03-12 10:16:21,551 [AWT-EventQueue-0] client.gui.AdminFrame  51 - A pornit aplicatia!
INFO    2019-03-12 10:16:37,051 [AWT-EventQueue-0] client.gui.ClientFrame  118 - Theodorescu Mihael a pornit aplicatia! 192.168.56.1
INFO    2019-03-12 10:16:37,053 [AWT-EventQueue-0] client.gui.ClientFrame  122 - Theodorescu Mihael a dat subscribe!
INFO    2019-03-12 10:16:37,060 [AWT-EventQueue-0] client.gui.ClientFrame  126 - Theodorescu Mihael si-a luat ultima activitate!
INFO    2019-03-12 10:16:49,772 [AWT-EventQueue-0] client.gui.ClientFrame  1086 - Theodorescu Mihael a oprit aplicatia!
INFO    2019-03-12 10:17:47,693 [AWT-EventQueue-0] client.gui.AdminFrame  429 - S-a oprit aplicatia!
INFO    2019-03-12 10:19:09,584 [AWT-EventQueue-0] client.gui.AdminFrame  51 - A pornit aplicatia!
INFO    2019-03-12 10:19:49,551 [AWT-EventQueue-0] client.gui.AdminFrame  429 - S-a oprit aplicatia!
