INFO    2018-08-01 10:30:32,994 [AWT-EventQueue-0] client.gui.AdminFrame  46 - A pornit aplicatia!
INFO    2018-08-01 10:30:59,552 [AWT-EventQueue-0] client.gui.AdminFrame  370 - S-a oprit aplicatia!
INFO    2018-08-01 10:44:37,685 [AWT-EventQueue-0] client.gui.AdminFrame  46 - A pornit aplicatia!
INFO    2018-08-01 10:44:43,796 [AWT-EventQueue-0] client.gui.AdminFrame  358 - S-a oprit aplicatia!
INFO    2018-08-01 10:56:19,877 [AWT-EventQueue-0] client.gui.AdminFrame  46 - A pornit aplicatia!
ERROR   2018-08-01 10:56:19,944 [AWT-EventQueue-0] client.gui.LoginFrame  86 - java.lang.NullPointerException
INFO    2018-08-01 10:56:21,296 [AWT-EventQueue-0] client.gui.AdminFrame  358 - S-a oprit aplicatia!
INFO    2018-08-01 10:56:54,561 [AWT-EventQueue-0] client.gui.AdminFrame  46 - A pornit aplicatia!
ERROR   2018-08-01 10:56:54,647 [AWT-EventQueue-0] client.gui.LoginFrame  86 - java.lang.NullPointerException
INFO    2018-08-01 10:56:56,054 [AWT-EventQueue-0] client.gui.AdminFrame  358 - S-a oprit aplicatia!
INFO    2018-08-01 10:57:30,570 [AWT-EventQueue-0] client.gui.AdminFrame  46 - A pornit aplicatia!
INFO    2018-08-01 10:57:40,731 [AWT-EventQueue-0] client.gui.AdminFrame  358 - S-a oprit aplicatia!
INFO    2018-08-01 10:58:06,868 [AWT-EventQueue-0] client.gui.AdminFrame  46 - A pornit aplicatia!
INFO    2018-08-01 10:58:27,717 [AWT-EventQueue-0] client.gui.AdminFrame  358 - S-a oprit aplicatia!
INFO    2018-08-01 11:04:19,781 [AWT-EventQueue-0] client.gui.AdminFrame  47 - A pornit aplicatia!
INFO    2018-08-01 11:04:29,355 [AWT-EventQueue-0] client.gui.AdminFrame  362 - S-a oprit aplicatia!
INFO    2018-08-01 11:06:20,727 [AWT-EventQueue-0] client.gui.AdminFrame  47 - A pornit aplicatia!
INFO    2018-08-01 11:06:26,429 [AWT-EventQueue-0] client.gui.AdminFrame  362 - S-a oprit aplicatia!
INFO    2018-08-01 11:08:02,010 [AWT-EventQueue-0] client.gui.AdminFrame  47 - A pornit aplicatia!
INFO    2018-08-01 11:08:29,479 [AWT-EventQueue-0] client.gui.AdminFrame  362 - S-a oprit aplicatia!
INFO    2018-08-01 11:11:42,878 [AWT-EventQueue-0] client.gui.AdminFrame  47 - A pornit aplicatia!
INFO    2018-08-01 11:13:08,978 [AWT-EventQueue-0] client.gui.AdminFrame  362 - S-a oprit aplicatia!
INFO    2018-08-01 11:13:37,732 [AWT-EventQueue-0] client.gui.AdminFrame  47 - A pornit aplicatia!
INFO    2018-08-01 11:13:59,643 [AWT-EventQueue-0] client.gui.AdminFrame  362 - S-a oprit aplicatia!
INFO    2018-08-01 11:14:37,070 [AWT-EventQueue-0] client.gui.AdminFrame  47 - A pornit aplicatia!
INFO    2018-08-01 11:16:21,837 [AWT-EventQueue-0] client.gui.AdminFrame  362 - S-a oprit aplicatia!
INFO    2018-08-01 11:16:31,083 [AWT-EventQueue-0] client.gui.AdminFrame  47 - A pornit aplicatia!
INFO    2018-08-01 11:16:42,120 [AWT-EventQueue-0] client.gui.AdminFrame  362 - S-a oprit aplicatia!
INFO    2018-08-01 11:18:31,569 [AWT-EventQueue-0] client.gui.AdminFrame  47 - A pornit aplicatia!
INFO    2018-08-01 11:18:52,126 [AWT-EventQueue-0] client.gui.AdminFrame  362 - S-a oprit aplicatia!
INFO    2018-08-01 11:20:14,995 [AWT-EventQueue-0] client.gui.AdminFrame  47 - A pornit aplicatia!
INFO    2018-08-01 11:20:23,030 [AWT-EventQueue-0] client.gui.AdminFrame  362 - S-a oprit aplicatia!
INFO    2018-08-01 11:20:48,352 [AWT-EventQueue-0] client.gui.AdminFrame  47 - A pornit aplicatia!
INFO    2018-08-01 11:21:52,096 [AWT-EventQueue-0] client.gui.AdminFrame  362 - S-a oprit aplicatia!
INFO    2018-08-01 11:23:37,937 [AWT-EventQueue-0] client.gui.AdminFrame  47 - A pornit aplicatia!
INFO    2018-08-01 11:23:56,647 [AWT-EventQueue-0] client.gui.AdminFrame  362 - S-a oprit aplicatia!
INFO    2018-08-01 11:24:51,413 [AWT-EventQueue-0] client.gui.AdminFrame  47 - A pornit aplicatia!
INFO    2018-08-01 11:24:58,347 [AWT-EventQueue-0] client.gui.AdminFrame  362 - S-a oprit aplicatia!
INFO    2018-08-01 11:25:13,919 [AWT-EventQueue-0] client.gui.ClientFrame  49 - A pornit aplicatia!
INFO    2018-08-01 11:25:20,624 [AWT-EventQueue-0] client.gui.AdminFrame  47 - A pornit aplicatia!
INFO    2018-08-01 11:25:24,276 [AWT-EventQueue-0] client.gui.AdminFrame  362 - S-a oprit aplicatia!
INFO    2018-08-01 11:26:54,777 [AWT-EventQueue-0] client.gui.AdminFrame  47 - A pornit aplicatia!
INFO    2018-08-01 11:27:10,892 [AWT-EventQueue-0] client.gui.AdminFrame  362 - S-a oprit aplicatia!
INFO    2018-08-01 11:30:01,185 [AWT-EventQueue-0] client.gui.AdminFrame  47 - A pornit aplicatia!
INFO    2018-08-01 11:30:09,948 [AWT-EventQueue-0] client.gui.AdminFrame  362 - S-a oprit aplicatia!
INFO    2018-08-01 11:30:30,779 [AWT-EventQueue-0] client.gui.AdminFrame  47 - A pornit aplicatia!
INFO    2018-08-01 11:30:39,481 [AWT-EventQueue-0] client.gui.AdminFrame  362 - S-a oprit aplicatia!
INFO    2018-08-01 11:45:49,750 [AWT-EventQueue-0] client.gui.AdminFrame  47 - A pornit aplicatia!
INFO    2018-08-01 11:46:07,007 [AWT-EventQueue-0] client.gui.AdminFrame  362 - S-a oprit aplicatia!
INFO    2018-08-01 11:46:46,073 [AWT-EventQueue-0] client.gui.AdminFrame  47 - A pornit aplicatia!
INFO    2018-08-01 11:46:57,261 [AWT-EventQueue-0] client.gui.AdminFrame  362 - S-a oprit aplicatia!
INFO    2018-08-01 11:47:28,486 [AWT-EventQueue-0] client.gui.AdminFrame  47 - A pornit aplicatia!
INFO    2018-08-01 11:47:46,047 [AWT-EventQueue-0] client.gui.AdminFrame  362 - S-a oprit aplicatia!
INFO    2018-08-01 11:49:02,646 [AWT-EventQueue-0] client.gui.AdminFrame  47 - A pornit aplicatia!
INFO    2018-08-01 11:50:00,533 [AWT-EventQueue-0] client.gui.AdminFrame  362 - S-a oprit aplicatia!
INFO    2018-08-01 11:51:24,935 [AWT-EventQueue-0] client.gui.AdminFrame  47 - A pornit aplicatia!
INFO    2018-08-01 11:52:00,744 [AWT-EventQueue-0] client.gui.AdminFrame  362 - S-a oprit aplicatia!
INFO    2018-08-01 11:52:07,849 [AWT-EventQueue-0] client.gui.AdminFrame  47 - A pornit aplicatia!
INFO    2018-08-01 11:52:15,867 [AWT-EventQueue-0] client.gui.AdminFrame  362 - S-a oprit aplicatia!
INFO    2018-08-01 11:52:48,720 [AWT-EventQueue-0] client.gui.AdminFrame  47 - A pornit aplicatia!
INFO    2018-08-01 11:52:58,861 [AWT-EventQueue-0] client.gui.AdminFrame  362 - S-a oprit aplicatia!
INFO    2018-08-01 11:54:43,343 [AWT-EventQueue-0] client.gui.AdminFrame  47 - A pornit aplicatia!
INFO    2018-08-01 11:56:04,011 [AWT-EventQueue-0] client.gui.AdminFrame  47 - A pornit aplicatia!
INFO    2018-08-01 11:56:14,142 [AWT-EventQueue-0] client.gui.AdminFrame  362 - S-a oprit aplicatia!
INFO    2018-08-01 11:58:05,135 [AWT-EventQueue-0] client.gui.AdminFrame  47 - A pornit aplicatia!
INFO    2018-08-01 11:58:25,509 [AWT-EventQueue-0] client.gui.AdminFrame  360 - S-a oprit aplicatia!
INFO    2018-08-01 11:58:46,010 [AWT-EventQueue-0] client.gui.AdminFrame  47 - A pornit aplicatia!
INFO    2018-08-01 11:59:03,794 [AWT-EventQueue-0] client.gui.AdminFrame  360 - S-a oprit aplicatia!
INFO    2018-08-01 12:01:13,549 [AWT-EventQueue-0] client.gui.AdminFrame  47 - A pornit aplicatia!
ERROR   2018-08-01 12:01:13,632 [AWT-EventQueue-0] client.gui.LoginFrame  86 - java.lang.ArrayIndexOutOfBoundsException: 0 >= 0
INFO    2018-08-01 12:02:48,516 [AWT-EventQueue-0] client.gui.AdminFrame  47 - A pornit aplicatia!
ERROR   2018-08-01 12:02:48,602 [AWT-EventQueue-0] client.gui.LoginFrame  86 - java.lang.ArrayIndexOutOfBoundsException: 0 >= 0
INFO    2018-08-01 12:03:34,038 [AWT-EventQueue-0] client.gui.AdminFrame  47 - A pornit aplicatia!
INFO    2018-08-01 12:03:55,881 [AWT-EventQueue-0] client.gui.AdminFrame  370 - S-a oprit aplicatia!
INFO    2018-08-01 12:04:42,386 [AWT-EventQueue-0] client.gui.AdminFrame  47 - A pornit aplicatia!
INFO    2018-08-01 12:04:49,281 [AWT-EventQueue-0] client.gui.AdminFrame  360 - S-a oprit aplicatia!
INFO    2018-08-01 12:05:23,010 [AWT-EventQueue-0] client.gui.AdminFrame  47 - A pornit aplicatia!
INFO    2018-08-01 12:05:38,410 [AWT-EventQueue-0] client.gui.AdminFrame  360 - S-a oprit aplicatia!
INFO    2018-08-01 12:08:22,020 [AWT-EventQueue-0] client.gui.AdminFrame  47 - A pornit aplicatia!
ERROR   2018-08-01 12:08:22,167 [AWT-EventQueue-0] client.gui.LoginFrame  86 - java.lang.NullPointerException
INFO    2018-08-01 12:08:24,374 [AWT-EventQueue-0] client.gui.AdminFrame  366 - S-a oprit aplicatia!
INFO    2018-08-01 12:08:46,051 [AWT-EventQueue-0] client.gui.AdminFrame  47 - A pornit aplicatia!
INFO    2018-08-01 12:08:49,883 [AWT-EventQueue-0] client.gui.AdminFrame  366 - S-a oprit aplicatia!
INFO    2018-08-01 12:09:05,534 [AWT-EventQueue-0] client.gui.AdminFrame  47 - A pornit aplicatia!
INFO    2018-08-01 12:09:35,787 [AWT-EventQueue-0] client.gui.AdminFrame  366 - S-a oprit aplicatia!
INFO    2018-08-01 14:47:07,383 [AWT-EventQueue-0] client.gui.AdminFrame  47 - A pornit aplicatia!
INFO    2018-08-01 14:47:19,811 [AWT-EventQueue-0] client.gui.AdminFrame  366 - S-a oprit aplicatia!
INFO    2018-08-01 14:49:09,263 [AWT-EventQueue-0] client.gui.AdminFrame  47 - A pornit aplicatia!
INFO    2018-08-01 14:49:17,423 [AWT-EventQueue-0] client.gui.AdminFrame  365 - S-a oprit aplicatia!
INFO    2018-08-01 14:51:09,849 [AWT-EventQueue-0] client.gui.AdminFrame  47 - A pornit aplicatia!
INFO    2018-08-01 14:51:15,550 [AWT-EventQueue-0] client.gui.AdminFrame  365 - S-a oprit aplicatia!
INFO    2018-08-01 14:52:27,064 [AWT-EventQueue-0] client.gui.AdminFrame  47 - A pornit aplicatia!
INFO    2018-08-01 14:52:36,160 [AWT-EventQueue-0] client.gui.AdminFrame  365 - S-a oprit aplicatia!
INFO    2018-08-01 14:53:14,400 [AWT-EventQueue-0] client.gui.AdminFrame  47 - A pornit aplicatia!
INFO    2018-08-01 14:53:32,909 [AWT-EventQueue-0] client.gui.ClientFrame  49 - A pornit aplicatia!
INFO    2018-08-01 14:53:38,568 [AWT-EventQueue-0] client.gui.ClientFrame  939 - S-a oprit aplicatia!
INFO    2018-08-01 14:59:15,194 [AWT-EventQueue-0] client.gui.ClientFrame  49 - A pornit aplicatia!
INFO    2018-08-01 14:59:19,559 [AWT-EventQueue-0] client.gui.ClientFrame  939 - S-a oprit aplicatia!
INFO    2018-08-01 14:59:40,065 [AWT-EventQueue-0] client.gui.ClientFrame  49 - A pornit aplicatia!
INFO    2018-08-01 15:00:13,998 [AWT-EventQueue-0] client.gui.ClientFrame  49 - A pornit aplicatia!
INFO    2018-08-01 15:00:25,617 [AWT-EventQueue-0] client.gui.ClientFrame  939 - S-a oprit aplicatia!
INFO    2018-08-01 15:06:29,575 [AWT-EventQueue-0] client.gui.ClientFrame  49 - A pornit aplicatia!
ERROR   2018-08-01 15:06:29,792 [AWT-EventQueue-0] client.gui.ClientFrame  124 - java.lang.IllegalArgumentException: An exception occurred while creating a query in EntityManager: 
Exception Description: Syntax error parsing [SELECT a FROM Activitate a WHERE ROWNUM < 2(SELECT a FROM Activitate a WHERE a.angajat = :angajat ORDER BY a.dataPontaj DESC)]. 
[97, 97] The right parenthesis is missing from the sub-expression.
[124, 125] The query contains a malformed ending.
INFO    2018-08-01 15:07:41,540 [AWT-EventQueue-0] client.gui.ClientFrame  939 - S-a oprit aplicatia!
INFO    2018-08-01 15:07:54,052 [AWT-EventQueue-0] client.gui.ClientFrame  49 - A pornit aplicatia!
INFO    2018-08-01 15:08:00,459 [AWT-EventQueue-0] client.gui.ClientFrame  939 - S-a oprit aplicatia!
INFO    2018-08-01 15:08:18,109 [AWT-EventQueue-0] client.gui.ClientFrame  49 - A pornit aplicatia!
INFO    2018-08-01 15:11:13,376 [AWT-EventQueue-0] client.gui.ClientFrame  49 - A pornit aplicatia!
INFO    2018-08-01 15:11:41,251 [AWT-EventQueue-0] client.gui.ClientFrame  939 - S-a oprit aplicatia!
INFO    2018-08-01 15:11:55,311 [AWT-EventQueue-0] client.gui.ClientFrame  49 - A pornit aplicatia!
INFO    2018-08-01 15:12:07,419 [AWT-EventQueue-0] client.gui.ClientFrame  939 - S-a oprit aplicatia!
INFO    2018-08-01 15:12:20,359 [AWT-EventQueue-0] client.gui.ClientFrame  49 - A pornit aplicatia!
INFO    2018-08-01 15:13:04,572 [AWT-EventQueue-0] client.gui.ClientFrame  49 - A pornit aplicatia!
INFO    2018-08-01 15:13:21,683 [AWT-EventQueue-0] client.gui.ClientFrame  939 - S-a oprit aplicatia!
INFO    2018-08-01 15:14:25,039 [AWT-EventQueue-0] client.gui.ClientFrame  49 - A pornit aplicatia!
INFO    2018-08-01 15:14:31,813 [AWT-EventQueue-0] client.gui.ClientFrame  939 - S-a oprit aplicatia!
INFO    2018-08-01 15:14:49,845 [AWT-EventQueue-0] client.gui.ClientFrame  49 - A pornit aplicatia!
INFO    2018-08-01 15:15:11,062 [AWT-EventQueue-0] client.gui.ClientFrame  939 - S-a oprit aplicatia!
INFO    2018-08-01 15:15:33,896 [AWT-EventQueue-0] client.gui.ClientFrame  49 - A pornit aplicatia!
INFO    2018-08-01 15:16:12,878 [AWT-EventQueue-0] client.gui.ClientFrame  939 - S-a oprit aplicatia!
INFO    2018-08-01 15:16:50,348 [AWT-EventQueue-0] client.gui.ClientFrame  49 - A pornit aplicatia!
INFO    2018-08-01 15:17:10,531 [AWT-EventQueue-0] client.gui.ClientFrame  49 - A pornit aplicatia!
INFO    2018-08-01 15:17:56,341 [AWT-EventQueue-0] client.gui.ClientFrame  49 - A pornit aplicatia!
INFO    2018-08-01 15:18:41,181 [AWT-EventQueue-0] client.gui.ClientFrame  49 - A pornit aplicatia!
INFO    2018-08-01 15:19:02,608 [AWT-EventQueue-0] client.gui.ClientFrame  939 - S-a oprit aplicatia!
INFO    2018-08-01 15:57:48,582 [AWT-EventQueue-0] client.gui.AdminFrame  47 - A pornit aplicatia!
INFO    2018-08-01 16:01:56,491 [AWT-EventQueue-0] client.gui.AdminFrame  365 - S-a oprit aplicatia!
INFO    2018-08-01 16:08:05,716 [AWT-EventQueue-0] client.gui.AdminFrame  47 - A pornit aplicatia!
INFO    2018-08-01 16:08:39,316 [AWT-EventQueue-0] client.gui.AdminFrame  365 - S-a oprit aplicatia!
INFO    2018-08-01 16:08:54,558 [AWT-EventQueue-0] client.gui.AdminFrame  47 - A pornit aplicatia!
INFO    2018-08-01 16:09:14,275 [AWT-EventQueue-0] client.gui.ClientFrame  49 - A pornit aplicatia!
INFO    2018-08-01 16:09:22,572 [AWT-EventQueue-0] client.gui.AdminFrame  47 - A pornit aplicatia!
INFO    2018-08-01 16:09:34,968 [AWT-EventQueue-0] client.gui.ClientFrame  49 - A pornit aplicatia!
INFO    2018-08-01 16:13:28,482 [AWT-EventQueue-0] client.gui.ClientFrame  939 - S-a oprit aplicatia!
INFO    2018-08-01 16:13:41,104 [AWT-EventQueue-0] client.gui.AdminFrame  365 - S-a oprit aplicatia!
ERROR   2018-08-01 17:30:09,949 [AWT-EventQueue-0] client.gui.LoginFrame  86 - java.lang.IllegalArgumentException: NamedQuery of name: Angajat.findByUsernameAndPassword not found.
ERROR   2018-08-01 17:30:56,834 [AWT-EventQueue-0] client.gui.LoginFrame  86 - java.lang.IllegalArgumentException: NamedQuery of name: Angajat.findByUsernameAndPassword not found.
ERROR   2018-08-01 17:32:28,129 [AWT-EventQueue-0] client.gui.LoginFrame  86 - java.lang.IllegalArgumentException: NamedQuery of name: Angajat.findByUsernameAndPassword not found.
ERROR   2018-08-01 17:33:08,235 [AWT-EventQueue-0] client.gui.LoginFrame  86 - java.lang.NullPointerException
ERROR   2018-08-01 17:34:44,823 [AWT-EventQueue-0] client.gui.LoginFrame  86 - java.lang.IllegalArgumentException: NamedQuery of name: Angajat.findByUsernameAndPassword not found.
ERROR   2018-08-01 17:39:09,802 [AWT-EventQueue-0] client.gui.LoginFrame  86 - java.lang.IllegalArgumentException: NamedQuery of name: Angajat.findByUsernameAndPassword not found.
ERROR   2018-08-01 17:39:51,815 [AWT-EventQueue-0] client.gui.LoginFrame  86 - java.lang.IllegalArgumentException: NamedQuery of name: Angajat.findByUsernameAndPassword not found.
ERROR   2018-08-01 17:45:16,709 [AWT-EventQueue-0] client.gui.LoginFrame  86 - java.lang.IllegalArgumentException: NamedQuery of name: Angajat.findByUsernameAndPassword not found.
ERROR   2018-08-01 18:15:31,614 [AWT-EventQueue-0] client.gui.LoginFrame  86 - java.lang.IllegalArgumentException: NamedQuery of name: Angajat.findByUsernameAndPassword not found.
INFO    2018-08-01 18:30:07,771 [AWT-EventQueue-0] client.gui.ClientFrame  49 - A pornit aplicatia!
INFO    2018-08-01 18:30:11,375 [AWT-EventQueue-0] client.gui.ClientFrame  939 - S-a oprit aplicatia!
ERROR   2018-08-01 18:31:20,383 [AWT-EventQueue-0] client.gui.LoginFrame  86 - java.lang.IllegalArgumentException: NamedQuery of name: Angajat.findByUsernameAndPassword not found.
ERROR   2018-08-01 18:31:53,000 [AWT-EventQueue-0] client.gui.LoginFrame  86 - java.lang.IllegalArgumentException: NamedQuery of name: Angajat.findByUsernameAndPassword not found.
ERROR   2018-08-01 18:36:13,536 [AWT-EventQueue-0] client.gui.LoginFrame  86 - java.lang.IllegalArgumentException: NamedQuery of name: Angajat.findByUsernameAndPassword not found.
ERROR   2018-08-01 18:40:00,532 [AWT-EventQueue-0] client.gui.LoginFrame  86 - java.lang.IllegalArgumentException: NamedQuery of name: Angajat.findByUsernameAndPassword not found.
INFO    2018-08-01 18:43:04,275 [AWT-EventQueue-0] client.gui.ClientFrame  49 - A pornit aplicatia!
INFO    2018-08-01 18:43:09,259 [AWT-EventQueue-0] client.gui.ClientFrame  939 - S-a oprit aplicatia!
INFO    2018-08-01 18:49:11,562 [AWT-EventQueue-0] client.gui.ClientFrame  49 - A pornit aplicatia!
INFO    2018-08-01 18:49:14,990 [AWT-EventQueue-0] client.gui.ClientFrame  939 - S-a oprit aplicatia!
ERROR   2018-08-01 18:50:02,352 [AWT-EventQueue-0] client.gui.LoginFrame  86 - java.lang.IllegalArgumentException: NamedQuery of name: Angajat.findByUsernameAndPassword not found.
ERROR   2018-08-01 18:50:52,408 [AWT-EventQueue-0] client.gui.LoginFrame  86 - java.lang.IllegalArgumentException: NamedQuery of name: Angajat.findByUsernameAndPassword not found.
INFO    2018-08-01 18:52:11,111 [AWT-EventQueue-0] client.gui.ClientFrame  49 - A pornit aplicatia!
INFO    2018-08-01 18:52:15,108 [AWT-EventQueue-0] client.gui.ClientFrame  939 - S-a oprit aplicatia!
INFO    2018-08-01 18:53:01,217 [AWT-EventQueue-0] client.gui.ClientFrame  49 - A pornit aplicatia!
INFO    2018-08-01 18:53:05,381 [AWT-EventQueue-0] client.gui.ClientFrame  939 - S-a oprit aplicatia!
INFO    2018-08-01 18:54:23,608 [AWT-EventQueue-0] client.gui.ClientFrame  49 - A pornit aplicatia!
INFO    2018-08-01 18:54:26,553 [AWT-EventQueue-0] client.gui.ClientFrame  939 - S-a oprit aplicatia!
