INFO    2018-10-17 13:31:05,572 [AWT-EventQueue-0] client.gui.AdminFrame  49 - A pornit aplicatia!
INFO    2018-10-17 13:31:05,674 [AWT-EventQueue-0] client.gui.AdminFrame  64 - a inceput afisarea
INFO    2018-10-17 13:31:05,816 [AWT-EventQueue-0] client.gui.AdminFrame  112 - s-au luat proiectele
INFO    2018-10-17 13:31:06,295 [AWT-EventQueue-0] client.gui.AdminFrame  115 - model
INFO    2018-10-17 13:31:06,297 [AWT-EventQueue-0] client.gui.AdminFrame  117 - s-a setat modelul
INFO    2018-10-17 13:31:06,299 [AWT-EventQueue-0] client.gui.AdminFrame  119 - s-a setat defaultRenderul
INFO    2018-10-17 13:31:06,309 [AWT-EventQueue-0] client.gui.AdminFrame  121 - s-au facut modificarile
INFO    2018-10-17 13:31:06,310 [AWT-EventQueue-0] client.gui.AdminFrame  66 - s-a terminat afisarea
INFO    2018-10-17 13:31:06,315 [AWT-EventQueue-0] client.gui.AdminFrame  77 - s.au setat chestii
INFO    2018-10-17 13:31:06,315 [AWT-EventQueue-0] client.gui.AdminFrame  85 - s-a subscris la ora modif
INFO    2018-10-17 13:31:06,365 [AWT-EventQueue-0] client.gui.AdminFrame  89 - s-au luat angajatii
ERROR   2018-10-17 13:31:06,620 [AWT-EventQueue-0] client.gui.AdminFrame  102 - Eroare la preluarea angajatilor!
java.rmi.UnmarshalException: Error unmarshaling return; nested exception is: 
	java.lang.ClassNotFoundException: com.mysql.jdbc.exceptions.jdbc4.MySQLSyntaxErrorException (no security manager: RMI class loader disabled)
	at sun.rmi.transport.StreamRemoteCall.executeCall(StreamRemoteCall.java:254)
	at sun.rmi.server.UnicastRef.invoke(UnicastRef.java:161)
	at java.rmi.server.RemoteObjectInvocationHandler.invokeRemoteMethod(RemoteObjectInvocationHandler.java:227)
	at java.rmi.server.RemoteObjectInvocationHandler.invoke(RemoteObjectInvocationHandler.java:179)
	at com.sun.proxy.$Proxy4.getLastDateActivityByAngajat(Unknown Source)
	at client.controller.ActivitateController.getLastDateActivityByAngajat(ActivitateController.java:74)
	at client.gui.AdminFrame.<init>(AdminFrame.java:93)
	at client.gui.LoginFrame.apasa(LoginFrame.java:82)
	at client.gui.LoginFrame.jButton1ActionPerformed(LoginFrame.java:194)
	at client.gui.LoginFrame.access$100(LoginFrame.java:24)
	at client.gui.LoginFrame$2.actionPerformed(LoginFrame.java:144)
	at javax.swing.AbstractButton.fireActionPerformed(AbstractButton.java:2022)
	at javax.swing.AbstractButton$Handler.actionPerformed(AbstractButton.java:2348)
	at javax.swing.DefaultButtonModel.fireActionPerformed(DefaultButtonModel.java:402)
	at javax.swing.DefaultButtonModel.setPressed(DefaultButtonModel.java:259)
	at javax.swing.AbstractButton.doClick(AbstractButton.java:376)
	at javax.swing.plaf.basic.BasicRootPaneUI$Actions.actionPerformed(BasicRootPaneUI.java:208)
	at javax.swing.SwingUtilities.notifyAction(SwingUtilities.java:1663)
	at javax.swing.JComponent.processKeyBinding(JComponent.java:2882)
	at javax.swing.KeyboardManager.fireBinding(KeyboardManager.java:307)
	at javax.swing.KeyboardManager.fireKeyboardAction(KeyboardManager.java:250)
	at javax.swing.JComponent.processKeyBindingsForAllComponents(JComponent.java:2974)
	at javax.swing.JComponent.processKeyBindings(JComponent.java:2966)
	at javax.swing.JComponent.processKeyEvent(JComponent.java:2845)
	at java.awt.Component.processEvent(Component.java:6310)
	at java.awt.Container.processEvent(Container.java:2236)
	at java.awt.Component.dispatchEventImpl(Component.java:4889)
	at java.awt.Container.dispatchEventImpl(Container.java:2294)
	at java.awt.Component.dispatchEvent(Component.java:4711)
	at java.awt.KeyboardFocusManager.redispatchEvent(KeyboardFocusManager.java:1954)
	at java.awt.DefaultKeyboardFocusManager.dispatchKeyEvent(DefaultKeyboardFocusManager.java:806)
	at java.awt.DefaultKeyboardFocusManager.preDispatchKeyEvent(DefaultKeyboardFocusManager.java:1074)
	at java.awt.DefaultKeyboardFocusManager.typeAheadAssertions(DefaultKeyboardFocusManager.java:945)
	at java.awt.DefaultKeyboardFocusManager.dispatchEvent(DefaultKeyboardFocusManager.java:771)
	at java.awt.Component.dispatchEventImpl(Component.java:4760)
	at java.awt.Container.dispatchEventImpl(Container.java:2294)
	at java.awt.Window.dispatchEventImpl(Window.java:2746)
	at java.awt.Component.dispatchEvent(Component.java:4711)
	at java.awt.EventQueue.dispatchEventImpl(EventQueue.java:758)
	at java.awt.EventQueue.access$500(EventQueue.java:97)
	at java.awt.EventQueue$3.run(EventQueue.java:709)
	at java.awt.EventQueue$3.run(EventQueue.java:703)
	at java.security.AccessController.doPrivileged(Native Method)
	at java.security.ProtectionDomain$JavaSecurityAccessImpl.doIntersectionPrivilege(ProtectionDomain.java:80)
	at java.security.ProtectionDomain$JavaSecurityAccessImpl.doIntersectionPrivilege(ProtectionDomain.java:90)
	at java.awt.EventQueue$4.run(EventQueue.java:731)
	at java.awt.EventQueue$4.run(EventQueue.java:729)
	at java.security.AccessController.doPrivileged(Native Method)
	at java.security.ProtectionDomain$JavaSecurityAccessImpl.doIntersectionPrivilege(ProtectionDomain.java:80)
	at java.awt.EventQueue.dispatchEvent(EventQueue.java:728)
	at java.awt.EventDispatchThread.pumpOneEventForFilters(EventDispatchThread.java:201)
	at java.awt.EventDispatchThread.pumpEventsForFilter(EventDispatchThread.java:116)
	at java.awt.EventDispatchThread.pumpEventsForHierarchy(EventDispatchThread.java:105)
	at java.awt.EventDispatchThread.pumpEvents(EventDispatchThread.java:101)
	at java.awt.EventDispatchThread.pumpEvents(EventDispatchThread.java:93)
	at java.awt.EventDispatchThread.run(EventDispatchThread.java:82)
Caused by: java.lang.ClassNotFoundException: com.mysql.jdbc.exceptions.jdbc4.MySQLSyntaxErrorException (no security manager: RMI class loader disabled)
	at sun.rmi.server.LoaderHandler.loadClass(LoaderHandler.java:396)
	at sun.rmi.server.LoaderHandler.loadClass(LoaderHandler.java:186)
	at java.rmi.server.RMIClassLoader$2.loadClass(RMIClassLoader.java:637)
	at java.rmi.server.RMIClassLoader.loadClass(RMIClassLoader.java:264)
	at sun.rmi.server.MarshalInputStream.resolveClass(MarshalInputStream.java:219)
	at java.io.ObjectInputStream.readNonProxyDesc(ObjectInputStream.java:1863)
	at java.io.ObjectInputStream.readClassDesc(ObjectInputStream.java:1746)
	at java.io.ObjectInputStream.readOrdinaryObject(ObjectInputStream.java:2037)
	at java.io.ObjectInputStream.readObject0(ObjectInputStream.java:1568)
	at java.io.ObjectInputStream.defaultReadFields(ObjectInputStream.java:2282)
	at java.io.ObjectInputStream.defaultReadObject(ObjectInputStream.java:558)
	at java.lang.Throwable.readObject(Throwable.java:914)
	at sun.reflect.NativeMethodAccessorImpl.invoke0(Native Method)
	at sun.reflect.NativeMethodAccessorImpl.invoke(NativeMethodAccessorImpl.java:62)
	at sun.reflect.DelegatingMethodAccessorImpl.invoke(DelegatingMethodAccessorImpl.java:43)
	at java.lang.reflect.Method.invoke(Method.java:498)
	at java.io.ObjectStreamClass.invokeReadObject(ObjectStreamClass.java:1158)
	at java.io.ObjectInputStream.readSerialData(ObjectInputStream.java:2173)
	at java.io.ObjectInputStream.readOrdinaryObject(ObjectInputStream.java:2064)
	at java.io.ObjectInputStream.readObject0(ObjectInputStream.java:1568)
	at java.io.ObjectInputStream.defaultReadFields(ObjectInputStream.java:2282)
	at java.io.ObjectInputStream.defaultReadObject(ObjectInputStream.java:558)
	at java.lang.Throwable.readObject(Throwable.java:914)
	at sun.reflect.NativeMethodAccessorImpl.invoke0(Native Method)
	at sun.reflect.NativeMethodAccessorImpl.invoke(NativeMethodAccessorImpl.java:62)
	at sun.reflect.DelegatingMethodAccessorImpl.invoke(DelegatingMethodAccessorImpl.java:43)
	at java.lang.reflect.Method.invoke(Method.java:498)
	at java.io.ObjectStreamClass.invokeReadObject(ObjectStreamClass.java:1158)
	at java.io.ObjectInputStream.readSerialData(ObjectInputStream.java:2173)
	at java.io.ObjectInputStream.readOrdinaryObject(ObjectInputStream.java:2064)
	at java.io.ObjectInputStream.readObject0(ObjectInputStream.java:1568)
	at java.io.ObjectInputStream.readObject(ObjectInputStream.java:428)
	at sun.rmi.transport.StreamRemoteCall.executeCall(StreamRemoteCall.java:252)
	... 55 more
INFO    2018-10-17 13:31:10,326 [AWT-EventQueue-0] client.gui.AdminFrame  418 - S-a oprit aplicatia!
INFO    2018-10-17 13:32:56,166 [AWT-EventQueue-0] client.gui.AdminFrame  49 - A pornit aplicatia!
INFO    2018-10-17 13:32:56,267 [AWT-EventQueue-0] client.gui.AdminFrame  64 - a inceput afisarea
INFO    2018-10-17 13:32:56,384 [AWT-EventQueue-0] client.gui.AdminFrame  112 - s-au luat proiectele
INFO    2018-10-17 13:32:56,988 [AWT-EventQueue-0] client.gui.AdminFrame  115 - model
INFO    2018-10-17 13:32:56,990 [AWT-EventQueue-0] client.gui.AdminFrame  117 - s-a setat modelul
INFO    2018-10-17 13:32:56,992 [AWT-EventQueue-0] client.gui.AdminFrame  119 - s-a setat defaultRenderul
INFO    2018-10-17 13:32:57,002 [AWT-EventQueue-0] client.gui.AdminFrame  121 - s-au facut modificarile
INFO    2018-10-17 13:32:57,003 [AWT-EventQueue-0] client.gui.AdminFrame  66 - s-a terminat afisarea
INFO    2018-10-17 13:32:57,007 [AWT-EventQueue-0] client.gui.AdminFrame  77 - s.au setat chestii
INFO    2018-10-17 13:32:57,008 [AWT-EventQueue-0] client.gui.AdminFrame  85 - s-a subscris la ora modif
INFO    2018-10-17 13:32:57,060 [AWT-EventQueue-0] client.gui.AdminFrame  89 - s-au luat angajatii
INFO    2018-10-17 13:32:57,428 [AWT-EventQueue-0] client.gui.AdminFrame  98 - s-au terminat activitatile
INFO    2018-10-17 13:33:14,737 [AWT-EventQueue-0] client.gui.AdminFrame  418 - S-a oprit aplicatia!
INFO    2018-10-17 13:33:38,132 [AWT-EventQueue-0] client.gui.AdminFrame  49 - A pornit aplicatia!
INFO    2018-10-17 13:33:38,261 [AWT-EventQueue-0] client.gui.AdminFrame  64 - a inceput afisarea
INFO    2018-10-17 13:33:38,335 [AWT-EventQueue-0] client.gui.AdminFrame  112 - s-au luat proiectele
INFO    2018-10-17 13:33:38,879 [AWT-EventQueue-0] client.gui.AdminFrame  115 - model
INFO    2018-10-17 13:33:38,882 [AWT-EventQueue-0] client.gui.AdminFrame  117 - s-a setat modelul
INFO    2018-10-17 13:33:38,884 [AWT-EventQueue-0] client.gui.AdminFrame  119 - s-a setat defaultRenderul
INFO    2018-10-17 13:33:38,897 [AWT-EventQueue-0] client.gui.AdminFrame  121 - s-au facut modificarile
INFO    2018-10-17 13:33:38,898 [AWT-EventQueue-0] client.gui.AdminFrame  66 - s-a terminat afisarea
INFO    2018-10-17 13:33:38,904 [AWT-EventQueue-0] client.gui.AdminFrame  77 - s.au setat chestii
INFO    2018-10-17 13:33:38,905 [AWT-EventQueue-0] client.gui.AdminFrame  85 - s-a subscris la ora modif
INFO    2018-10-17 13:33:38,935 [AWT-EventQueue-0] client.gui.AdminFrame  89 - s-au luat angajatii
INFO    2018-10-17 13:33:39,265 [AWT-EventQueue-0] client.gui.AdminFrame  98 - s-au terminat activitatile
INFO    2018-10-17 13:33:46,650 [AWT-EventQueue-0] client.gui.AdminFrame  418 - S-a oprit aplicatia!
INFO    2018-10-17 13:34:34,647 [AWT-EventQueue-0] client.gui.AdminFrame  49 - A pornit aplicatia!
INFO    2018-10-17 13:34:34,760 [AWT-EventQueue-0] client.gui.AdminFrame  64 - a inceput afisarea
INFO    2018-10-17 13:34:34,940 [AWT-EventQueue-0] client.gui.AdminFrame  112 - s-au luat proiectele
INFO    2018-10-17 13:34:35,389 [AWT-EventQueue-0] client.gui.AdminFrame  115 - model
INFO    2018-10-17 13:34:35,391 [AWT-EventQueue-0] client.gui.AdminFrame  117 - s-a setat modelul
INFO    2018-10-17 13:34:35,394 [AWT-EventQueue-0] client.gui.AdminFrame  119 - s-a setat defaultRenderul
INFO    2018-10-17 13:34:35,404 [AWT-EventQueue-0] client.gui.AdminFrame  121 - s-au facut modificarile
INFO    2018-10-17 13:34:35,405 [AWT-EventQueue-0] client.gui.AdminFrame  66 - s-a terminat afisarea
INFO    2018-10-17 13:34:35,410 [AWT-EventQueue-0] client.gui.AdminFrame  77 - s.au setat chestii
INFO    2018-10-17 13:34:35,412 [AWT-EventQueue-0] client.gui.AdminFrame  85 - s-a subscris la ora modif
INFO    2018-10-17 13:34:35,433 [AWT-EventQueue-0] client.gui.AdminFrame  89 - s-au luat angajatii
INFO    2018-10-17 13:34:35,709 [AWT-EventQueue-0] client.gui.AdminFrame  98 - s-au terminat activitatile
INFO    2018-10-17 13:34:43,510 [AWT-EventQueue-0] client.gui.AdminFrame  418 - S-a oprit aplicatia!
INFO    2018-10-17 13:38:52,045 [AWT-EventQueue-0] client.gui.AdminFrame  49 - A pornit aplicatia!
INFO    2018-10-17 13:38:52,144 [AWT-EventQueue-0] client.gui.AdminFrame  64 - a inceput afisarea
INFO    2018-10-17 13:38:52,219 [AWT-EventQueue-0] client.gui.AdminFrame  112 - s-au luat proiectele
INFO    2018-10-17 13:38:52,713 [AWT-EventQueue-0] client.gui.AdminFrame  115 - model
INFO    2018-10-17 13:38:52,716 [AWT-EventQueue-0] client.gui.AdminFrame  117 - s-a setat modelul
INFO    2018-10-17 13:38:52,718 [AWT-EventQueue-0] client.gui.AdminFrame  119 - s-a setat defaultRenderul
INFO    2018-10-17 13:38:52,736 [AWT-EventQueue-0] client.gui.AdminFrame  121 - s-au facut modificarile
INFO    2018-10-17 13:38:52,737 [AWT-EventQueue-0] client.gui.AdminFrame  66 - s-a terminat afisarea
INFO    2018-10-17 13:38:52,743 [AWT-EventQueue-0] client.gui.AdminFrame  77 - s.au setat chestii
INFO    2018-10-17 13:38:52,744 [AWT-EventQueue-0] client.gui.AdminFrame  85 - s-a subscris la ora modif
INFO    2018-10-17 13:38:52,766 [AWT-EventQueue-0] client.gui.AdminFrame  89 - s-au luat angajatii
INFO    2018-10-17 13:38:53,039 [AWT-EventQueue-0] client.gui.AdminFrame  98 - s-au terminat activitatile
INFO    2018-10-17 13:39:05,151 [AWT-EventQueue-0] client.gui.AdminFrame  418 - S-a oprit aplicatia!
INFO    2018-10-17 13:39:22,624 [AWT-EventQueue-0] client.gui.AdminFrame  49 - A pornit aplicatia!
INFO    2018-10-17 13:39:22,728 [AWT-EventQueue-0] client.gui.AdminFrame  64 - a inceput afisarea
INFO    2018-10-17 13:39:22,787 [AWT-EventQueue-0] client.gui.AdminFrame  112 - s-au luat proiectele
INFO    2018-10-17 13:39:23,258 [AWT-EventQueue-0] client.gui.AdminFrame  115 - model
INFO    2018-10-17 13:39:23,260 [AWT-EventQueue-0] client.gui.AdminFrame  117 - s-a setat modelul
INFO    2018-10-17 13:39:23,263 [AWT-EventQueue-0] client.gui.AdminFrame  119 - s-a setat defaultRenderul
INFO    2018-10-17 13:39:23,272 [AWT-EventQueue-0] client.gui.AdminFrame  121 - s-au facut modificarile
INFO    2018-10-17 13:39:23,273 [AWT-EventQueue-0] client.gui.AdminFrame  66 - s-a terminat afisarea
INFO    2018-10-17 13:39:23,278 [AWT-EventQueue-0] client.gui.AdminFrame  77 - s.au setat chestii
INFO    2018-10-17 13:39:23,279 [AWT-EventQueue-0] client.gui.AdminFrame  85 - s-a subscris la ora modif
INFO    2018-10-17 13:39:23,298 [AWT-EventQueue-0] client.gui.AdminFrame  89 - s-au luat angajatii
INFO    2018-10-17 13:39:23,499 [AWT-EventQueue-0] client.gui.AdminFrame  98 - s-au terminat activitatile
INFO    2018-10-17 13:39:30,963 [AWT-EventQueue-0] client.gui.AdminFrame  418 - S-a oprit aplicatia!
INFO    2018-10-17 13:40:14,874 [AWT-EventQueue-0] client.gui.AdminFrame  49 - A pornit aplicatia!
INFO    2018-10-17 13:40:14,976 [AWT-EventQueue-0] client.gui.AdminFrame  64 - a inceput afisarea
INFO    2018-10-17 13:40:15,051 [AWT-EventQueue-0] client.gui.AdminFrame  112 - s-au luat proiectele
INFO    2018-10-17 13:40:15,657 [AWT-EventQueue-0] client.gui.AdminFrame  115 - model
INFO    2018-10-17 13:40:15,661 [AWT-EventQueue-0] client.gui.AdminFrame  117 - s-a setat modelul
INFO    2018-10-17 13:40:15,665 [AWT-EventQueue-0] client.gui.AdminFrame  119 - s-a setat defaultRenderul
INFO    2018-10-17 13:40:15,681 [AWT-EventQueue-0] client.gui.AdminFrame  121 - s-au facut modificarile
INFO    2018-10-17 13:40:15,683 [AWT-EventQueue-0] client.gui.AdminFrame  66 - s-a terminat afisarea
INFO    2018-10-17 13:40:15,691 [AWT-EventQueue-0] client.gui.AdminFrame  77 - s.au setat chestii
INFO    2018-10-17 13:40:15,692 [AWT-EventQueue-0] client.gui.AdminFrame  85 - s-a subscris la ora modif
INFO    2018-10-17 13:40:15,718 [AWT-EventQueue-0] client.gui.AdminFrame  89 - s-au luat angajatii
INFO    2018-10-17 13:40:15,995 [AWT-EventQueue-0] client.gui.AdminFrame  98 - s-au terminat activitatile
INFO    2018-10-17 13:40:31,403 [AWT-EventQueue-0] client.gui.AdminFrame  418 - S-a oprit aplicatia!
INFO    2018-10-17 13:41:10,024 [AWT-EventQueue-0] client.gui.AdminFrame  49 - A pornit aplicatia!
INFO    2018-10-17 13:41:10,127 [AWT-EventQueue-0] client.gui.AdminFrame  64 - a inceput afisarea
INFO    2018-10-17 13:41:10,190 [AWT-EventQueue-0] client.gui.AdminFrame  112 - s-au luat proiectele
INFO    2018-10-17 13:41:10,653 [AWT-EventQueue-0] client.gui.AdminFrame  115 - model
INFO    2018-10-17 13:41:10,655 [AWT-EventQueue-0] client.gui.AdminFrame  117 - s-a setat modelul
INFO    2018-10-17 13:41:10,658 [AWT-EventQueue-0] client.gui.AdminFrame  119 - s-a setat defaultRenderul
INFO    2018-10-17 13:41:10,669 [AWT-EventQueue-0] client.gui.AdminFrame  121 - s-au facut modificarile
INFO    2018-10-17 13:41:10,670 [AWT-EventQueue-0] client.gui.AdminFrame  66 - s-a terminat afisarea
INFO    2018-10-17 13:41:10,676 [AWT-EventQueue-0] client.gui.AdminFrame  77 - s.au setat chestii
INFO    2018-10-17 13:41:10,677 [AWT-EventQueue-0] client.gui.AdminFrame  85 - s-a subscris la ora modif
INFO    2018-10-17 13:41:10,708 [AWT-EventQueue-0] client.gui.AdminFrame  89 - s-au luat angajatii
INFO    2018-10-17 13:41:10,968 [AWT-EventQueue-0] client.gui.AdminFrame  98 - s-au terminat activitatile
INFO    2018-10-17 13:42:52,735 [AWT-EventQueue-0] client.gui.AdminFrame  418 - S-a oprit aplicatia!
ERROR   2018-10-17 13:47:37,512 [AWT-EventQueue-0] client.gui.LoginFrame  93 - java.lang.NullPointerException
INFO    2018-10-17 13:47:53,104 [AWT-EventQueue-0] client.gui.AdminFrame  49 - A pornit aplicatia!
INFO    2018-10-17 13:47:53,206 [AWT-EventQueue-0] client.gui.AdminFrame  64 - a inceput afisarea
INFO    2018-10-17 13:47:53,314 [AWT-EventQueue-0] client.gui.AdminFrame  112 - s-au luat proiectele
INFO    2018-10-17 13:47:53,813 [AWT-EventQueue-0] client.gui.AdminFrame  115 - model
INFO    2018-10-17 13:47:53,815 [AWT-EventQueue-0] client.gui.AdminFrame  117 - s-a setat modelul
INFO    2018-10-17 13:47:53,818 [AWT-EventQueue-0] client.gui.AdminFrame  119 - s-a setat defaultRenderul
INFO    2018-10-17 13:47:53,830 [AWT-EventQueue-0] client.gui.AdminFrame  121 - s-au facut modificarile
INFO    2018-10-17 13:47:53,831 [AWT-EventQueue-0] client.gui.AdminFrame  66 - s-a terminat afisarea
INFO    2018-10-17 13:47:53,837 [AWT-EventQueue-0] client.gui.AdminFrame  77 - s.au setat chestii
INFO    2018-10-17 13:47:53,838 [AWT-EventQueue-0] client.gui.AdminFrame  85 - s-a subscris la ora modif
INFO    2018-10-17 13:47:53,884 [AWT-EventQueue-0] client.gui.AdminFrame  89 - s-au luat angajatii
INFO    2018-10-17 13:47:54,237 [AWT-EventQueue-0] client.gui.AdminFrame  98 - s-au terminat activitatile
INFO    2018-10-17 13:48:14,786 [AWT-EventQueue-0] client.gui.AdminFrame  418 - S-a oprit aplicatia!
INFO    2018-10-17 14:08:58,256 [AWT-EventQueue-0] client.gui.AdminFrame  49 - A pornit aplicatia!
INFO    2018-10-17 14:08:58,359 [AWT-EventQueue-0] client.gui.AdminFrame  64 - a inceput afisarea
INFO    2018-10-17 14:08:58,510 [AWT-EventQueue-0] client.gui.AdminFrame  112 - s-au luat proiectele
INFO    2018-10-17 14:08:58,954 [AWT-EventQueue-0] client.gui.AdminFrame  115 - model
INFO    2018-10-17 14:08:58,956 [AWT-EventQueue-0] client.gui.AdminFrame  117 - s-a setat modelul
INFO    2018-10-17 14:08:58,969 [AWT-EventQueue-0] client.gui.AdminFrame  119 - s-a setat defaultRenderul
INFO    2018-10-17 14:08:58,989 [AWT-EventQueue-0] client.gui.AdminFrame  121 - s-au facut modificarile
INFO    2018-10-17 14:08:58,991 [AWT-EventQueue-0] client.gui.AdminFrame  66 - s-a terminat afisarea
INFO    2018-10-17 14:08:58,996 [AWT-EventQueue-0] client.gui.AdminFrame  77 - s.au setat chestii
INFO    2018-10-17 14:08:58,998 [AWT-EventQueue-0] client.gui.AdminFrame  85 - s-a subscris la ora modif
INFO    2018-10-17 14:08:59,053 [AWT-EventQueue-0] client.gui.AdminFrame  89 - s-au luat angajatii
INFO    2018-10-17 14:08:59,485 [AWT-EventQueue-0] client.gui.AdminFrame  98 - s-au terminat activitatile
INFO    2018-10-17 14:09:16,899 [AWT-EventQueue-0] client.gui.AdminFrame  418 - S-a oprit aplicatia!
INFO    2018-10-17 14:09:33,042 [AWT-EventQueue-0] client.gui.AdminFrame  49 - A pornit aplicatia!
INFO    2018-10-17 14:09:33,138 [AWT-EventQueue-0] client.gui.AdminFrame  64 - a inceput afisarea
INFO    2018-10-17 14:09:33,213 [AWT-EventQueue-0] client.gui.AdminFrame  112 - s-au luat proiectele
INFO    2018-10-17 14:09:33,685 [AWT-EventQueue-0] client.gui.AdminFrame  115 - model
INFO    2018-10-17 14:09:33,688 [AWT-EventQueue-0] client.gui.AdminFrame  117 - s-a setat modelul
INFO    2018-10-17 14:09:33,690 [AWT-EventQueue-0] client.gui.AdminFrame  119 - s-a setat defaultRenderul
INFO    2018-10-17 14:09:33,706 [AWT-EventQueue-0] client.gui.AdminFrame  121 - s-au facut modificarile
INFO    2018-10-17 14:09:33,707 [AWT-EventQueue-0] client.gui.AdminFrame  66 - s-a terminat afisarea
INFO    2018-10-17 14:09:33,713 [AWT-EventQueue-0] client.gui.AdminFrame  77 - s.au setat chestii
INFO    2018-10-17 14:09:33,714 [AWT-EventQueue-0] client.gui.AdminFrame  85 - s-a subscris la ora modif
INFO    2018-10-17 14:09:33,751 [AWT-EventQueue-0] client.gui.AdminFrame  89 - s-au luat angajatii
INFO    2018-10-17 14:09:34,052 [AWT-EventQueue-0] client.gui.AdminFrame  98 - s-au terminat activitatile
INFO    2018-10-17 14:09:45,024 [AWT-EventQueue-0] client.gui.AdminFrame  332 - S-a oprit aplicatia!
INFO    2018-10-17 14:09:49,510 [AWT-EventQueue-0] client.gui.ClientFrame  110 - Melinceanu Cristiana a pornit aplicatia! 192.168.56.1
INFO    2018-10-17 14:09:49,514 [AWT-EventQueue-0] client.gui.ClientFrame  114 - Melinceanu Cristiana a dat subscribe!
INFO    2018-10-17 14:09:49,536 [AWT-EventQueue-0] client.gui.ClientFrame  116 - Melinceanu Cristiana si-a luat ultima activitate!
INFO    2018-10-17 14:10:05,255 [AWT-EventQueue-0] client.gui.ClientFrame  1039 - Melinceanu Cristiana a oprit aplicatia!
