INFO    2018-10-19 15:08:37,874 [AWT-EventQueue-0] client.gui.AdminFrame  49 - A pornit aplicatia!
INFO    2018-10-19 15:08:37,986 [AWT-EventQueue-0] client.gui.AdminFrame  64 - a inceput afisarea
INFO    2018-10-19 15:08:38,141 [AWT-EventQueue-0] client.gui.AdminFrame  112 - s-au luat proiectele
INFO    2018-10-19 15:08:38,360 [AWT-EventQueue-0] client.gui.AdminFrame  115 - model
INFO    2018-10-19 15:08:38,362 [AWT-EventQueue-0] client.gui.AdminFrame  117 - s-a setat modelul
INFO    2018-10-19 15:08:38,377 [AWT-EventQueue-0] client.gui.AdminFrame  119 - s-a setat defaultRenderul
INFO    2018-10-19 15:08:38,388 [AWT-EventQueue-0] client.gui.AdminFrame  121 - s-au facut modificarile
INFO    2018-10-19 15:08:38,392 [AWT-EventQueue-0] client.gui.AdminFrame  66 - s-a terminat afisarea
INFO    2018-10-19 15:08:38,399 [AWT-EventQueue-0] client.gui.AdminFrame  77 - s.au setat chestii
INFO    2018-10-19 15:08:38,400 [AWT-EventQueue-0] client.gui.AdminFrame  85 - s-a subscris la ora modif
INFO    2018-10-19 15:08:38,464 [AWT-EventQueue-0] client.gui.AdminFrame  89 - s-au luat angajatii
INFO    2018-10-19 15:08:38,953 [AWT-EventQueue-0] client.gui.AdminFrame  98 - s-au terminat activitatile
INFO    2018-10-19 15:09:23,547 [AWT-EventQueue-0] client.gui.AdminFrame  418 - S-a oprit aplicatia!
INFO    2018-10-19 15:09:49,888 [AWT-EventQueue-0] client.gui.AdminFrame  49 - A pornit aplicatia!
INFO    2018-10-19 15:09:49,991 [AWT-EventQueue-0] client.gui.AdminFrame  64 - a inceput afisarea
INFO    2018-10-19 15:09:50,060 [AWT-EventQueue-0] client.gui.AdminFrame  112 - s-au luat proiectele
INFO    2018-10-19 15:09:50,545 [AWT-EventQueue-0] client.gui.AdminFrame  115 - model
INFO    2018-10-19 15:09:50,547 [AWT-EventQueue-0] client.gui.AdminFrame  117 - s-a setat modelul
INFO    2018-10-19 15:09:50,550 [AWT-EventQueue-0] client.gui.AdminFrame  119 - s-a setat defaultRenderul
INFO    2018-10-19 15:09:50,560 [AWT-EventQueue-0] client.gui.AdminFrame  121 - s-au facut modificarile
INFO    2018-10-19 15:09:50,561 [AWT-EventQueue-0] client.gui.AdminFrame  66 - s-a terminat afisarea
INFO    2018-10-19 15:09:50,563 [AWT-EventQueue-0] client.gui.AdminFrame  77 - s.au setat chestii
INFO    2018-10-19 15:09:50,563 [AWT-EventQueue-0] client.gui.AdminFrame  85 - s-a subscris la ora modif
INFO    2018-10-19 15:09:50,592 [AWT-EventQueue-0] client.gui.AdminFrame  89 - s-au luat angajatii
INFO    2018-10-19 15:09:50,872 [AWT-EventQueue-0] client.gui.AdminFrame  98 - s-au terminat activitatile
INFO    2018-10-19 15:10:23,028 [AWT-EventQueue-0] client.gui.AdminFrame  418 - S-a oprit aplicatia!
INFO    2018-10-19 15:13:40,817 [AWT-EventQueue-0] client.gui.AdminFrame  49 - A pornit aplicatia!
INFO    2018-10-19 15:13:40,908 [AWT-EventQueue-0] client.gui.AdminFrame  64 - a inceput afisarea
INFO    2018-10-19 15:13:40,986 [AWT-EventQueue-0] client.gui.AdminFrame  112 - s-au luat proiectele
INFO    2018-10-19 15:13:41,427 [AWT-EventQueue-0] client.gui.AdminFrame  115 - model
INFO    2018-10-19 15:13:41,429 [AWT-EventQueue-0] client.gui.AdminFrame  117 - s-a setat modelul
INFO    2018-10-19 15:13:41,431 [AWT-EventQueue-0] client.gui.AdminFrame  119 - s-a setat defaultRenderul
INFO    2018-10-19 15:13:41,440 [AWT-EventQueue-0] client.gui.AdminFrame  121 - s-au facut modificarile
INFO    2018-10-19 15:13:41,441 [AWT-EventQueue-0] client.gui.AdminFrame  66 - s-a terminat afisarea
INFO    2018-10-19 15:13:41,448 [AWT-EventQueue-0] client.gui.AdminFrame  77 - s.au setat chestii
INFO    2018-10-19 15:13:41,449 [AWT-EventQueue-0] client.gui.AdminFrame  85 - s-a subscris la ora modif
INFO    2018-10-19 15:13:41,474 [AWT-EventQueue-0] client.gui.AdminFrame  89 - s-au luat angajatii
INFO    2018-10-19 15:13:41,699 [AWT-EventQueue-0] client.gui.AdminFrame  98 - s-au terminat activitatile
INFO    2018-10-19 15:14:21,381 [AWT-EventQueue-0] client.gui.AdminFrame  332 - S-a oprit aplicatia!
INFO    2018-10-19 15:15:39,807 [AWT-EventQueue-0] client.gui.AdminFrame  49 - A pornit aplicatia!
INFO    2018-10-19 15:15:45,593 [AWT-EventQueue-0] client.gui.AdminFrame  418 - S-a oprit aplicatia!
INFO    2018-10-19 15:21:58,859 [AWT-EventQueue-0] client.gui.AdminFrame  49 - A pornit aplicatia!
INFO    2018-10-19 15:22:42,270 [AWT-EventQueue-0] client.gui.AdminFrame  332 - S-a oprit aplicatia!
INFO    2018-10-19 15:42:36,022 [AWT-EventQueue-0] client.gui.AdminFrame  49 - A pornit aplicatia!
INFO    2018-10-19 15:42:41,793 [AWT-EventQueue-0] client.gui.AdminFrame  427 - S-a oprit aplicatia!
INFO    2018-10-19 15:47:54,537 [AWT-EventQueue-0] client.gui.AdminFrame  51 - A pornit aplicatia!
INFO    2018-10-19 15:48:27,352 [AWT-EventQueue-0] client.gui.AdminFrame  343 - S-a oprit aplicatia!
INFO    2018-10-19 15:48:31,107 [AWT-EventQueue-0] client.gui.ClientFrame  110 - Melinceanu Cristina a pornit aplicatia! 192.168.153.50
INFO    2018-10-19 15:48:31,110 [AWT-EventQueue-0] client.gui.ClientFrame  114 - Melinceanu Cristina a dat subscribe!
INFO    2018-10-19 15:48:31,129 [AWT-EventQueue-0] client.gui.ClientFrame  116 - Melinceanu Cristina si-a luat ultima activitate!
INFO    2018-10-19 15:48:34,584 [AWT-EventQueue-0] client.gui.ClientFrame  1025 - S-a oprit aplicatia!
INFO    2018-10-19 15:48:38,911 [AWT-EventQueue-0] client.gui.AdminFrame  51 - A pornit aplicatia!
INFO    2018-10-19 15:49:13,537 [AWT-EventQueue-0] client.gui.AdminFrame  429 - S-a oprit aplicatia!
INFO    2018-10-19 16:18:14,797 [AWT-EventQueue-0] client.gui.AdminFrame  51 - A pornit aplicatia!
INFO    2018-10-19 16:18:17,731 [AWT-EventQueue-0] client.gui.AdminFrame  429 - S-a oprit aplicatia!
