INFO    2018-08-08 10:28:40,741 [AWT-EventQueue-0] client.gui.AdminFrame  47 - A pornit aplicatia!
INFO    2018-08-08 10:30:39,964 [AWT-EventQueue-0] client.gui.AdminFrame  365 - S-a oprit aplicatia!
INFO    2018-08-08 10:38:49,589 [AWT-EventQueue-0] client.gui.AdminFrame  47 - A pornit aplicatia!
INFO    2018-08-08 10:38:57,887 [AWT-EventQueue-0] client.gui.ClientFrame  49 - A pornit aplicatia!
INFO    2018-08-08 10:40:09,882 [AWT-EventQueue-0] client.gui.ClientFrame  952 - S-a oprit aplicatia!
INFO    2018-08-08 10:40:16,728 [AWT-EventQueue-0] client.gui.AdminFrame  365 - S-a oprit aplicatia!
INFO    2018-08-08 10:53:05,189 [AWT-EventQueue-0] client.gui.ClientFrame  49 - A pornit aplicatia!
INFO    2018-08-08 10:53:07,339 [AWT-EventQueue-0] client.gui.ClientFrame  952 - S-a oprit aplicatia!
INFO    2018-08-08 10:53:24,103 [AWT-EventQueue-0] client.gui.AdminFrame  47 - A pornit aplicatia!
INFO    2018-08-08 10:54:00,045 [AWT-EventQueue-0] client.gui.AdminFrame  374 - S-a oprit aplicatia!
INFO    2018-08-08 10:55:58,446 [AWT-EventQueue-0] client.gui.AdminFrame  47 - A pornit aplicatia!
INFO    2018-08-08 10:56:31,628 [AWT-EventQueue-0] client.gui.AdminFrame  374 - S-a oprit aplicatia!
INFO    2018-08-08 10:57:36,926 [AWT-EventQueue-0] client.gui.AdminFrame  47 - A pornit aplicatia!
INFO    2018-08-08 10:57:56,780 [AWT-EventQueue-0] client.gui.AdminFrame  374 - S-a oprit aplicatia!
INFO    2018-08-08 10:58:54,328 [AWT-EventQueue-0] client.gui.AdminFrame  47 - A pornit aplicatia!
INFO    2018-08-08 10:59:06,599 [AWT-EventQueue-0] client.gui.AdminFrame  374 - S-a oprit aplicatia!
INFO    2018-08-08 10:59:37,656 [AWT-EventQueue-0] client.gui.AdminFrame  47 - A pornit aplicatia!
INFO    2018-08-08 10:59:47,519 [AWT-EventQueue-0] client.gui.AdminFrame  374 - S-a oprit aplicatia!
INFO    2018-08-08 10:59:59,924 [AWT-EventQueue-0] client.gui.AdminFrame  47 - A pornit aplicatia!
INFO    2018-08-08 11:02:22,505 [AWT-EventQueue-0] client.gui.AdminFrame  47 - A pornit aplicatia!
INFO    2018-08-08 11:04:31,853 [AWT-EventQueue-0] client.gui.AdminFrame  374 - S-a oprit aplicatia!
INFO    2018-08-08 11:05:08,736 [AWT-EventQueue-0] client.gui.AdminFrame  47 - A pornit aplicatia!
INFO    2018-08-08 11:05:19,193 [AWT-EventQueue-0] client.gui.AdminFrame  374 - S-a oprit aplicatia!
INFO    2018-08-08 11:06:02,812 [AWT-EventQueue-0] client.gui.AdminFrame  47 - A pornit aplicatia!
INFO    2018-08-08 11:06:10,820 [AWT-EventQueue-0] client.gui.AdminFrame  374 - S-a oprit aplicatia!
INFO    2018-08-08 11:09:44,276 [AWT-EventQueue-0] client.gui.AdminFrame  47 - A pornit aplicatia!
INFO    2018-08-08 11:09:59,977 [AWT-EventQueue-0] client.gui.AdminFrame  374 - S-a oprit aplicatia!
INFO    2018-08-08 11:10:22,448 [AWT-EventQueue-0] client.gui.AdminFrame  47 - A pornit aplicatia!
ERROR   2018-08-08 11:11:01,287 [AWT-EventQueue-0] client.gui.AdminFrame  57 - Eroare la admin!
INFO    2018-08-08 11:11:04,180 [AWT-EventQueue-0] client.gui.AdminFrame  374 - S-a oprit aplicatia!
INFO    2018-08-08 11:12:10,486 [AWT-EventQueue-0] client.gui.AdminFrame  47 - A pornit aplicatia!
INFO    2018-08-08 11:12:29,626 [AWT-EventQueue-0] client.gui.AdminFrame  374 - S-a oprit aplicatia!
INFO    2018-08-08 11:13:37,624 [AWT-EventQueue-0] client.gui.AdminFrame  47 - A pornit aplicatia!
INFO    2018-08-08 11:14:30,566 [AWT-EventQueue-0] client.gui.AdminFrame  374 - S-a oprit aplicatia!
INFO    2018-08-08 11:15:43,732 [AWT-EventQueue-0] client.gui.AdminFrame  47 - A pornit aplicatia!
INFO    2018-08-08 11:16:22,138 [AWT-EventQueue-0] client.gui.AdminFrame  374 - S-a oprit aplicatia!
INFO    2018-08-08 11:16:50,599 [AWT-EventQueue-0] client.gui.ClientFrame  49 - A pornit aplicatia!
INFO    2018-08-08 11:31:51,380 [AWT-EventQueue-0] client.gui.ClientFrame  952 - S-a oprit aplicatia!
ERROR   2018-08-08 11:33:42,356 [AWT-EventQueue-0] client.gui.LoginFrame  86 - java.lang.NullPointerException
INFO    2018-08-08 11:33:55,103 [AWT-EventQueue-0] client.gui.ClientFrame  49 - A pornit aplicatia!
INFO    2018-08-08 11:34:48,069 [AWT-EventQueue-0] client.gui.ClientFrame  948 - S-a oprit aplicatia!
INFO    2018-08-08 11:42:07,581 [AWT-EventQueue-0] client.gui.ClientFrame  49 - A pornit aplicatia!
INFO    2018-08-08 11:42:11,531 [AWT-EventQueue-0] client.gui.ClientFrame  983 - S-a oprit aplicatia!
INFO    2018-08-08 11:43:00,207 [AWT-EventQueue-0] client.gui.ClientFrame  49 - A pornit aplicatia!
INFO    2018-08-08 11:43:05,496 [AWT-EventQueue-0] client.gui.ClientFrame  984 - S-a oprit aplicatia!
INFO    2018-08-08 11:43:45,125 [AWT-EventQueue-0] client.gui.ClientFrame  49 - A pornit aplicatia!
INFO    2018-08-08 11:43:56,977 [AWT-EventQueue-0] client.gui.ClientFrame  952 - S-a oprit aplicatia!
INFO    2018-08-08 11:45:13,180 [AWT-EventQueue-0] client.gui.ClientFrame  49 - A pornit aplicatia!
INFO    2018-08-08 11:45:24,404 [AWT-EventQueue-0] client.gui.ClientFrame  969 - S-a oprit aplicatia!
INFO    2018-08-08 11:47:21,112 [AWT-EventQueue-0] client.gui.ClientFrame  49 - A pornit aplicatia!
INFO    2018-08-08 11:47:26,573 [AWT-EventQueue-0] client.gui.ClientFrame  969 - S-a oprit aplicatia!
INFO    2018-08-08 11:47:44,936 [AWT-EventQueue-0] client.gui.ClientFrame  49 - A pornit aplicatia!
INFO    2018-08-08 11:47:51,435 [AWT-EventQueue-0] client.gui.ClientFrame  969 - S-a oprit aplicatia!
INFO    2018-08-08 11:48:07,283 [AWT-EventQueue-0] client.gui.ClientFrame  49 - A pornit aplicatia!
INFO    2018-08-08 11:48:09,705 [AWT-EventQueue-0] client.gui.ClientFrame  970 - S-a oprit aplicatia!
INFO    2018-08-08 11:48:31,379 [AWT-EventQueue-0] client.gui.ClientFrame  49 - A pornit aplicatia!
INFO    2018-08-08 11:48:34,162 [AWT-EventQueue-0] client.gui.ClientFrame  970 - S-a oprit aplicatia!
INFO    2018-08-08 11:48:46,948 [AWT-EventQueue-0] client.gui.ClientFrame  49 - A pornit aplicatia!
INFO    2018-08-08 11:48:50,535 [AWT-EventQueue-0] client.gui.ClientFrame  971 - S-a oprit aplicatia!
INFO    2018-08-08 11:49:24,298 [AWT-EventQueue-0] client.gui.ClientFrame  49 - A pornit aplicatia!
INFO    2018-08-08 11:49:30,569 [AWT-EventQueue-0] client.gui.ClientFrame  976 - S-a oprit aplicatia!
INFO    2018-08-08 11:49:43,899 [AWT-EventQueue-0] client.gui.ClientFrame  49 - A pornit aplicatia!
INFO    2018-08-08 11:49:49,689 [AWT-EventQueue-0] client.gui.ClientFrame  976 - S-a oprit aplicatia!
INFO    2018-08-08 11:50:40,634 [AWT-EventQueue-0] client.gui.ClientFrame  49 - A pornit aplicatia!
INFO    2018-08-08 11:50:53,423 [AWT-EventQueue-0] client.gui.ClientFrame  983 - S-a oprit aplicatia!
INFO    2018-08-08 11:51:01,786 [AWT-EventQueue-0] client.gui.ClientFrame  49 - A pornit aplicatia!
INFO    2018-08-08 11:51:20,347 [AWT-EventQueue-0] client.gui.ClientFrame  983 - S-a oprit aplicatia!
INFO    2018-08-08 11:52:09,249 [AWT-EventQueue-0] client.gui.ClientFrame  49 - A pornit aplicatia!
INFO    2018-08-08 11:53:02,577 [AWT-EventQueue-0] client.gui.ClientFrame  49 - A pornit aplicatia!
INFO    2018-08-08 11:53:46,909 [AWT-EventQueue-0] client.gui.ClientFrame  49 - A pornit aplicatia!
INFO    2018-08-08 11:54:02,577 [AWT-EventQueue-0] client.gui.ClientFrame  983 - S-a oprit aplicatia!
INFO    2018-08-08 11:54:46,046 [AWT-EventQueue-0] client.gui.ClientFrame  49 - A pornit aplicatia!
INFO    2018-08-08 11:55:03,942 [AWT-EventQueue-0] client.gui.ClientFrame  983 - S-a oprit aplicatia!
INFO    2018-08-08 11:55:45,202 [AWT-EventQueue-0] client.gui.ClientFrame  49 - A pornit aplicatia!
INFO    2018-08-08 11:56:52,148 [AWT-EventQueue-0] client.gui.ClientFrame  49 - A pornit aplicatia!
INFO    2018-08-08 11:57:11,982 [AWT-EventQueue-0] client.gui.ClientFrame  983 - S-a oprit aplicatia!
INFO    2018-08-08 11:57:42,388 [AWT-EventQueue-0] client.gui.ClientFrame  49 - A pornit aplicatia!
INFO    2018-08-08 11:58:10,995 [AWT-EventQueue-0] client.gui.ClientFrame  983 - S-a oprit aplicatia!
INFO    2018-08-08 11:59:45,598 [AWT-EventQueue-0] client.gui.ClientFrame  49 - A pornit aplicatia!
INFO    2018-08-08 12:00:06,754 [AWT-EventQueue-0] client.gui.ClientFrame  990 - S-a oprit aplicatia!
INFO    2018-08-08 12:12:03,980 [AWT-EventQueue-0] client.gui.AdminFrame  47 - A pornit aplicatia!
INFO    2018-08-08 12:13:25,555 [AWT-EventQueue-0] client.gui.AdminFrame  374 - S-a oprit aplicatia!
INFO    2018-08-08 13:35:39,189 [AWT-EventQueue-0] client.gui.ClientFrame  49 - A pornit aplicatia!
INFO    2018-08-08 13:35:41,387 [AWT-EventQueue-0] client.gui.ClientFrame  991 - S-a oprit aplicatia!
INFO    2018-08-08 14:34:11,594 [AWT-EventQueue-0] client.gui.ClientFrame  49 - A pornit aplicatia!
INFO    2018-08-08 14:34:15,802 [AWT-EventQueue-0] client.gui.ClientFrame  991 - S-a oprit aplicatia!
INFO    2018-08-08 14:47:00,427 [AWT-EventQueue-0] client.gui.AdminFrame  47 - A pornit aplicatia!
INFO    2018-08-08 14:47:34,893 [AWT-EventQueue-0] client.gui.AdminFrame  374 - S-a oprit aplicatia!
INFO    2018-08-08 14:48:08,156 [AWT-EventQueue-0] client.gui.AdminFrame  47 - A pornit aplicatia!
INFO    2018-08-08 14:48:19,549 [AWT-EventQueue-0] client.gui.AdminFrame  374 - S-a oprit aplicatia!
INFO    2018-08-08 14:48:57,649 [AWT-EventQueue-0] client.gui.AdminFrame  47 - A pornit aplicatia!
INFO    2018-08-08 14:51:13,566 [AWT-EventQueue-0] client.gui.AdminFrame  47 - A pornit aplicatia!
INFO    2018-08-08 14:51:25,607 [AWT-EventQueue-0] client.gui.AdminFrame  374 - S-a oprit aplicatia!
INFO    2018-08-08 14:51:41,851 [AWT-EventQueue-0] client.gui.AdminFrame  47 - A pornit aplicatia!
INFO    2018-08-08 14:52:58,282 [AWT-EventQueue-0] client.gui.AdminFrame  47 - A pornit aplicatia!
INFO    2018-08-08 14:53:39,970 [AWT-EventQueue-0] client.gui.AdminFrame  47 - A pornit aplicatia!
INFO    2018-08-08 14:54:30,026 [AWT-EventQueue-0] client.gui.ClientFrame  49 - A pornit aplicatia!
INFO    2018-08-08 14:54:38,874 [AWT-EventQueue-0] client.gui.AdminFrame  47 - A pornit aplicatia!
INFO    2018-08-08 14:55:50,829 [AWT-EventQueue-0] client.gui.AdminFrame  47 - A pornit aplicatia!
INFO    2018-08-08 14:56:01,206 [AWT-EventQueue-0] client.gui.AdminFrame  374 - S-a oprit aplicatia!
INFO    2018-08-08 14:56:29,441 [AWT-EventQueue-0] client.gui.AdminFrame  47 - A pornit aplicatia!
INFO    2018-08-08 14:56:54,794 [AWT-EventQueue-0] client.gui.AdminFrame  374 - S-a oprit aplicatia!
INFO    2018-08-08 15:05:51,864 [AWT-EventQueue-0] client.gui.ClientFrame  49 - A pornit aplicatia!
INFO    2018-08-08 15:06:05,202 [AWT-EventQueue-0] client.gui.ClientFrame  994 - S-a oprit aplicatia!
INFO    2018-08-08 15:07:18,487 [AWT-EventQueue-0] client.gui.ClientFrame  49 - A pornit aplicatia!
INFO    2018-08-08 15:07:47,876 [AWT-EventQueue-0] client.gui.AdminFrame  47 - A pornit aplicatia!
INFO    2018-08-08 15:08:00,031 [AWT-EventQueue-0] client.gui.AdminFrame  374 - S-a oprit aplicatia!
INFO    2018-08-08 15:31:06,489 [AWT-EventQueue-0] client.gui.AdminFrame  47 - A pornit aplicatia!
INFO    2018-08-08 15:31:50,835 [AWT-EventQueue-0] client.gui.AdminFrame  374 - S-a oprit aplicatia!
INFO    2018-08-08 15:33:48,285 [AWT-EventQueue-0] client.gui.AdminFrame  47 - A pornit aplicatia!
INFO    2018-08-08 15:34:13,417 [AWT-EventQueue-0] client.gui.AdminFrame  374 - S-a oprit aplicatia!
INFO    2018-08-08 15:34:41,921 [AWT-EventQueue-0] client.gui.AdminFrame  47 - A pornit aplicatia!
INFO    2018-08-08 15:35:14,837 [AWT-EventQueue-0] client.gui.AdminFrame  374 - S-a oprit aplicatia!
INFO    2018-08-08 15:36:07,061 [AWT-EventQueue-0] client.gui.AdminFrame  47 - A pornit aplicatia!
INFO    2018-08-08 15:36:55,345 [AWT-EventQueue-0] client.gui.AdminFrame  374 - S-a oprit aplicatia!
INFO    2018-08-08 15:37:54,312 [AWT-EventQueue-0] client.gui.AdminFrame  47 - A pornit aplicatia!
INFO    2018-08-08 15:39:37,270 [AWT-EventQueue-0] client.gui.AdminFrame  47 - A pornit aplicatia!
INFO    2018-08-08 15:40:22,184 [AWT-EventQueue-0] client.gui.AdminFrame  47 - A pornit aplicatia!
ERROR   2018-08-08 15:48:01,905 [AWT-EventQueue-0] client.gui.LoginFrame  86 - java.lang.NullPointerException
ERROR   2018-08-08 15:58:22,212 [AWT-EventQueue-0] client.gui.LoginFrame  86 - java.lang.NullPointerException
INFO    2018-08-08 15:59:37,455 [AWT-EventQueue-0] client.gui.AdminFrame  47 - A pornit aplicatia!
INFO    2018-08-08 15:59:52,122 [AWT-EventQueue-0] client.gui.AdminFrame  374 - S-a oprit aplicatia!
INFO    2018-08-08 16:00:23,063 [AWT-EventQueue-0] client.gui.AdminFrame  47 - A pornit aplicatia!
INFO    2018-08-08 16:00:47,044 [AWT-EventQueue-0] client.gui.AdminFrame  374 - S-a oprit aplicatia!
INFO    2018-08-08 16:01:14,517 [AWT-EventQueue-0] client.gui.AdminFrame  47 - A pornit aplicatia!
INFO    2018-08-08 16:01:31,226 [AWT-EventQueue-0] client.gui.AdminFrame  374 - S-a oprit aplicatia!
INFO    2018-08-08 16:02:29,535 [AWT-EventQueue-0] client.gui.AdminFrame  47 - A pornit aplicatia!
INFO    2018-08-08 16:03:45,492 [AWT-EventQueue-0] client.gui.AdminFrame  374 - S-a oprit aplicatia!
