INFO    2018-08-21 16:39:08,967 [AWT-EventQueue-0] client.gui.AdminFrame  47 - A pornit aplicatia!
INFO    2018-08-21 16:39:12,591 [AWT-EventQueue-0] client.gui.AdminFrame  374 - S-a oprit aplicatia!
INFO    2018-08-21 17:53:58,853 [AWT-EventQueue-0] client.gui.ClientFrame  49 - A pornit aplicatia!
INFO    2018-08-21 17:54:22,085 [AWT-EventQueue-0] client.gui.ClientFrame  993 - S-a oprit aplicatia!
INFO    2018-08-21 17:54:41,102 [AWT-EventQueue-0] client.gui.ClientFrame  49 - A pornit aplicatia!
INFO    2018-08-21 17:54:50,265 [AWT-EventQueue-0] client.gui.ClientFrame  993 - S-a oprit aplicatia!
INFO    2018-08-21 17:55:58,862 [AWT-EventQueue-0] client.gui.ClientFrame  49 - A pornit aplicatia!
INFO    2018-08-21 17:56:17,155 [AWT-EventQueue-0] client.gui.ClientFrame  999 - S-a oprit aplicatia!
INFO    2018-08-21 17:56:27,678 [AWT-EventQueue-0] client.gui.ClientFrame  49 - A pornit aplicatia!
INFO    2018-08-21 17:56:39,374 [AWT-EventQueue-0] client.gui.ClientFrame  999 - S-a oprit aplicatia!
INFO    2018-08-21 17:57:09,722 [AWT-EventQueue-0] client.gui.ClientFrame  49 - A pornit aplicatia!
INFO    2018-08-21 17:57:25,760 [AWT-EventQueue-0] client.gui.ClientFrame  999 - S-a oprit aplicatia!
INFO    2018-08-21 17:57:49,150 [AWT-EventQueue-0] client.gui.ClientFrame  49 - A pornit aplicatia!
INFO    2018-08-21 17:59:02,748 [AWT-EventQueue-0] client.gui.ClientFrame  49 - A pornit aplicatia!
INFO    2018-08-21 17:59:38,437 [AWT-EventQueue-0] client.gui.ClientFrame  999 - S-a oprit aplicatia!
INFO    2018-08-21 18:00:08,930 [AWT-EventQueue-0] client.gui.ClientFrame  49 - A pornit aplicatia!
INFO    2018-08-21 18:02:56,909 [AWT-EventQueue-0] client.gui.ClientFrame  49 - A pornit aplicatia!
INFO    2018-08-21 18:03:17,525 [AWT-EventQueue-0] client.gui.ClientFrame  1007 - S-a oprit aplicatia!
INFO    2018-08-21 18:03:44,343 [AWT-EventQueue-0] client.gui.ClientFrame  49 - A pornit aplicatia!
INFO    2018-08-21 18:04:04,447 [AWT-EventQueue-0] client.gui.ClientFrame  1008 - S-a oprit aplicatia!
INFO    2018-08-21 18:07:02,702 [AWT-EventQueue-0] client.gui.ClientFrame  49 - A pornit aplicatia!
INFO    2018-08-21 18:07:38,999 [AWT-EventQueue-0] client.gui.ClientFrame  1008 - S-a oprit aplicatia!
ERROR   2018-08-21 18:31:41,125 [AWT-EventQueue-0] client.gui.LoginFrame  86 - java.lang.NullPointerException
INFO    2018-08-21 18:34:40,405 [AWT-EventQueue-0] client.gui.AdminFrame  47 - A pornit aplicatia!
INFO    2018-08-21 18:34:48,047 [AWT-EventQueue-0] client.gui.ClientFrame  49 - A pornit aplicatia!
INFO    2018-08-21 18:34:56,176 [AWT-EventQueue-0] client.gui.ClientFrame  1008 - S-a oprit aplicatia!
INFO    2018-08-21 18:34:57,292 [AWT-EventQueue-0] client.gui.AdminFrame  374 - S-a oprit aplicatia!
INFO    2018-08-21 18:35:30,858 [AWT-EventQueue-0] client.gui.AdminFrame  47 - A pornit aplicatia!
INFO    2018-08-21 18:37:52,622 [AWT-EventQueue-0] client.gui.AdminFrame  374 - S-a oprit aplicatia!
INFO    2018-08-21 18:38:43,994 [AWT-EventQueue-0] client.gui.ClientFrame  49 - A pornit aplicatia!
INFO    2018-08-21 18:38:52,476 [AWT-EventQueue-0] client.gui.ClientFrame  1008 - S-a oprit aplicatia!
INFO    2018-08-21 18:40:40,488 [AWT-EventQueue-0] client.gui.ClientFrame  49 - A pornit aplicatia!
INFO    2018-08-21 18:40:56,567 [AWT-EventQueue-0] client.gui.ClientFrame  1008 - S-a oprit aplicatia!
