INFO    2018-11-15 12:07:35,983 [AWT-EventQueue-0] client.gui.AdminFrame  51 - A pornit aplicatia!
INFO    2018-11-15 12:08:00,448 [AWT-EventQueue-0] client.gui.AdminFrame  429 - S-a oprit aplicatia!
INFO    2018-11-15 12:10:34,457 [AWT-EventQueue-0] client.gui.AdminFrame  51 - A pornit aplicatia!
INFO    2018-11-15 12:11:00,010 [AWT-EventQueue-0] client.gui.AdminFrame  429 - S-a oprit aplicatia!
INFO    2018-11-15 12:11:55,952 [AWT-EventQueue-0] client.gui.AdminFrame  51 - A pornit aplicatia!
INFO    2018-11-15 12:12:09,251 [AWT-EventQueue-0] client.gui.AdminFrame  429 - S-a oprit aplicatia!
INFO    2018-11-15 12:27:02,322 [AWT-EventQueue-0] client.gui.AdminFrame  51 - A pornit aplicatia!
INFO    2018-11-15 12:27:15,495 [AWT-EventQueue-0] client.gui.AdminFrame  429 - S-a oprit aplicatia!
INFO    2018-11-15 12:27:29,246 [AWT-EventQueue-0] client.gui.AdminFrame  51 - A pornit aplicatia!
INFO    2018-11-15 12:27:42,859 [AWT-EventQueue-0] client.gui.AdminFrame  429 - S-a oprit aplicatia!
INFO    2018-11-15 12:28:34,954 [AWT-EventQueue-0] client.gui.AdminFrame  51 - A pornit aplicatia!
INFO    2018-11-15 12:28:47,252 [AWT-EventQueue-0] client.gui.AdminFrame  429 - S-a oprit aplicatia!
INFO    2018-11-15 12:29:01,221 [AWT-EventQueue-0] client.gui.AdminFrame  51 - A pornit aplicatia!
INFO    2018-11-15 12:29:10,515 [AWT-EventQueue-0] client.gui.AdminFrame  429 - S-a oprit aplicatia!
INFO    2018-11-15 12:30:11,218 [AWT-EventQueue-0] client.gui.AdminFrame  51 - A pornit aplicatia!
INFO    2018-11-15 12:30:25,357 [AWT-EventQueue-0] client.gui.AdminFrame  429 - S-a oprit aplicatia!
INFO    2018-11-15 12:30:48,537 [AWT-EventQueue-0] client.gui.AdminFrame  51 - A pornit aplicatia!
INFO    2018-11-15 12:31:12,535 [AWT-EventQueue-0] client.gui.AdminFrame  429 - S-a oprit aplicatia!
INFO    2018-11-15 12:31:53,358 [AWT-EventQueue-0] client.gui.AdminFrame  51 - A pornit aplicatia!
INFO    2018-11-15 12:32:12,875 [AWT-EventQueue-0] client.gui.AdminFrame  429 - S-a oprit aplicatia!
INFO    2018-11-15 12:36:51,870 [AWT-EventQueue-0] client.gui.AdminFrame  51 - A pornit aplicatia!
INFO    2018-11-15 12:37:12,200 [AWT-EventQueue-0] client.gui.AdminFrame  429 - S-a oprit aplicatia!
INFO    2018-11-15 12:37:45,081 [AWT-EventQueue-0] client.gui.AdminFrame  51 - A pornit aplicatia!
INFO    2018-11-15 12:38:19,610 [AWT-EventQueue-0] client.gui.AdminFrame  429 - S-a oprit aplicatia!
INFO    2018-11-15 12:39:37,922 [AWT-EventQueue-0] client.gui.AdminFrame  51 - A pornit aplicatia!
INFO    2018-11-15 12:39:52,078 [AWT-EventQueue-0] client.gui.AdminFrame  429 - S-a oprit aplicatia!
INFO    2018-11-15 15:22:29,576 [AWT-EventQueue-0] client.gui.AdminFrame  51 - A pornit aplicatia!
ERROR   2018-11-15 15:22:43,564 [AWT-EventQueue-0] client.gui.ModificaProiectFrame  310 - java.lang.ArrayIndexOutOfBoundsException: 2
INFO    2018-11-15 15:22:50,057 [AWT-EventQueue-0] client.gui.AdminFrame  429 - S-a oprit aplicatia!
INFO    2018-11-15 15:23:44,463 [AWT-EventQueue-0] client.gui.AdminFrame  51 - A pornit aplicatia!
ERROR   2018-11-15 15:24:00,252 [AWT-EventQueue-0] client.gui.ModificaProiectFrame  310 - java.lang.ArrayIndexOutOfBoundsException: 2
INFO    2018-11-15 15:24:47,990 [AWT-EventQueue-0] client.gui.AdminFrame  429 - S-a oprit aplicatia!
INFO    2018-11-15 15:24:54,671 [AWT-EventQueue-0] client.gui.AdminFrame  51 - A pornit aplicatia!
INFO    2018-11-15 15:25:34,162 [AWT-EventQueue-0] client.gui.AdminFrame  429 - S-a oprit aplicatia!
INFO    2018-11-15 15:28:36,554 [AWT-EventQueue-0] client.gui.AdminFrame  51 - A pornit aplicatia!
INFO    2018-11-15 15:29:37,594 [AWT-EventQueue-0] client.gui.AdminFrame  429 - S-a oprit aplicatia!
INFO    2018-11-15 15:54:40,475 [AWT-EventQueue-0] client.gui.AdminFrame  51 - A pornit aplicatia!
INFO    2018-11-15 15:54:56,899 [AWT-EventQueue-0] client.gui.ClientFrame  110 - Theodorescu Mihael a pornit aplicatia! 192.168.153.52
INFO    2018-11-15 15:54:56,901 [AWT-EventQueue-0] client.gui.ClientFrame  114 - Theodorescu Mihael a dat subscribe!
ERROR   2018-11-15 15:54:56,921 [AWT-EventQueue-0] client.gui.ClientFrame  141 - Theodorescu Mihael are eroarea: 
java.rmi.UnmarshalException: Error unmarshaling return header; nested exception is: 
	java.net.SocketException: Connection reset
	at sun.rmi.transport.StreamRemoteCall.executeCall(StreamRemoteCall.java:236)
	at sun.rmi.server.UnicastRef.invoke(UnicastRef.java:161)
	at java.rmi.server.RemoteObjectInvocationHandler.invokeRemoteMethod(RemoteObjectInvocationHandler.java:227)
	at java.rmi.server.RemoteObjectInvocationHandler.invoke(RemoteObjectInvocationHandler.java:179)
	at com.sun.proxy.$Proxy4.getOreAngajatLuna(Unknown Source)
	at client.controller.ActivitateController.getOreAngajatLuna(ActivitateController.java:90)
	at client.gui.ClientFrame.<init>(ClientFrame.java:116)
	at client.gui.AdminFrame.jMenuItem10ActionPerformed(AdminFrame.java:418)
	at client.gui.AdminFrame.access$600(AdminFrame.java:40)
	at client.gui.AdminFrame$7.actionPerformed(AdminFrame.java:216)
	at javax.swing.AbstractButton.fireActionPerformed(AbstractButton.java:2022)
	at javax.swing.AbstractButton$Handler.actionPerformed(AbstractButton.java:2348)
	at javax.swing.DefaultButtonModel.fireActionPerformed(DefaultButtonModel.java:402)
	at javax.swing.DefaultButtonModel.setPressed(DefaultButtonModel.java:259)
	at javax.swing.AbstractButton.doClick(AbstractButton.java:376)
	at javax.swing.plaf.basic.BasicMenuItemUI.doClick(BasicMenuItemUI.java:833)
	at javax.swing.plaf.basic.BasicMenuItemUI$Handler.mouseReleased(BasicMenuItemUI.java:877)
	at java.awt.Component.processMouseEvent(Component.java:6533)
	at javax.swing.JComponent.processMouseEvent(JComponent.java:3324)
	at java.awt.Component.processEvent(Component.java:6298)
	at java.awt.Container.processEvent(Container.java:2236)
	at java.awt.Component.dispatchEventImpl(Component.java:4889)
	at java.awt.Container.dispatchEventImpl(Container.java:2294)
	at java.awt.Component.dispatchEvent(Component.java:4711)
	at java.awt.LightweightDispatcher.retargetMouseEvent(Container.java:4888)
	at java.awt.LightweightDispatcher.processMouseEvent(Container.java:4525)
	at java.awt.LightweightDispatcher.dispatchEvent(Container.java:4466)
	at java.awt.Container.dispatchEventImpl(Container.java:2280)
	at java.awt.Window.dispatchEventImpl(Window.java:2746)
	at java.awt.Component.dispatchEvent(Component.java:4711)
	at java.awt.EventQueue.dispatchEventImpl(EventQueue.java:758)
	at java.awt.EventQueue.access$500(EventQueue.java:97)
	at java.awt.EventQueue$3.run(EventQueue.java:709)
	at java.awt.EventQueue$3.run(EventQueue.java:703)
	at java.security.AccessController.doPrivileged(Native Method)
	at java.security.ProtectionDomain$JavaSecurityAccessImpl.doIntersectionPrivilege(ProtectionDomain.java:80)
	at java.security.ProtectionDomain$JavaSecurityAccessImpl.doIntersectionPrivilege(ProtectionDomain.java:90)
	at java.awt.EventQueue$4.run(EventQueue.java:731)
	at java.awt.EventQueue$4.run(EventQueue.java:729)
	at java.security.AccessController.doPrivileged(Native Method)
	at java.security.ProtectionDomain$JavaSecurityAccessImpl.doIntersectionPrivilege(ProtectionDomain.java:80)
	at java.awt.EventQueue.dispatchEvent(EventQueue.java:728)
	at java.awt.EventDispatchThread.pumpOneEventForFilters(EventDispatchThread.java:201)
	at java.awt.EventDispatchThread.pumpEventsForFilter(EventDispatchThread.java:116)
	at java.awt.EventDispatchThread.pumpEventsForHierarchy(EventDispatchThread.java:105)
	at java.awt.EventDispatchThread.pumpEvents(EventDispatchThread.java:101)
	at java.awt.EventDispatchThread.pumpEvents(EventDispatchThread.java:93)
	at java.awt.EventDispatchThread.run(EventDispatchThread.java:82)
Caused by: java.net.SocketException: Connection reset
	at java.net.SocketInputStream.read(SocketInputStream.java:210)
	at java.net.SocketInputStream.read(SocketInputStream.java:141)
	at java.io.BufferedInputStream.fill(BufferedInputStream.java:246)
	at java.io.BufferedInputStream.read(BufferedInputStream.java:265)
	at java.io.DataInputStream.readByte(DataInputStream.java:265)
	at sun.rmi.transport.StreamRemoteCall.executeCall(StreamRemoteCall.java:222)
	... 47 more
INFO    2018-11-15 15:55:05,324 [AWT-EventQueue-0] client.gui.ClientFrame  1062 - Theodorescu Mihael a oprit aplicatia!
INFO    2018-11-15 15:55:06,740 [AWT-EventQueue-0] client.gui.AdminFrame  429 - S-a oprit aplicatia!
INFO    2018-11-15 15:55:40,301 [AWT-EventQueue-0] client.gui.AdminFrame  51 - A pornit aplicatia!
INFO    2018-11-15 15:55:49,905 [AWT-EventQueue-0] client.gui.ClientFrame  110 - Theodorescu Mihael a pornit aplicatia! 192.168.153.52
INFO    2018-11-15 15:55:49,908 [AWT-EventQueue-0] client.gui.ClientFrame  114 - Theodorescu Mihael a dat subscribe!
ERROR   2018-11-15 15:55:49,951 [AWT-EventQueue-0] client.gui.ClientFrame  144 - Theodorescu Mihael are eroarea: 
java.lang.IllegalArgumentException: An exception occurred while creating a query in EntityManager: 
Exception Description: Syntax error parsing [SELECT SUM(a.oreMunca) FROM Activitate a WHERE a.angajat = :angajat AND a.dataPontaj BETWEEN:start AND :end]. 
[47, 107] The expression is not a valid conditional expression.
	at org.eclipse.persistence.internal.jpa.EntityManagerImpl.createQuery(EntityManagerImpl.java:1605)
	at server.dao.ActivitateDao.getOreAngajatLuna(ActivitateDao.java:168)
	at server.service.ActivitateService.getOreAngajatLuna(ActivitateService.java:165)
	at sun.reflect.NativeMethodAccessorImpl.invoke0(Native Method)
	at sun.reflect.NativeMethodAccessorImpl.invoke(NativeMethodAccessorImpl.java:62)
	at sun.reflect.DelegatingMethodAccessorImpl.invoke(DelegatingMethodAccessorImpl.java:43)
	at java.lang.reflect.Method.invoke(Method.java:498)
	at sun.rmi.server.UnicastServerRef.dispatch(UnicastServerRef.java:357)
	at sun.rmi.transport.Transport$1.run(Transport.java:200)
	at sun.rmi.transport.Transport$1.run(Transport.java:197)
	at java.security.AccessController.doPrivileged(Native Method)
	at sun.rmi.transport.Transport.serviceCall(Transport.java:196)
	at sun.rmi.transport.tcp.TCPTransport.handleMessages(TCPTransport.java:568)
	at sun.rmi.transport.tcp.TCPTransport$ConnectionHandler.run0(TCPTransport.java:826)
	at sun.rmi.transport.tcp.TCPTransport$ConnectionHandler.lambda$run$0(TCPTransport.java:683)
	at java.security.AccessController.doPrivileged(Native Method)
	at sun.rmi.transport.tcp.TCPTransport$ConnectionHandler.run(TCPTransport.java:682)
	at java.util.concurrent.ThreadPoolExecutor.runWorker(ThreadPoolExecutor.java:1149)
	at java.util.concurrent.ThreadPoolExecutor$Worker.run(ThreadPoolExecutor.java:624)
	at java.lang.Thread.run(Thread.java:748)
	at sun.rmi.transport.StreamRemoteCall.exceptionReceivedFromServer(StreamRemoteCall.java:283)
	at sun.rmi.transport.StreamRemoteCall.executeCall(StreamRemoteCall.java:260)
	at sun.rmi.server.UnicastRef.invoke(UnicastRef.java:161)
	at java.rmi.server.RemoteObjectInvocationHandler.invokeRemoteMethod(RemoteObjectInvocationHandler.java:227)
	at java.rmi.server.RemoteObjectInvocationHandler.invoke(RemoteObjectInvocationHandler.java:179)
	at com.sun.proxy.$Proxy4.getOreAngajatLuna(Unknown Source)
	at client.controller.ActivitateController.getOreAngajatLuna(ActivitateController.java:90)
	at client.gui.ClientFrame.<init>(ClientFrame.java:116)
	at client.gui.AdminFrame.jMenuItem10ActionPerformed(AdminFrame.java:418)
	at client.gui.AdminFrame.access$600(AdminFrame.java:40)
	at client.gui.AdminFrame$7.actionPerformed(AdminFrame.java:216)
	at javax.swing.AbstractButton.fireActionPerformed(AbstractButton.java:2022)
	at javax.swing.AbstractButton$Handler.actionPerformed(AbstractButton.java:2348)
	at javax.swing.DefaultButtonModel.fireActionPerformed(DefaultButtonModel.java:402)
	at javax.swing.DefaultButtonModel.setPressed(DefaultButtonModel.java:259)
	at javax.swing.AbstractButton.doClick(AbstractButton.java:376)
	at javax.swing.plaf.basic.BasicMenuItemUI.doClick(BasicMenuItemUI.java:833)
	at javax.swing.plaf.basic.BasicMenuItemUI$Handler.mouseReleased(BasicMenuItemUI.java:877)
	at java.awt.Component.processMouseEvent(Component.java:6533)
	at javax.swing.JComponent.processMouseEvent(JComponent.java:3324)
	at java.awt.Component.processEvent(Component.java:6298)
	at java.awt.Container.processEvent(Container.java:2236)
	at java.awt.Component.dispatchEventImpl(Component.java:4889)
	at java.awt.Container.dispatchEventImpl(Container.java:2294)
	at java.awt.Component.dispatchEvent(Component.java:4711)
	at java.awt.LightweightDispatcher.retargetMouseEvent(Container.java:4888)
	at java.awt.LightweightDispatcher.processMouseEvent(Container.java:4525)
	at java.awt.LightweightDispatcher.dispatchEvent(Container.java:4466)
	at java.awt.Container.dispatchEventImpl(Container.java:2280)
	at java.awt.Window.dispatchEventImpl(Window.java:2746)
	at java.awt.Component.dispatchEvent(Component.java:4711)
	at java.awt.EventQueue.dispatchEventImpl(EventQueue.java:758)
	at java.awt.EventQueue.access$500(EventQueue.java:97)
	at java.awt.EventQueue$3.run(EventQueue.java:709)
	at java.awt.EventQueue$3.run(EventQueue.java:703)
	at java.security.AccessController.doPrivileged(Native Method)
	at java.security.ProtectionDomain$JavaSecurityAccessImpl.doIntersectionPrivilege(ProtectionDomain.java:80)
	at java.security.ProtectionDomain$JavaSecurityAccessImpl.doIntersectionPrivilege(ProtectionDomain.java:90)
	at java.awt.EventQueue$4.run(EventQueue.java:731)
	at java.awt.EventQueue$4.run(EventQueue.java:729)
	at java.security.AccessController.doPrivileged(Native Method)
	at java.security.ProtectionDomain$JavaSecurityAccessImpl.doIntersectionPrivilege(ProtectionDomain.java:80)
	at java.awt.EventQueue.dispatchEvent(EventQueue.java:728)
	at java.awt.EventDispatchThread.pumpOneEventForFilters(EventDispatchThread.java:201)
	at java.awt.EventDispatchThread.pumpEventsForFilter(EventDispatchThread.java:116)
	at java.awt.EventDispatchThread.pumpEventsForHierarchy(EventDispatchThread.java:105)
	at java.awt.EventDispatchThread.pumpEvents(EventDispatchThread.java:101)
	at java.awt.EventDispatchThread.pumpEvents(EventDispatchThread.java:93)
	at java.awt.EventDispatchThread.run(EventDispatchThread.java:82)
Caused by: Exception [EclipseLink-0] (Eclipse Persistence Services - 2.5.2.v20140319-9ad6abd): org.eclipse.persistence.exceptions.JPQLException
Exception Description: Syntax error parsing [SELECT SUM(a.oreMunca) FROM Activitate a WHERE a.angajat = :angajat AND a.dataPontaj BETWEEN:start AND :end]. 
[47, 107] The expression is not a valid conditional expression.
	at org.eclipse.persistence.internal.jpa.jpql.HermesParser.buildException(HermesParser.java:155)
	at org.eclipse.persistence.internal.jpa.jpql.HermesParser.validate(HermesParser.java:334)
	at org.eclipse.persistence.internal.jpa.jpql.HermesParser.populateQueryImp(HermesParser.java:278)
	at org.eclipse.persistence.internal.jpa.jpql.HermesParser.buildQuery(HermesParser.java:163)
	at org.eclipse.persistence.internal.jpa.EJBQueryImpl.buildEJBQLDatabaseQuery(EJBQueryImpl.java:142)
	at org.eclipse.persistence.internal.jpa.EJBQueryImpl.buildEJBQLDatabaseQuery(EJBQueryImpl.java:116)
	at org.eclipse.persistence.internal.jpa.EJBQueryImpl.<init>(EJBQueryImpl.java:102)
	at org.eclipse.persistence.internal.jpa.EJBQueryImpl.<init>(EJBQueryImpl.java:86)
	at org.eclipse.persistence.internal.jpa.EntityManagerImpl.createQuery(EntityManagerImpl.java:1603)
	at server.dao.ActivitateDao.getOreAngajatLuna(ActivitateDao.java:168)
	at server.service.ActivitateService.getOreAngajatLuna(ActivitateService.java:165)
	at sun.reflect.NativeMethodAccessorImpl.invoke0(Native Method)
	at sun.reflect.NativeMethodAccessorImpl.invoke(NativeMethodAccessorImpl.java:62)
	at sun.reflect.DelegatingMethodAccessorImpl.invoke(DelegatingMethodAccessorImpl.java:43)
	at java.lang.reflect.Method.invoke(Method.java:498)
	at sun.rmi.server.UnicastServerRef.dispatch(UnicastServerRef.java:357)
	at sun.rmi.transport.Transport$1.run(Transport.java:200)
	at sun.rmi.transport.Transport$1.run(Transport.java:197)
	at java.security.AccessController.doPrivileged(Native Method)
	at sun.rmi.transport.Transport.serviceCall(Transport.java:196)
	at sun.rmi.transport.tcp.TCPTransport.handleMessages(TCPTransport.java:568)
	at sun.rmi.transport.tcp.TCPTransport$ConnectionHandler.run0(TCPTransport.java:826)
	at sun.rmi.transport.tcp.TCPTransport$ConnectionHandler.lambda$run$0(TCPTransport.java:683)
	at java.security.AccessController.doPrivileged(Native Method)
	at sun.rmi.transport.tcp.TCPTransport$ConnectionHandler.run(TCPTransport.java:682)
	at java.util.concurrent.ThreadPoolExecutor.runWorker(ThreadPoolExecutor.java:1149)
	at java.util.concurrent.ThreadPoolExecutor$Worker.run(ThreadPoolExecutor.java:624)
	at java.lang.Thread.run(Thread.java:748)
INFO    2018-11-15 15:57:20,316 [AWT-EventQueue-0] client.gui.AdminFrame  51 - A pornit aplicatia!
INFO    2018-11-15 15:57:30,775 [AWT-EventQueue-0] client.gui.ClientFrame  110 - Theodorescu Mihael a pornit aplicatia! 192.168.153.52
INFO    2018-11-15 15:57:30,777 [AWT-EventQueue-0] client.gui.ClientFrame  114 - Theodorescu Mihael a dat subscribe!
ERROR   2018-11-15 15:57:30,796 [AWT-EventQueue-0] client.gui.ClientFrame  144 - Theodorescu Mihael are eroarea: 
java.lang.NullPointerException
	at server.dao.ActivitateDao.getOreAngajatLuna(ActivitateDao.java:180)
	at server.service.ActivitateService.getOreAngajatLuna(ActivitateService.java:165)
	at sun.reflect.NativeMethodAccessorImpl.invoke0(Native Method)
	at sun.reflect.NativeMethodAccessorImpl.invoke(NativeMethodAccessorImpl.java:62)
	at sun.reflect.DelegatingMethodAccessorImpl.invoke(DelegatingMethodAccessorImpl.java:43)
	at java.lang.reflect.Method.invoke(Method.java:498)
	at sun.rmi.server.UnicastServerRef.dispatch(UnicastServerRef.java:357)
	at sun.rmi.transport.Transport$1.run(Transport.java:200)
	at sun.rmi.transport.Transport$1.run(Transport.java:197)
	at java.security.AccessController.doPrivileged(Native Method)
	at sun.rmi.transport.Transport.serviceCall(Transport.java:196)
	at sun.rmi.transport.tcp.TCPTransport.handleMessages(TCPTransport.java:568)
	at sun.rmi.transport.tcp.TCPTransport$ConnectionHandler.run0(TCPTransport.java:826)
	at sun.rmi.transport.tcp.TCPTransport$ConnectionHandler.lambda$run$0(TCPTransport.java:683)
	at java.security.AccessController.doPrivileged(Native Method)
	at sun.rmi.transport.tcp.TCPTransport$ConnectionHandler.run(TCPTransport.java:682)
	at java.util.concurrent.ThreadPoolExecutor.runWorker(ThreadPoolExecutor.java:1149)
	at java.util.concurrent.ThreadPoolExecutor$Worker.run(ThreadPoolExecutor.java:624)
	at java.lang.Thread.run(Thread.java:748)
	at sun.rmi.transport.StreamRemoteCall.exceptionReceivedFromServer(StreamRemoteCall.java:283)
	at sun.rmi.transport.StreamRemoteCall.executeCall(StreamRemoteCall.java:260)
	at sun.rmi.server.UnicastRef.invoke(UnicastRef.java:161)
	at java.rmi.server.RemoteObjectInvocationHandler.invokeRemoteMethod(RemoteObjectInvocationHandler.java:227)
	at java.rmi.server.RemoteObjectInvocationHandler.invoke(RemoteObjectInvocationHandler.java:179)
	at com.sun.proxy.$Proxy4.getOreAngajatLuna(Unknown Source)
	at client.controller.ActivitateController.getOreAngajatLuna(ActivitateController.java:90)
	at client.gui.ClientFrame.<init>(ClientFrame.java:116)
	at client.gui.AdminFrame.jMenuItem10ActionPerformed(AdminFrame.java:418)
	at client.gui.AdminFrame.access$600(AdminFrame.java:40)
	at client.gui.AdminFrame$7.actionPerformed(AdminFrame.java:216)
	at javax.swing.AbstractButton.fireActionPerformed(AbstractButton.java:2022)
	at javax.swing.AbstractButton$Handler.actionPerformed(AbstractButton.java:2348)
	at javax.swing.DefaultButtonModel.fireActionPerformed(DefaultButtonModel.java:402)
	at javax.swing.DefaultButtonModel.setPressed(DefaultButtonModel.java:259)
	at javax.swing.AbstractButton.doClick(AbstractButton.java:376)
	at javax.swing.plaf.basic.BasicMenuItemUI.doClick(BasicMenuItemUI.java:833)
	at javax.swing.plaf.basic.BasicMenuItemUI$Handler.mouseReleased(BasicMenuItemUI.java:877)
	at java.awt.Component.processMouseEvent(Component.java:6533)
	at javax.swing.JComponent.processMouseEvent(JComponent.java:3324)
	at java.awt.Component.processEvent(Component.java:6298)
	at java.awt.Container.processEvent(Container.java:2236)
	at java.awt.Component.dispatchEventImpl(Component.java:4889)
	at java.awt.Container.dispatchEventImpl(Container.java:2294)
	at java.awt.Component.dispatchEvent(Component.java:4711)
	at java.awt.LightweightDispatcher.retargetMouseEvent(Container.java:4888)
	at java.awt.LightweightDispatcher.processMouseEvent(Container.java:4525)
	at java.awt.LightweightDispatcher.dispatchEvent(Container.java:4466)
	at java.awt.Container.dispatchEventImpl(Container.java:2280)
	at java.awt.Window.dispatchEventImpl(Window.java:2746)
	at java.awt.Component.dispatchEvent(Component.java:4711)
	at java.awt.EventQueue.dispatchEventImpl(EventQueue.java:758)
	at java.awt.EventQueue.access$500(EventQueue.java:97)
	at java.awt.EventQueue$3.run(EventQueue.java:709)
	at java.awt.EventQueue$3.run(EventQueue.java:703)
	at java.security.AccessController.doPrivileged(Native Method)
	at java.security.ProtectionDomain$JavaSecurityAccessImpl.doIntersectionPrivilege(ProtectionDomain.java:80)
	at java.security.ProtectionDomain$JavaSecurityAccessImpl.doIntersectionPrivilege(ProtectionDomain.java:90)
	at java.awt.EventQueue$4.run(EventQueue.java:731)
	at java.awt.EventQueue$4.run(EventQueue.java:729)
	at java.security.AccessController.doPrivileged(Native Method)
	at java.security.ProtectionDomain$JavaSecurityAccessImpl.doIntersectionPrivilege(ProtectionDomain.java:80)
	at java.awt.EventQueue.dispatchEvent(EventQueue.java:728)
	at java.awt.EventDispatchThread.pumpOneEventForFilters(EventDispatchThread.java:201)
	at java.awt.EventDispatchThread.pumpEventsForFilter(EventDispatchThread.java:116)
	at java.awt.EventDispatchThread.pumpEventsForHierarchy(EventDispatchThread.java:105)
	at java.awt.EventDispatchThread.pumpEvents(EventDispatchThread.java:101)
	at java.awt.EventDispatchThread.pumpEvents(EventDispatchThread.java:93)
	at java.awt.EventDispatchThread.run(EventDispatchThread.java:82)
INFO    2018-11-15 15:57:32,722 [AWT-EventQueue-0] client.gui.ClientFrame  1062 - Theodorescu Mihael a oprit aplicatia!
INFO    2018-11-15 15:57:33,490 [AWT-EventQueue-0] client.gui.AdminFrame  429 - S-a oprit aplicatia!
INFO    2018-11-15 15:58:07,169 [AWT-EventQueue-0] client.gui.AdminFrame  51 - A pornit aplicatia!
INFO    2018-11-15 15:58:25,078 [AWT-EventQueue-0] client.gui.AdminFrame  429 - S-a oprit aplicatia!
INFO    2018-11-15 15:59:45,414 [AWT-EventQueue-0] client.gui.AdminFrame  51 - A pornit aplicatia!
INFO    2018-11-15 15:59:54,778 [AWT-EventQueue-0] client.gui.ClientFrame  110 - Theodorescu Mihael a pornit aplicatia! 192.168.153.52
INFO    2018-11-15 15:59:54,780 [AWT-EventQueue-0] client.gui.ClientFrame  114 - Theodorescu Mihael a dat subscribe!
ERROR   2018-11-15 16:00:05,484 [AWT-EventQueue-0] client.gui.ClientFrame  144 - Theodorescu Mihael are eroarea: 
java.lang.NullPointerException
	at server.dao.ActivitateDao.getOreAngajatLuna(ActivitateDao.java:180)
	at server.service.ActivitateService.getOreAngajatLuna(ActivitateService.java:165)
	at sun.reflect.NativeMethodAccessorImpl.invoke0(Native Method)
	at sun.reflect.NativeMethodAccessorImpl.invoke(NativeMethodAccessorImpl.java:62)
	at sun.reflect.DelegatingMethodAccessorImpl.invoke(DelegatingMethodAccessorImpl.java:43)
	at java.lang.reflect.Method.invoke(Method.java:498)
	at sun.rmi.server.UnicastServerRef.dispatch(UnicastServerRef.java:357)
	at sun.rmi.transport.Transport$1.run(Transport.java:200)
	at sun.rmi.transport.Transport$1.run(Transport.java:197)
	at java.security.AccessController.doPrivileged(Native Method)
	at sun.rmi.transport.Transport.serviceCall(Transport.java:196)
	at sun.rmi.transport.tcp.TCPTransport.handleMessages(TCPTransport.java:568)
	at sun.rmi.transport.tcp.TCPTransport$ConnectionHandler.run0(TCPTransport.java:826)
	at sun.rmi.transport.tcp.TCPTransport$ConnectionHandler.lambda$run$0(TCPTransport.java:683)
	at java.security.AccessController.doPrivileged(Native Method)
	at sun.rmi.transport.tcp.TCPTransport$ConnectionHandler.run(TCPTransport.java:682)
	at java.util.concurrent.ThreadPoolExecutor.runWorker(ThreadPoolExecutor.java:1149)
	at java.util.concurrent.ThreadPoolExecutor$Worker.run(ThreadPoolExecutor.java:624)
	at java.lang.Thread.run(Thread.java:748)
	at sun.rmi.transport.StreamRemoteCall.exceptionReceivedFromServer(StreamRemoteCall.java:283)
	at sun.rmi.transport.StreamRemoteCall.executeCall(StreamRemoteCall.java:260)
	at sun.rmi.server.UnicastRef.invoke(UnicastRef.java:161)
	at java.rmi.server.RemoteObjectInvocationHandler.invokeRemoteMethod(RemoteObjectInvocationHandler.java:227)
	at java.rmi.server.RemoteObjectInvocationHandler.invoke(RemoteObjectInvocationHandler.java:179)
	at com.sun.proxy.$Proxy4.getOreAngajatLuna(Unknown Source)
	at client.controller.ActivitateController.getOreAngajatLuna(ActivitateController.java:90)
	at client.gui.ClientFrame.<init>(ClientFrame.java:116)
	at client.gui.AdminFrame.jMenuItem10ActionPerformed(AdminFrame.java:418)
	at client.gui.AdminFrame.access$600(AdminFrame.java:40)
	at client.gui.AdminFrame$7.actionPerformed(AdminFrame.java:216)
	at javax.swing.AbstractButton.fireActionPerformed(AbstractButton.java:2022)
	at javax.swing.AbstractButton$Handler.actionPerformed(AbstractButton.java:2348)
	at javax.swing.DefaultButtonModel.fireActionPerformed(DefaultButtonModel.java:402)
	at javax.swing.DefaultButtonModel.setPressed(DefaultButtonModel.java:259)
	at javax.swing.AbstractButton.doClick(AbstractButton.java:376)
	at javax.swing.plaf.basic.BasicMenuItemUI.doClick(BasicMenuItemUI.java:833)
	at javax.swing.plaf.basic.BasicMenuItemUI$Handler.mouseReleased(BasicMenuItemUI.java:877)
	at java.awt.Component.processMouseEvent(Component.java:6533)
	at javax.swing.JComponent.processMouseEvent(JComponent.java:3324)
	at java.awt.Component.processEvent(Component.java:6298)
	at java.awt.Container.processEvent(Container.java:2236)
	at java.awt.Component.dispatchEventImpl(Component.java:4889)
	at java.awt.Container.dispatchEventImpl(Container.java:2294)
	at java.awt.Component.dispatchEvent(Component.java:4711)
	at java.awt.LightweightDispatcher.retargetMouseEvent(Container.java:4888)
	at java.awt.LightweightDispatcher.processMouseEvent(Container.java:4525)
	at java.awt.LightweightDispatcher.dispatchEvent(Container.java:4466)
	at java.awt.Container.dispatchEventImpl(Container.java:2280)
	at java.awt.Window.dispatchEventImpl(Window.java:2746)
	at java.awt.Component.dispatchEvent(Component.java:4711)
	at java.awt.EventQueue.dispatchEventImpl(EventQueue.java:758)
	at java.awt.EventQueue.access$500(EventQueue.java:97)
	at java.awt.EventQueue$3.run(EventQueue.java:709)
	at java.awt.EventQueue$3.run(EventQueue.java:703)
	at java.security.AccessController.doPrivileged(Native Method)
	at java.security.ProtectionDomain$JavaSecurityAccessImpl.doIntersectionPrivilege(ProtectionDomain.java:80)
	at java.security.ProtectionDomain$JavaSecurityAccessImpl.doIntersectionPrivilege(ProtectionDomain.java:90)
	at java.awt.EventQueue$4.run(EventQueue.java:731)
	at java.awt.EventQueue$4.run(EventQueue.java:729)
	at java.security.AccessController.doPrivileged(Native Method)
	at java.security.ProtectionDomain$JavaSecurityAccessImpl.doIntersectionPrivilege(ProtectionDomain.java:80)
	at java.awt.EventQueue.dispatchEvent(EventQueue.java:728)
	at java.awt.EventDispatchThread.pumpOneEventForFilters(EventDispatchThread.java:201)
	at java.awt.EventDispatchThread.pumpEventsForFilter(EventDispatchThread.java:116)
	at java.awt.EventDispatchThread.pumpEventsForHierarchy(EventDispatchThread.java:105)
	at java.awt.EventDispatchThread.pumpEvents(EventDispatchThread.java:101)
	at java.awt.EventDispatchThread.pumpEvents(EventDispatchThread.java:93)
	at java.awt.EventDispatchThread.run(EventDispatchThread.java:82)
INFO    2018-11-15 16:00:55,163 [AWT-EventQueue-0] client.gui.AdminFrame  429 - S-a oprit aplicatia!
INFO    2018-11-15 16:01:34,011 [AWT-EventQueue-0] client.gui.AdminFrame  51 - A pornit aplicatia!
INFO    2018-11-15 16:01:41,576 [AWT-EventQueue-0] client.gui.ClientFrame  110 - Theodorescu Mihael a pornit aplicatia! 192.168.153.52
INFO    2018-11-15 16:01:41,578 [AWT-EventQueue-0] client.gui.ClientFrame  114 - Theodorescu Mihael a dat subscribe!
ERROR   2018-11-15 16:02:22,951 [AWT-EventQueue-0] client.gui.ClientFrame  141 - Theodorescu Mihael are eroarea: 
java.rmi.UnmarshalException: Error unmarshaling return header; nested exception is: 
	java.net.SocketException: Connection reset
	at sun.rmi.transport.StreamRemoteCall.executeCall(StreamRemoteCall.java:236)
	at sun.rmi.server.UnicastRef.invoke(UnicastRef.java:161)
	at java.rmi.server.RemoteObjectInvocationHandler.invokeRemoteMethod(RemoteObjectInvocationHandler.java:227)
	at java.rmi.server.RemoteObjectInvocationHandler.invoke(RemoteObjectInvocationHandler.java:179)
	at com.sun.proxy.$Proxy4.getOreAngajatLuna(Unknown Source)
	at client.controller.ActivitateController.getOreAngajatLuna(ActivitateController.java:90)
	at client.gui.ClientFrame.<init>(ClientFrame.java:116)
	at client.gui.AdminFrame.jMenuItem10ActionPerformed(AdminFrame.java:418)
	at client.gui.AdminFrame.access$600(AdminFrame.java:40)
	at client.gui.AdminFrame$7.actionPerformed(AdminFrame.java:216)
	at javax.swing.AbstractButton.fireActionPerformed(AbstractButton.java:2022)
	at javax.swing.AbstractButton$Handler.actionPerformed(AbstractButton.java:2348)
	at javax.swing.DefaultButtonModel.fireActionPerformed(DefaultButtonModel.java:402)
	at javax.swing.DefaultButtonModel.setPressed(DefaultButtonModel.java:259)
	at javax.swing.AbstractButton.doClick(AbstractButton.java:376)
	at javax.swing.plaf.basic.BasicMenuItemUI.doClick(BasicMenuItemUI.java:833)
	at javax.swing.plaf.basic.BasicMenuItemUI$Handler.mouseReleased(BasicMenuItemUI.java:877)
	at java.awt.Component.processMouseEvent(Component.java:6533)
	at javax.swing.JComponent.processMouseEvent(JComponent.java:3324)
	at java.awt.Component.processEvent(Component.java:6298)
	at java.awt.Container.processEvent(Container.java:2236)
	at java.awt.Component.dispatchEventImpl(Component.java:4889)
	at java.awt.Container.dispatchEventImpl(Container.java:2294)
	at java.awt.Component.dispatchEvent(Component.java:4711)
	at java.awt.LightweightDispatcher.retargetMouseEvent(Container.java:4888)
	at java.awt.LightweightDispatcher.processMouseEvent(Container.java:4525)
	at java.awt.LightweightDispatcher.dispatchEvent(Container.java:4466)
	at java.awt.Container.dispatchEventImpl(Container.java:2280)
	at java.awt.Window.dispatchEventImpl(Window.java:2746)
	at java.awt.Component.dispatchEvent(Component.java:4711)
	at java.awt.EventQueue.dispatchEventImpl(EventQueue.java:758)
	at java.awt.EventQueue.access$500(EventQueue.java:97)
	at java.awt.EventQueue$3.run(EventQueue.java:709)
	at java.awt.EventQueue$3.run(EventQueue.java:703)
	at java.security.AccessController.doPrivileged(Native Method)
	at java.security.ProtectionDomain$JavaSecurityAccessImpl.doIntersectionPrivilege(ProtectionDomain.java:80)
	at java.security.ProtectionDomain$JavaSecurityAccessImpl.doIntersectionPrivilege(ProtectionDomain.java:90)
	at java.awt.EventQueue$4.run(EventQueue.java:731)
	at java.awt.EventQueue$4.run(EventQueue.java:729)
	at java.security.AccessController.doPrivileged(Native Method)
	at java.security.ProtectionDomain$JavaSecurityAccessImpl.doIntersectionPrivilege(ProtectionDomain.java:80)
	at java.awt.EventQueue.dispatchEvent(EventQueue.java:728)
	at java.awt.EventDispatchThread.pumpOneEventForFilters(EventDispatchThread.java:201)
	at java.awt.EventDispatchThread.pumpEventsForFilter(EventDispatchThread.java:116)
	at java.awt.EventDispatchThread.pumpEventsForHierarchy(EventDispatchThread.java:105)
	at java.awt.EventDispatchThread.pumpEvents(EventDispatchThread.java:101)
	at java.awt.EventDispatchThread.pumpEvents(EventDispatchThread.java:93)
	at java.awt.EventDispatchThread.run(EventDispatchThread.java:82)
Caused by: java.net.SocketException: Connection reset
	at java.net.SocketInputStream.read(SocketInputStream.java:210)
	at java.net.SocketInputStream.read(SocketInputStream.java:141)
	at java.io.BufferedInputStream.fill(BufferedInputStream.java:246)
	at java.io.BufferedInputStream.read(BufferedInputStream.java:265)
	at java.io.DataInputStream.readByte(DataInputStream.java:265)
	at sun.rmi.transport.StreamRemoteCall.executeCall(StreamRemoteCall.java:222)
	... 47 more
INFO    2018-11-15 16:02:27,184 [AWT-EventQueue-0] client.gui.ClientFrame  1062 - Theodorescu Mihael a oprit aplicatia!
ERROR   2018-11-15 16:02:28,211 [AWT-EventQueue-0] client.gui.ClientFrame  269 - Theodorescu Mihael are eroarea: 
java.rmi.ConnectException: Connection refused to host: 192.168.56.1; nested exception is: 
	java.net.ConnectException: Connection refused: connect
	at sun.rmi.transport.tcp.TCPEndpoint.newSocket(TCPEndpoint.java:619)
	at sun.rmi.transport.tcp.TCPChannel.createConnection(TCPChannel.java:216)
	at sun.rmi.transport.tcp.TCPChannel.newConnection(TCPChannel.java:202)
	at sun.rmi.server.UnicastRef.invoke(UnicastRef.java:129)
	at java.rmi.server.RemoteObjectInvocationHandler.invokeRemoteMethod(RemoteObjectInvocationHandler.java:227)
	at java.rmi.server.RemoteObjectInvocationHandler.invoke(RemoteObjectInvocationHandler.java:179)
	at com.sun.proxy.$Proxy4.getActivitatiAngajatZi(Unknown Source)
	at client.controller.ActivitateController.getActivitatiAngajatZi(ActivitateController.java:58)
	at client.gui.ClientFrame.populareLista(ClientFrame.java:238)
	at client.gui.ClientFrame.jDateChooser1PropertyChange(ClientFrame.java:1038)
	at client.gui.ClientFrame.access$600(ClientFrame.java:37)
	at client.gui.ClientFrame$7.propertyChange(ClientFrame.java:403)
	at java.beans.PropertyChangeSupport.fire(PropertyChangeSupport.java:335)
	at java.beans.PropertyChangeSupport.firePropertyChange(PropertyChangeSupport.java:327)
	at java.beans.PropertyChangeSupport.firePropertyChange(PropertyChangeSupport.java:263)
	at java.awt.Component.firePropertyChange(Component.java:8428)
	at javax.swing.JComponent.removeNotify(JComponent.java:4762)
	at java.awt.Container.removeNotify(Container.java:2804)
	at javax.swing.JComponent.removeNotify(JComponent.java:4758)
	at java.awt.Container.removeNotify(Container.java:2804)
	at javax.swing.JComponent.removeNotify(JComponent.java:4758)
	at java.awt.Container.removeNotify(Container.java:2804)
	at javax.swing.JComponent.removeNotify(JComponent.java:4758)
	at javax.swing.JRootPane.removeNotify(JRootPane.java:765)
	at java.awt.Container.removeNotify(Container.java:2804)
	at java.awt.Window.removeNotify(Window.java:782)
	at java.awt.Frame.removeNotify(Frame.java:1041)
	at java.awt.Window$1DisposeAction.run(Window.java:1190)
	at java.awt.Window.doDispose(Window.java:1206)
	at java.awt.Window.dispose(Window.java:1147)
	at javax.swing.JFrame.processWindowEvent(JFrame.java:313)
	at java.awt.Window.processEvent(Window.java:2013)
	at java.awt.Component.dispatchEventImpl(Component.java:4889)
	at java.awt.Container.dispatchEventImpl(Container.java:2294)
	at java.awt.Window.dispatchEventImpl(Window.java:2746)
	at java.awt.Component.dispatchEvent(Component.java:4711)
	at java.awt.EventQueue.dispatchEventImpl(EventQueue.java:758)
	at java.awt.EventQueue.access$500(EventQueue.java:97)
	at java.awt.EventQueue$3.run(EventQueue.java:709)
	at java.awt.EventQueue$3.run(EventQueue.java:703)
	at java.security.AccessController.doPrivileged(Native Method)
	at java.security.ProtectionDomain$JavaSecurityAccessImpl.doIntersectionPrivilege(ProtectionDomain.java:80)
	at java.security.ProtectionDomain$JavaSecurityAccessImpl.doIntersectionPrivilege(ProtectionDomain.java:90)
	at java.awt.EventQueue$4.run(EventQueue.java:731)
	at java.awt.EventQueue$4.run(EventQueue.java:729)
	at java.security.AccessController.doPrivileged(Native Method)
	at java.security.ProtectionDomain$JavaSecurityAccessImpl.doIntersectionPrivilege(ProtectionDomain.java:80)
	at java.awt.EventQueue.dispatchEvent(EventQueue.java:728)
	at java.awt.EventDispatchThread.pumpOneEventForFilters(EventDispatchThread.java:201)
	at java.awt.EventDispatchThread.pumpEventsForFilter(EventDispatchThread.java:116)
	at java.awt.EventDispatchThread.pumpEventsForHierarchy(EventDispatchThread.java:105)
	at java.awt.EventDispatchThread.pumpEvents(EventDispatchThread.java:101)
	at java.awt.EventDispatchThread.pumpEvents(EventDispatchThread.java:93)
	at java.awt.EventDispatchThread.run(EventDispatchThread.java:82)
Caused by: java.net.ConnectException: Connection refused: connect
	at java.net.DualStackPlainSocketImpl.connect0(Native Method)
	at java.net.DualStackPlainSocketImpl.socketConnect(DualStackPlainSocketImpl.java:79)
	at java.net.AbstractPlainSocketImpl.doConnect(AbstractPlainSocketImpl.java:350)
	at java.net.AbstractPlainSocketImpl.connectToAddress(AbstractPlainSocketImpl.java:206)
	at java.net.AbstractPlainSocketImpl.connect(AbstractPlainSocketImpl.java:188)
	at java.net.PlainSocketImpl.connect(PlainSocketImpl.java:172)
	at java.net.SocksSocketImpl.connect(SocksSocketImpl.java:392)
	at java.net.Socket.connect(Socket.java:589)
	at java.net.Socket.connect(Socket.java:538)
	at java.net.Socket.<init>(Socket.java:434)
	at java.net.Socket.<init>(Socket.java:211)
	at sun.rmi.transport.proxy.RMIDirectSocketFactory.createSocket(RMIDirectSocketFactory.java:40)
	at sun.rmi.transport.proxy.RMIMasterSocketFactory.createSocket(RMIMasterSocketFactory.java:148)
	at sun.rmi.transport.tcp.TCPEndpoint.newSocket(TCPEndpoint.java:613)
	... 53 more
INFO    2018-11-15 16:02:30,778 [AWT-EventQueue-0] client.gui.AdminFrame  429 - S-a oprit aplicatia!
INFO    2018-11-15 16:04:20,078 [AWT-EventQueue-0] client.gui.AdminFrame  51 - A pornit aplicatia!
INFO    2018-11-15 16:04:32,565 [AWT-EventQueue-0] client.gui.ClientFrame  110 - Theodorescu Mihael a pornit aplicatia! 192.168.153.52
INFO    2018-11-15 16:04:32,566 [AWT-EventQueue-0] client.gui.ClientFrame  114 - Theodorescu Mihael a dat subscribe!
INFO    2018-11-15 16:04:32,585 [AWT-EventQueue-0] client.gui.ClientFrame  120 - Theodorescu Mihael si-a luat ultima activitate!
INFO    2018-11-15 16:04:40,641 [AWT-EventQueue-0] client.gui.ClientFrame  1062 - Theodorescu Mihael a oprit aplicatia!
INFO    2018-11-15 16:04:41,625 [AWT-EventQueue-0] client.gui.AdminFrame  429 - S-a oprit aplicatia!
INFO    2018-11-15 16:19:15,821 [AWT-EventQueue-0] client.gui.AdminFrame  51 - A pornit aplicatia!
INFO    2018-11-15 16:19:24,059 [AWT-EventQueue-0] client.gui.ClientFrame  110 - Theodorescu Mihael a pornit aplicatia! 192.168.153.52
INFO    2018-11-15 16:19:24,062 [AWT-EventQueue-0] client.gui.ClientFrame  114 - Theodorescu Mihael a dat subscribe!
INFO    2018-11-15 16:19:24,079 [AWT-EventQueue-0] client.gui.ClientFrame  120 - Theodorescu Mihael si-a luat ultima activitate!
INFO    2018-11-15 16:39:26,153 [AWT-EventQueue-0] client.gui.ClientFrame  1062 - Theodorescu Mihael a oprit aplicatia!
INFO    2018-11-15 16:39:27,089 [AWT-EventQueue-0] client.gui.AdminFrame  429 - S-a oprit aplicatia!
INFO    2018-11-15 16:45:31,307 [AWT-EventQueue-0] client.gui.AdminFrame  51 - A pornit aplicatia!
INFO    2018-11-15 16:45:43,323 [AWT-EventQueue-0] client.gui.AdminFrame  429 - S-a oprit aplicatia!
INFO    2018-11-15 16:46:18,102 [AWT-EventQueue-0] client.gui.AdminFrame  51 - A pornit aplicatia!
INFO    2018-11-15 16:46:21,746 [AWT-EventQueue-0] client.gui.AdminFrame  429 - S-a oprit aplicatia!
INFO    2018-11-15 16:54:07,644 [AWT-EventQueue-0] client.gui.ClientFrame  110 - Theodorescu Mihael a pornit aplicatia! 192.168.153.52
INFO    2018-11-15 16:54:07,648 [AWT-EventQueue-0] client.gui.ClientFrame  114 - Theodorescu Mihael a dat subscribe!
INFO    2018-11-15 16:54:07,687 [AWT-EventQueue-0] client.gui.ClientFrame  120 - Theodorescu Mihael si-a luat ultima activitate!
INFO    2018-11-15 16:54:16,168 [AWT-EventQueue-0] client.gui.ClientFrame  1062 - Theodorescu Mihael a oprit aplicatia!
INFO    2018-11-15 16:55:22,639 [AWT-EventQueue-0] client.gui.ClientFrame  110 - Theodorescu Mihael a pornit aplicatia! 192.168.153.52
INFO    2018-11-15 16:55:22,643 [AWT-EventQueue-0] client.gui.ClientFrame  114 - Theodorescu Mihael a dat subscribe!
INFO    2018-11-15 16:55:22,671 [AWT-EventQueue-0] client.gui.ClientFrame  120 - Theodorescu Mihael si-a luat ultima activitate!
INFO    2018-11-15 16:55:29,154 [AWT-EventQueue-0] client.gui.ClientFrame  1062 - Theodorescu Mihael a oprit aplicatia!
INFO    2018-11-15 16:56:56,297 [AWT-EventQueue-0] client.gui.ClientFrame  110 - Theodorescu Mihael a pornit aplicatia! 192.168.153.52
INFO    2018-11-15 16:56:56,303 [AWT-EventQueue-0] client.gui.ClientFrame  114 - Theodorescu Mihael a dat subscribe!
INFO    2018-11-15 16:56:56,356 [AWT-EventQueue-0] client.gui.ClientFrame  120 - Theodorescu Mihael si-a luat ultima activitate!
INFO    2018-11-15 16:57:05,022 [AWT-EventQueue-0] client.gui.ClientFrame  1062 - Theodorescu Mihael a oprit aplicatia!
INFO    2018-11-15 16:59:58,268 [AWT-EventQueue-0] client.gui.ClientFrame  110 - Theodorescu Mihael a pornit aplicatia! 192.168.153.52
INFO    2018-11-15 16:59:58,274 [AWT-EventQueue-0] client.gui.ClientFrame  114 - Theodorescu Mihael a dat subscribe!
INFO    2018-11-15 16:59:58,312 [AWT-EventQueue-0] client.gui.ClientFrame  120 - Theodorescu Mihael si-a luat ultima activitate!
INFO    2018-11-15 17:02:54,421 [AWT-EventQueue-0] client.gui.ClientFrame  110 - Theodorescu Mihael a pornit aplicatia! 192.168.153.52
INFO    2018-11-15 17:02:54,427 [AWT-EventQueue-0] client.gui.ClientFrame  114 - Theodorescu Mihael a dat subscribe!
INFO    2018-11-15 17:02:54,490 [AWT-EventQueue-0] client.gui.ClientFrame  120 - Theodorescu Mihael si-a luat ultima activitate!
ERROR   2018-11-15 17:03:51,994 [AWT-EventQueue-0] client.gui.ClientFrame  269 - Theodorescu Mihael are eroarea: 
java.rmi.UnmarshalException: Error unmarshaling return header; nested exception is: 
	java.net.SocketException: Connection reset
	at sun.rmi.transport.StreamRemoteCall.executeCall(StreamRemoteCall.java:236)
	at sun.rmi.server.UnicastRef.invoke(UnicastRef.java:161)
	at java.rmi.server.RemoteObjectInvocationHandler.invokeRemoteMethod(RemoteObjectInvocationHandler.java:227)
	at java.rmi.server.RemoteObjectInvocationHandler.invoke(RemoteObjectInvocationHandler.java:179)
	at com.sun.proxy.$Proxy1.getActivitatiAngajatZi(Unknown Source)
	at client.controller.ActivitateController.getActivitatiAngajatZi(ActivitateController.java:58)
	at client.gui.ClientFrame.populareLista(ClientFrame.java:238)
	at client.gui.ClientFrame.jDateChooser1PropertyChange(ClientFrame.java:1038)
	at client.gui.ClientFrame.access$600(ClientFrame.java:37)
	at client.gui.ClientFrame$7.propertyChange(ClientFrame.java:403)
	at java.beans.PropertyChangeSupport.fire(PropertyChangeSupport.java:335)
	at java.beans.PropertyChangeSupport.firePropertyChange(PropertyChangeSupport.java:327)
	at java.beans.PropertyChangeSupport.firePropertyChange(PropertyChangeSupport.java:263)
	at java.awt.Component.firePropertyChange(Component.java:8428)
	at com.toedter.calendar.JDateChooser.propertyChange(Unknown Source)
	at java.beans.PropertyChangeSupport.fire(PropertyChangeSupport.java:335)
	at java.beans.PropertyChangeSupport.firePropertyChange(PropertyChangeSupport.java:328)
	at java.beans.PropertyChangeSupport.firePropertyChange(PropertyChangeSupport.java:263)
	at java.awt.Component.firePropertyChange(Component.java:8428)
	at com.toedter.calendar.JTextFieldDateEditor.setDate(Unknown Source)
	at com.toedter.calendar.JTextFieldDateEditor.setDate(Unknown Source)
	at com.toedter.calendar.JDateChooser.setDate(Unknown Source)
	at com.toedter.calendar.JDateChooser.propertyChange(Unknown Source)
	at java.beans.PropertyChangeSupport.fire(PropertyChangeSupport.java:335)
	at java.beans.PropertyChangeSupport.firePropertyChange(PropertyChangeSupport.java:328)
	at java.beans.PropertyChangeSupport.firePropertyChange(PropertyChangeSupport.java:263)
	at java.beans.PropertyChangeSupport.firePropertyChange(PropertyChangeSupport.java:283)
	at java.awt.Component.firePropertyChange(Component.java:8468)
	at javax.swing.JComponent.firePropertyChange(JComponent.java:4507)
	at com.toedter.calendar.JDayChooser.setDay(Unknown Source)
	at com.toedter.calendar.JDayChooser.actionPerformed(Unknown Source)
	at javax.swing.AbstractButton.fireActionPerformed(AbstractButton.java:2022)
	at javax.swing.AbstractButton$Handler.actionPerformed(AbstractButton.java:2348)
	at javax.swing.DefaultButtonModel.fireActionPerformed(DefaultButtonModel.java:402)
	at javax.swing.DefaultButtonModel.setPressed(DefaultButtonModel.java:259)
	at javax.swing.plaf.basic.BasicButtonListener.mouseReleased(BasicButtonListener.java:252)
	at java.awt.Component.processMouseEvent(Component.java:6533)
	at javax.swing.JComponent.processMouseEvent(JComponent.java:3324)
	at java.awt.Component.processEvent(Component.java:6298)
	at java.awt.Container.processEvent(Container.java:2236)
	at java.awt.Component.dispatchEventImpl(Component.java:4889)
	at java.awt.Container.dispatchEventImpl(Container.java:2294)
	at java.awt.Component.dispatchEvent(Component.java:4711)
	at java.awt.LightweightDispatcher.retargetMouseEvent(Container.java:4888)
	at java.awt.LightweightDispatcher.processMouseEvent(Container.java:4525)
	at java.awt.LightweightDispatcher.dispatchEvent(Container.java:4466)
	at java.awt.Container.dispatchEventImpl(Container.java:2280)
	at java.awt.Window.dispatchEventImpl(Window.java:2746)
	at java.awt.Component.dispatchEvent(Component.java:4711)
	at java.awt.EventQueue.dispatchEventImpl(EventQueue.java:758)
	at java.awt.EventQueue.access$500(EventQueue.java:97)
	at java.awt.EventQueue$3.run(EventQueue.java:709)
	at java.awt.EventQueue$3.run(EventQueue.java:703)
	at java.security.AccessController.doPrivileged(Native Method)
	at java.security.ProtectionDomain$JavaSecurityAccessImpl.doIntersectionPrivilege(ProtectionDomain.java:80)
	at java.security.ProtectionDomain$JavaSecurityAccessImpl.doIntersectionPrivilege(ProtectionDomain.java:90)
	at java.awt.EventQueue$4.run(EventQueue.java:731)
	at java.awt.EventQueue$4.run(EventQueue.java:729)
	at java.security.AccessController.doPrivileged(Native Method)
	at java.security.ProtectionDomain$JavaSecurityAccessImpl.doIntersectionPrivilege(ProtectionDomain.java:80)
	at java.awt.EventQueue.dispatchEvent(EventQueue.java:728)
	at java.awt.EventDispatchThread.pumpOneEventForFilters(EventDispatchThread.java:201)
	at java.awt.EventDispatchThread.pumpEventsForFilter(EventDispatchThread.java:116)
	at java.awt.EventDispatchThread.pumpEventsForHierarchy(EventDispatchThread.java:105)
	at java.awt.EventDispatchThread.pumpEvents(EventDispatchThread.java:101)
	at java.awt.EventDispatchThread.pumpEvents(EventDispatchThread.java:93)
	at java.awt.EventDispatchThread.run(EventDispatchThread.java:82)
Caused by: java.net.SocketException: Connection reset
	at java.net.SocketInputStream.read(SocketInputStream.java:210)
	at java.net.SocketInputStream.read(SocketInputStream.java:141)
	at java.io.BufferedInputStream.fill(BufferedInputStream.java:246)
	at java.io.BufferedInputStream.read(BufferedInputStream.java:265)
	at java.io.DataInputStream.readByte(DataInputStream.java:265)
	at sun.rmi.transport.StreamRemoteCall.executeCall(StreamRemoteCall.java:222)
	... 66 more
INFO    2018-11-15 17:03:54,750 [AWT-EventQueue-0] client.gui.ClientFrame  1062 - Theodorescu Mihael a oprit aplicatia!
INFO    2018-11-15 17:05:19,806 [AWT-EventQueue-0] client.gui.ClientFrame  110 - Theodorescu Mihael a pornit aplicatia! 192.168.153.52
INFO    2018-11-15 17:05:19,811 [AWT-EventQueue-0] client.gui.ClientFrame  114 - Theodorescu Mihael a dat subscribe!
INFO    2018-11-15 17:05:19,856 [AWT-EventQueue-0] client.gui.ClientFrame  120 - Theodorescu Mihael si-a luat ultima activitate!
INFO    2018-11-15 17:05:28,914 [AWT-EventQueue-0] client.gui.ClientFrame  1062 - Theodorescu Mihael a oprit aplicatia!
INFO    2018-11-15 17:21:38,713 [AWT-EventQueue-0] client.gui.ClientFrame  110 - Theodorescu Mihael a pornit aplicatia! 192.168.153.52
INFO    2018-11-15 17:21:38,719 [AWT-EventQueue-0] client.gui.ClientFrame  114 - Theodorescu Mihael a dat subscribe!
INFO    2018-11-15 17:21:38,762 [AWT-EventQueue-0] client.gui.ClientFrame  120 - Theodorescu Mihael si-a luat ultima activitate!
ERROR   2018-11-15 17:23:42,249 [AWT-EventQueue-0] client.gui.LoginFrame  93 - java.lang.NullPointerException
INFO    2018-11-15 17:24:25,802 [AWT-EventQueue-0] client.gui.ClientFrame  110 - Theodorescu Mihael a pornit aplicatia! 192.168.153.52
INFO    2018-11-15 17:24:25,806 [AWT-EventQueue-0] client.gui.ClientFrame  114 - Theodorescu Mihael a dat subscribe!
INFO    2018-11-15 17:24:25,845 [AWT-EventQueue-0] client.gui.ClientFrame  120 - Theodorescu Mihael si-a luat ultima activitate!
ERROR   2018-11-15 17:25:03,917 [AWT-EventQueue-0] client.gui.ClientFrame  269 - Theodorescu Mihael are eroarea: 
java.rmi.UnmarshalException: Error unmarshaling return header; nested exception is: 
	java.net.SocketException: Connection reset
	at sun.rmi.transport.StreamRemoteCall.executeCall(StreamRemoteCall.java:236)
	at sun.rmi.server.UnicastRef.invoke(UnicastRef.java:161)
	at java.rmi.server.RemoteObjectInvocationHandler.invokeRemoteMethod(RemoteObjectInvocationHandler.java:227)
	at java.rmi.server.RemoteObjectInvocationHandler.invoke(RemoteObjectInvocationHandler.java:179)
	at com.sun.proxy.$Proxy1.getActivitatiAngajatZi(Unknown Source)
	at client.controller.ActivitateController.getActivitatiAngajatZi(ActivitateController.java:58)
	at client.gui.ClientFrame.populareLista(ClientFrame.java:238)
	at client.gui.ClientFrame.jDateChooser1PropertyChange(ClientFrame.java:1038)
	at client.gui.ClientFrame.access$600(ClientFrame.java:37)
	at client.gui.ClientFrame$7.propertyChange(ClientFrame.java:403)
	at java.beans.PropertyChangeSupport.fire(PropertyChangeSupport.java:335)
	at java.beans.PropertyChangeSupport.firePropertyChange(PropertyChangeSupport.java:327)
	at java.beans.PropertyChangeSupport.firePropertyChange(PropertyChangeSupport.java:263)
	at java.awt.Component.firePropertyChange(Component.java:8428)
	at com.toedter.calendar.JDateChooser.propertyChange(Unknown Source)
	at java.beans.PropertyChangeSupport.fire(PropertyChangeSupport.java:335)
	at java.beans.PropertyChangeSupport.firePropertyChange(PropertyChangeSupport.java:328)
	at java.beans.PropertyChangeSupport.firePropertyChange(PropertyChangeSupport.java:263)
	at java.awt.Component.firePropertyChange(Component.java:8428)
	at com.toedter.calendar.JTextFieldDateEditor.setDate(Unknown Source)
	at com.toedter.calendar.JTextFieldDateEditor.setDate(Unknown Source)
	at com.toedter.calendar.JDateChooser.setDate(Unknown Source)
	at com.toedter.calendar.JDateChooser.propertyChange(Unknown Source)
	at java.beans.PropertyChangeSupport.fire(PropertyChangeSupport.java:335)
	at java.beans.PropertyChangeSupport.firePropertyChange(PropertyChangeSupport.java:328)
	at java.beans.PropertyChangeSupport.firePropertyChange(PropertyChangeSupport.java:263)
	at java.beans.PropertyChangeSupport.firePropertyChange(PropertyChangeSupport.java:283)
	at java.awt.Component.firePropertyChange(Component.java:8468)
	at javax.swing.JComponent.firePropertyChange(JComponent.java:4507)
	at com.toedter.calendar.JDayChooser.setDay(Unknown Source)
	at com.toedter.calendar.JDayChooser.actionPerformed(Unknown Source)
	at javax.swing.AbstractButton.fireActionPerformed(AbstractButton.java:2022)
	at javax.swing.AbstractButton$Handler.actionPerformed(AbstractButton.java:2348)
	at javax.swing.DefaultButtonModel.fireActionPerformed(DefaultButtonModel.java:402)
	at javax.swing.DefaultButtonModel.setPressed(DefaultButtonModel.java:259)
	at javax.swing.plaf.basic.BasicButtonListener.mouseReleased(BasicButtonListener.java:252)
	at java.awt.Component.processMouseEvent(Component.java:6533)
	at javax.swing.JComponent.processMouseEvent(JComponent.java:3324)
	at java.awt.Component.processEvent(Component.java:6298)
	at java.awt.Container.processEvent(Container.java:2236)
	at java.awt.Component.dispatchEventImpl(Component.java:4889)
	at java.awt.Container.dispatchEventImpl(Container.java:2294)
	at java.awt.Component.dispatchEvent(Component.java:4711)
	at java.awt.LightweightDispatcher.retargetMouseEvent(Container.java:4888)
	at java.awt.LightweightDispatcher.processMouseEvent(Container.java:4525)
	at java.awt.LightweightDispatcher.dispatchEvent(Container.java:4466)
	at java.awt.Container.dispatchEventImpl(Container.java:2280)
	at java.awt.Window.dispatchEventImpl(Window.java:2746)
	at java.awt.Component.dispatchEvent(Component.java:4711)
	at java.awt.EventQueue.dispatchEventImpl(EventQueue.java:758)
	at java.awt.EventQueue.access$500(EventQueue.java:97)
	at java.awt.EventQueue$3.run(EventQueue.java:709)
	at java.awt.EventQueue$3.run(EventQueue.java:703)
	at java.security.AccessController.doPrivileged(Native Method)
	at java.security.ProtectionDomain$JavaSecurityAccessImpl.doIntersectionPrivilege(ProtectionDomain.java:80)
	at java.security.ProtectionDomain$JavaSecurityAccessImpl.doIntersectionPrivilege(ProtectionDomain.java:90)
	at java.awt.EventQueue$4.run(EventQueue.java:731)
	at java.awt.EventQueue$4.run(EventQueue.java:729)
	at java.security.AccessController.doPrivileged(Native Method)
	at java.security.ProtectionDomain$JavaSecurityAccessImpl.doIntersectionPrivilege(ProtectionDomain.java:80)
	at java.awt.EventQueue.dispatchEvent(EventQueue.java:728)
	at java.awt.EventDispatchThread.pumpOneEventForFilters(EventDispatchThread.java:201)
	at java.awt.EventDispatchThread.pumpEventsForFilter(EventDispatchThread.java:116)
	at java.awt.EventDispatchThread.pumpEventsForHierarchy(EventDispatchThread.java:105)
	at java.awt.EventDispatchThread.pumpEvents(EventDispatchThread.java:101)
	at java.awt.EventDispatchThread.pumpEvents(EventDispatchThread.java:93)
	at java.awt.EventDispatchThread.run(EventDispatchThread.java:82)
Caused by: java.net.SocketException: Connection reset
	at java.net.SocketInputStream.read(SocketInputStream.java:210)
	at java.net.SocketInputStream.read(SocketInputStream.java:141)
	at java.io.BufferedInputStream.fill(BufferedInputStream.java:246)
	at java.io.BufferedInputStream.read(BufferedInputStream.java:265)
	at java.io.DataInputStream.readByte(DataInputStream.java:265)
	at sun.rmi.transport.StreamRemoteCall.executeCall(StreamRemoteCall.java:222)
	... 66 more
INFO    2018-11-15 17:25:06,202 [AWT-EventQueue-0] client.gui.ClientFrame  1062 - Theodorescu Mihael a oprit aplicatia!
INFO    2018-11-15 17:27:22,188 [AWT-EventQueue-0] client.gui.ClientFrame  110 - Theodorescu Mihael a pornit aplicatia! 192.168.153.52
INFO    2018-11-15 17:27:22,193 [AWT-EventQueue-0] client.gui.ClientFrame  114 - Theodorescu Mihael a dat subscribe!
INFO    2018-11-15 17:27:22,237 [AWT-EventQueue-0] client.gui.ClientFrame  120 - Theodorescu Mihael si-a luat ultima activitate!
INFO    2018-11-15 17:28:31,403 [AWT-EventQueue-0] client.gui.ClientFrame  110 - Theodorescu Mihael a pornit aplicatia! 192.168.153.52
INFO    2018-11-15 17:28:31,409 [AWT-EventQueue-0] client.gui.ClientFrame  114 - Theodorescu Mihael a dat subscribe!
INFO    2018-11-15 17:28:31,449 [AWT-EventQueue-0] client.gui.ClientFrame  120 - Theodorescu Mihael si-a luat ultima activitate!
INFO    2018-11-15 17:29:57,330 [AWT-EventQueue-0] client.gui.ClientFrame  110 - Theodorescu Mihael a pornit aplicatia! 192.168.153.52
INFO    2018-11-15 17:29:57,334 [AWT-EventQueue-0] client.gui.ClientFrame  114 - Theodorescu Mihael a dat subscribe!
INFO    2018-11-15 17:29:57,371 [AWT-EventQueue-0] client.gui.ClientFrame  120 - Theodorescu Mihael si-a luat ultima activitate!
INFO    2018-11-15 17:30:03,734 [AWT-EventQueue-0] client.gui.ClientFrame  1062 - Theodorescu Mihael a oprit aplicatia!
INFO    2018-11-15 17:30:57,200 [AWT-EventQueue-0] client.gui.AdminFrame  51 - A pornit aplicatia!
INFO    2018-11-15 17:31:24,149 [AWT-EventQueue-0] client.gui.AdminFrame  51 - A pornit aplicatia!
INFO    2018-11-15 17:34:52,072 [AWT-EventQueue-0] client.gui.AdminFrame  51 - A pornit aplicatia!
ERROR   2018-11-15 17:37:02,455 [AWT-EventQueue-0] client.gui.AdminFrame  104 - Eroare la preluarea angajatilor!
java.rmi.UnmarshalException: Error unmarshaling return header; nested exception is: 
	java.net.SocketException: Connection reset
	at sun.rmi.transport.StreamRemoteCall.executeCall(StreamRemoteCall.java:236)
	at sun.rmi.server.UnicastRef.invoke(UnicastRef.java:161)
	at java.rmi.server.RemoteObjectInvocationHandler.invokeRemoteMethod(RemoteObjectInvocationHandler.java:227)
	at java.rmi.server.RemoteObjectInvocationHandler.invoke(RemoteObjectInvocationHandler.java:179)
	at com.sun.proxy.$Proxy4.getLastDateActivityByAngajat(Unknown Source)
	at client.controller.ActivitateController.getLastDateActivityByAngajat(ActivitateController.java:74)
	at client.gui.AdminFrame.<init>(AdminFrame.java:95)
	at client.gui.LoginFrame.apasa(LoginFrame.java:82)
	at client.gui.LoginFrame.jButton1ActionPerformed(LoginFrame.java:194)
	at client.gui.LoginFrame.access$100(LoginFrame.java:24)
	at client.gui.LoginFrame$2.actionPerformed(LoginFrame.java:144)
	at javax.swing.AbstractButton.fireActionPerformed(AbstractButton.java:2022)
	at javax.swing.AbstractButton$Handler.actionPerformed(AbstractButton.java:2348)
	at javax.swing.DefaultButtonModel.fireActionPerformed(DefaultButtonModel.java:402)
	at javax.swing.DefaultButtonModel.setPressed(DefaultButtonModel.java:259)
	at javax.swing.AbstractButton.doClick(AbstractButton.java:376)
	at javax.swing.plaf.basic.BasicRootPaneUI$Actions.actionPerformed(BasicRootPaneUI.java:208)
	at javax.swing.SwingUtilities.notifyAction(SwingUtilities.java:1663)
	at javax.swing.JComponent.processKeyBinding(JComponent.java:2882)
	at javax.swing.KeyboardManager.fireBinding(KeyboardManager.java:307)
	at javax.swing.KeyboardManager.fireKeyboardAction(KeyboardManager.java:250)
	at javax.swing.JComponent.processKeyBindingsForAllComponents(JComponent.java:2974)
	at javax.swing.JComponent.processKeyBindings(JComponent.java:2966)
	at javax.swing.JComponent.processKeyEvent(JComponent.java:2845)
	at java.awt.Component.processEvent(Component.java:6310)
	at java.awt.Container.processEvent(Container.java:2236)
	at java.awt.Component.dispatchEventImpl(Component.java:4889)
	at java.awt.Container.dispatchEventImpl(Container.java:2294)
	at java.awt.Component.dispatchEvent(Component.java:4711)
	at java.awt.KeyboardFocusManager.redispatchEvent(KeyboardFocusManager.java:1954)
	at java.awt.DefaultKeyboardFocusManager.dispatchKeyEvent(DefaultKeyboardFocusManager.java:806)
	at java.awt.DefaultKeyboardFocusManager.preDispatchKeyEvent(DefaultKeyboardFocusManager.java:1074)
	at java.awt.DefaultKeyboardFocusManager.typeAheadAssertions(DefaultKeyboardFocusManager.java:945)
	at java.awt.DefaultKeyboardFocusManager.dispatchEvent(DefaultKeyboardFocusManager.java:771)
	at java.awt.Component.dispatchEventImpl(Component.java:4760)
	at java.awt.Container.dispatchEventImpl(Container.java:2294)
	at java.awt.Window.dispatchEventImpl(Window.java:2746)
	at java.awt.Component.dispatchEvent(Component.java:4711)
	at java.awt.EventQueue.dispatchEventImpl(EventQueue.java:758)
	at java.awt.EventQueue.access$500(EventQueue.java:97)
	at java.awt.EventQueue$3.run(EventQueue.java:709)
	at java.awt.EventQueue$3.run(EventQueue.java:703)
	at java.security.AccessController.doPrivileged(Native Method)
	at java.security.ProtectionDomain$JavaSecurityAccessImpl.doIntersectionPrivilege(ProtectionDomain.java:80)
	at java.security.ProtectionDomain$JavaSecurityAccessImpl.doIntersectionPrivilege(ProtectionDomain.java:90)
	at java.awt.EventQueue$4.run(EventQueue.java:731)
	at java.awt.EventQueue$4.run(EventQueue.java:729)
	at java.security.AccessController.doPrivileged(Native Method)
	at java.security.ProtectionDomain$JavaSecurityAccessImpl.doIntersectionPrivilege(ProtectionDomain.java:80)
	at java.awt.EventQueue.dispatchEvent(EventQueue.java:728)
	at java.awt.EventDispatchThread.pumpOneEventForFilters(EventDispatchThread.java:201)
	at java.awt.EventDispatchThread.pumpEventsForFilter(EventDispatchThread.java:116)
	at java.awt.EventDispatchThread.pumpEventsForHierarchy(EventDispatchThread.java:105)
	at java.awt.EventDispatchThread.pumpEvents(EventDispatchThread.java:101)
	at java.awt.EventDispatchThread.pumpEvents(EventDispatchThread.java:93)
	at java.awt.EventDispatchThread.run(EventDispatchThread.java:82)
Caused by: java.net.SocketException: Connection reset
	at java.net.SocketInputStream.read(SocketInputStream.java:210)
	at java.net.SocketInputStream.read(SocketInputStream.java:141)
	at java.io.BufferedInputStream.fill(BufferedInputStream.java:246)
	at java.io.BufferedInputStream.read(BufferedInputStream.java:265)
	at java.io.DataInputStream.readByte(DataInputStream.java:265)
	at sun.rmi.transport.StreamRemoteCall.executeCall(StreamRemoteCall.java:222)
	... 55 more
ERROR   2018-11-15 17:37:03,617 [AWT-EventQueue-0] ComboCellProiect.ComboTableModel  115 - Eroare la luarea orelor pentru un proiect!
java.rmi.ConnectException: Connection refused to host: 192.168.56.1; nested exception is: 
	java.net.ConnectException: Connection refused: connect
	at sun.rmi.transport.tcp.TCPEndpoint.newSocket(TCPEndpoint.java:619)
	at sun.rmi.transport.tcp.TCPChannel.createConnection(TCPChannel.java:216)
	at sun.rmi.transport.tcp.TCPChannel.newConnection(TCPChannel.java:202)
	at sun.rmi.server.UnicastRef.invoke(UnicastRef.java:129)
	at java.rmi.server.RemoteObjectInvocationHandler.invokeRemoteMethod(RemoteObjectInvocationHandler.java:227)
	at java.rmi.server.RemoteObjectInvocationHandler.invoke(RemoteObjectInvocationHandler.java:179)
	at com.sun.proxy.$Proxy1.oreProiect(Unknown Source)
	at client.controller.ProiectController.oreProiect(ProiectController.java:58)
	at ComboCellProiect.ComboTableModel.getValueAt(ComboTableModel.java:89)
	at ComboCellProiect.ComboTableModel.getColumnClass(ComboTableModel.java:67)
	at javax.swing.JTable.getColumnClass(JTable.java:2698)
	at javax.swing.JTable.getCellRenderer(JTable.java:5674)
	at javax.swing.plaf.basic.BasicTableUI.paintCell(BasicTableUI.java:2113)
	at javax.swing.plaf.basic.BasicTableUI.paintCells(BasicTableUI.java:2016)
	at javax.swing.plaf.basic.BasicTableUI.paint(BasicTableUI.java:1812)
	at javax.swing.plaf.ComponentUI.update(ComponentUI.java:161)
	at javax.swing.JComponent.paintComponent(JComponent.java:780)
	at javax.swing.JComponent.paint(JComponent.java:1056)
	at javax.swing.JComponent.paintChildren(JComponent.java:889)
	at javax.swing.JComponent.paint(JComponent.java:1065)
	at javax.swing.JViewport.paint(JViewport.java:728)
	at javax.swing.JComponent.paintChildren(JComponent.java:889)
	at javax.swing.JComponent.paint(JComponent.java:1065)
	at javax.swing.JComponent.paintToOffscreen(JComponent.java:5210)
	at javax.swing.RepaintManager$PaintManager.paintDoubleBuffered(RepaintManager.java:1579)
	at javax.swing.RepaintManager$PaintManager.paint(RepaintManager.java:1502)
	at javax.swing.RepaintManager.paint(RepaintManager.java:1272)
	at javax.swing.JComponent._paintImmediately(JComponent.java:5158)
	at javax.swing.JComponent.paintImmediately(JComponent.java:4969)
	at javax.swing.RepaintManager$4.run(RepaintManager.java:831)
	at javax.swing.RepaintManager$4.run(RepaintManager.java:814)
	at java.security.AccessController.doPrivileged(Native Method)
	at java.security.ProtectionDomain$JavaSecurityAccessImpl.doIntersectionPrivilege(ProtectionDomain.java:80)
	at javax.swing.RepaintManager.paintDirtyRegions(RepaintManager.java:814)
	at javax.swing.RepaintManager.paintDirtyRegions(RepaintManager.java:789)
	at javax.swing.RepaintManager.prePaintDirtyRegions(RepaintManager.java:738)
	at javax.swing.RepaintManager.access$1200(RepaintManager.java:64)
	at javax.swing.RepaintManager$ProcessingRunnable.run(RepaintManager.java:1732)
	at java.awt.event.InvocationEvent.dispatch(InvocationEvent.java:311)
	at java.awt.EventQueue.dispatchEventImpl(EventQueue.java:756)
	at java.awt.EventQueue.access$500(EventQueue.java:97)
	at java.awt.EventQueue$3.run(EventQueue.java:709)
	at java.awt.EventQueue$3.run(EventQueue.java:703)
	at java.security.AccessController.doPrivileged(Native Method)
	at java.security.ProtectionDomain$JavaSecurityAccessImpl.doIntersectionPrivilege(ProtectionDomain.java:80)
	at java.awt.EventQueue.dispatchEvent(EventQueue.java:726)
	at java.awt.EventDispatchThread.pumpOneEventForFilters(EventDispatchThread.java:201)
	at java.awt.EventDispatchThread.pumpEventsForFilter(EventDispatchThread.java:116)
	at java.awt.EventDispatchThread.pumpEventsForFilter(EventDispatchThread.java:109)
	at java.awt.WaitDispatchSupport$2.run(WaitDispatchSupport.java:184)
	at java.awt.WaitDispatchSupport$4.run(WaitDispatchSupport.java:229)
	at java.awt.WaitDispatchSupport$4.run(WaitDispatchSupport.java:227)
	at java.security.AccessController.doPrivileged(Native Method)
	at java.awt.WaitDispatchSupport.enter(WaitDispatchSupport.java:227)
	at java.awt.Dialog.show(Dialog.java:1084)
	at javax.swing.JOptionPane.showOptionDialog(JOptionPane.java:869)
	at javax.swing.JOptionPane.showMessageDialog(JOptionPane.java:666)
	at javax.swing.JOptionPane.showMessageDialog(JOptionPane.java:637)
	at javax.swing.JOptionPane.showMessageDialog(JOptionPane.java:608)
	at client.gui.AdminFrame.<init>(AdminFrame.java:105)
	at client.gui.LoginFrame.apasa(LoginFrame.java:82)
	at client.gui.LoginFrame.jButton1ActionPerformed(LoginFrame.java:194)
	at client.gui.LoginFrame.access$100(LoginFrame.java:24)
	at client.gui.LoginFrame$2.actionPerformed(LoginFrame.java:144)
	at javax.swing.AbstractButton.fireActionPerformed(AbstractButton.java:2022)
	at javax.swing.AbstractButton$Handler.actionPerformed(AbstractButton.java:2348)
	at javax.swing.DefaultButtonModel.fireActionPerformed(DefaultButtonModel.java:402)
	at javax.swing.DefaultButtonModel.setPressed(DefaultButtonModel.java:259)
	at javax.swing.AbstractButton.doClick(AbstractButton.java:376)
	at javax.swing.plaf.basic.BasicRootPaneUI$Actions.actionPerformed(BasicRootPaneUI.java:208)
	at javax.swing.SwingUtilities.notifyAction(SwingUtilities.java:1663)
	at javax.swing.JComponent.processKeyBinding(JComponent.java:2882)
	at javax.swing.KeyboardManager.fireBinding(KeyboardManager.java:307)
	at javax.swing.KeyboardManager.fireKeyboardAction(KeyboardManager.java:250)
	at javax.swing.JComponent.processKeyBindingsForAllComponents(JComponent.java:2974)
	at javax.swing.JComponent.processKeyBindings(JComponent.java:2966)
	at javax.swing.JComponent.processKeyEvent(JComponent.java:2845)
	at java.awt.Component.processEvent(Component.java:6310)
	at java.awt.Container.processEvent(Container.java:2236)
	at java.awt.Component.dispatchEventImpl(Component.java:4889)
	at java.awt.Container.dispatchEventImpl(Container.java:2294)
	at java.awt.Component.dispatchEvent(Component.java:4711)
	at java.awt.KeyboardFocusManager.redispatchEvent(KeyboardFocusManager.java:1954)
	at java.awt.DefaultKeyboardFocusManager.dispatchKeyEvent(DefaultKeyboardFocusManager.java:806)
	at java.awt.DefaultKeyboardFocusManager.preDispatchKeyEvent(DefaultKeyboardFocusManager.java:1074)
	at java.awt.DefaultKeyboardFocusManager.typeAheadAssertions(DefaultKeyboardFocusManager.java:945)
	at java.awt.DefaultKeyboardFocusManager.dispatchEvent(DefaultKeyboardFocusManager.java:771)
	at java.awt.Component.dispatchEventImpl(Component.java:4760)
	at java.awt.Container.dispatchEventImpl(Container.java:2294)
	at java.awt.Window.dispatchEventImpl(Window.java:2746)
	at java.awt.Component.dispatchEvent(Component.java:4711)
	at java.awt.EventQueue.dispatchEventImpl(EventQueue.java:758)
	at java.awt.EventQueue.access$500(EventQueue.java:97)
	at java.awt.EventQueue$3.run(EventQueue.java:709)
	at java.awt.EventQueue$3.run(EventQueue.java:703)
	at java.security.AccessController.doPrivileged(Native Method)
	at java.security.ProtectionDomain$JavaSecurityAccessImpl.doIntersectionPrivilege(ProtectionDomain.java:80)
	at java.security.ProtectionDomain$JavaSecurityAccessImpl.doIntersectionPrivilege(ProtectionDomain.java:90)
	at java.awt.EventQueue$4.run(EventQueue.java:731)
	at java.awt.EventQueue$4.run(EventQueue.java:729)
	at java.security.AccessController.doPrivileged(Native Method)
	at java.security.ProtectionDomain$JavaSecurityAccessImpl.doIntersectionPrivilege(ProtectionDomain.java:80)
	at java.awt.EventQueue.dispatchEvent(EventQueue.java:728)
	at java.awt.EventDispatchThread.pumpOneEventForFilters(EventDispatchThread.java:201)
	at java.awt.EventDispatchThread.pumpEventsForFilter(EventDispatchThread.java:116)
	at java.awt.EventDispatchThread.pumpEventsForHierarchy(EventDispatchThread.java:105)
	at java.awt.EventDispatchThread.pumpEvents(EventDispatchThread.java:101)
	at java.awt.EventDispatchThread.pumpEvents(EventDispatchThread.java:93)
	at java.awt.EventDispatchThread.run(EventDispatchThread.java:82)
Caused by: java.net.ConnectException: Connection refused: connect
	at java.net.DualStackPlainSocketImpl.connect0(Native Method)
	at java.net.DualStackPlainSocketImpl.socketConnect(DualStackPlainSocketImpl.java:79)
	at java.net.AbstractPlainSocketImpl.doConnect(AbstractPlainSocketImpl.java:350)
	at java.net.AbstractPlainSocketImpl.connectToAddress(AbstractPlainSocketImpl.java:206)
	at java.net.AbstractPlainSocketImpl.connect(AbstractPlainSocketImpl.java:188)
	at java.net.PlainSocketImpl.connect(PlainSocketImpl.java:172)
	at java.net.SocksSocketImpl.connect(SocksSocketImpl.java:392)
	at java.net.Socket.connect(Socket.java:589)
	at java.net.Socket.connect(Socket.java:538)
	at java.net.Socket.<init>(Socket.java:434)
	at java.net.Socket.<init>(Socket.java:211)
	at sun.rmi.transport.proxy.RMIDirectSocketFactory.createSocket(RMIDirectSocketFactory.java:40)
	at sun.rmi.transport.proxy.RMIMasterSocketFactory.createSocket(RMIMasterSocketFactory.java:148)
	at sun.rmi.transport.tcp.TCPEndpoint.newSocket(TCPEndpoint.java:613)
	... 108 more
INFO    2018-11-15 17:37:04,860 [AWT-EventQueue-0] client.gui.AdminFrame  429 - S-a oprit aplicatia!
INFO    2018-11-15 17:41:26,615 [AWT-EventQueue-0] client.gui.AdminFrame  51 - A pornit aplicatia!
INFO    2018-11-15 17:41:37,103 [AWT-EventQueue-0] client.gui.AdminFrame  343 - S-a oprit aplicatia!
INFO    2018-11-15 17:43:45,917 [AWT-EventQueue-0] client.gui.AdminFrame  51 - A pornit aplicatia!
INFO    2018-11-15 17:43:48,699 [AWT-EventQueue-0] client.gui.AdminFrame  429 - S-a oprit aplicatia!
INFO    2018-11-15 17:45:22,056 [AWT-EventQueue-0] client.gui.ClientFrame  110 - Theodorescu Mihael a pornit aplicatia! 192.168.153.52
INFO    2018-11-15 17:45:22,060 [AWT-EventQueue-0] client.gui.ClientFrame  114 - Theodorescu Mihael a dat subscribe!
INFO    2018-11-15 17:45:22,086 [AWT-EventQueue-0] client.gui.ClientFrame  120 - Theodorescu Mihael si-a luat ultima activitate!
INFO    2018-11-15 17:45:36,221 [AWT-EventQueue-0] client.gui.ClientFrame  1062 - Theodorescu Mihael a oprit aplicatia!
INFO    2018-11-15 17:55:12,985 [AWT-EventQueue-0] client.gui.ClientFrame  110 - Theodorescu Mihael a pornit aplicatia! 192.168.153.52
INFO    2018-11-15 17:55:12,992 [AWT-EventQueue-0] client.gui.ClientFrame  114 - Theodorescu Mihael a dat subscribe!
INFO    2018-11-15 17:55:13,024 [AWT-EventQueue-0] client.gui.ClientFrame  120 - Theodorescu Mihael si-a luat ultima activitate!
INFO    2018-11-15 17:56:05,346 [AWT-EventQueue-0] client.gui.ClientFrame  110 - Theodorescu Mihael a pornit aplicatia! 192.168.153.52
INFO    2018-11-15 17:56:05,352 [AWT-EventQueue-0] client.gui.ClientFrame  114 - Theodorescu Mihael a dat subscribe!
INFO    2018-11-15 17:56:05,382 [AWT-EventQueue-0] client.gui.ClientFrame  120 - Theodorescu Mihael si-a luat ultima activitate!
INFO    2018-11-15 17:56:24,355 [AWT-EventQueue-0] client.gui.ClientFrame  1062 - Theodorescu Mihael a oprit aplicatia!
INFO    2018-11-15 17:58:00,743 [AWT-EventQueue-0] client.gui.ClientFrame  110 - Theodorescu Mihael a pornit aplicatia! 192.168.153.52
INFO    2018-11-15 17:58:00,748 [AWT-EventQueue-0] client.gui.ClientFrame  114 - Theodorescu Mihael a dat subscribe!
ERROR   2018-11-15 17:58:00,805 [AWT-EventQueue-0] client.gui.ClientFrame  144 - Theodorescu Mihael are eroarea: 
java.lang.ClassCastException: java.lang.Long cannot be cast to java.lang.Integer
	at server.dao.ActivitateDao.getOreAngajatLuna(ActivitateDao.java:185)
	at server.service.ActivitateService.getOreAngajatLuna(ActivitateService.java:165)
	at sun.reflect.NativeMethodAccessorImpl.invoke0(Native Method)
	at sun.reflect.NativeMethodAccessorImpl.invoke(NativeMethodAccessorImpl.java:62)
	at sun.reflect.DelegatingMethodAccessorImpl.invoke(DelegatingMethodAccessorImpl.java:43)
	at java.lang.reflect.Method.invoke(Method.java:498)
	at sun.rmi.server.UnicastServerRef.dispatch(UnicastServerRef.java:357)
	at sun.rmi.transport.Transport$1.run(Transport.java:200)
	at sun.rmi.transport.Transport$1.run(Transport.java:197)
	at java.security.AccessController.doPrivileged(Native Method)
	at sun.rmi.transport.Transport.serviceCall(Transport.java:196)
	at sun.rmi.transport.tcp.TCPTransport.handleMessages(TCPTransport.java:568)
	at sun.rmi.transport.tcp.TCPTransport$ConnectionHandler.run0(TCPTransport.java:826)
	at sun.rmi.transport.tcp.TCPTransport$ConnectionHandler.lambda$run$0(TCPTransport.java:683)
	at java.security.AccessController.doPrivileged(Native Method)
	at sun.rmi.transport.tcp.TCPTransport$ConnectionHandler.run(TCPTransport.java:682)
	at java.util.concurrent.ThreadPoolExecutor.runWorker(ThreadPoolExecutor.java:1149)
	at java.util.concurrent.ThreadPoolExecutor$Worker.run(ThreadPoolExecutor.java:624)
	at java.lang.Thread.run(Thread.java:748)
	at sun.rmi.transport.StreamRemoteCall.exceptionReceivedFromServer(StreamRemoteCall.java:283)
	at sun.rmi.transport.StreamRemoteCall.executeCall(StreamRemoteCall.java:260)
	at sun.rmi.server.UnicastRef.invoke(UnicastRef.java:161)
	at java.rmi.server.RemoteObjectInvocationHandler.invokeRemoteMethod(RemoteObjectInvocationHandler.java:227)
	at java.rmi.server.RemoteObjectInvocationHandler.invoke(RemoteObjectInvocationHandler.java:179)
	at com.sun.proxy.$Proxy1.getOreAngajatLuna(Unknown Source)
	at client.controller.ActivitateController.getOreAngajatLuna(ActivitateController.java:90)
	at client.gui.ClientFrame.<init>(ClientFrame.java:116)
	at client.gui.LoginFrame.apasa(LoginFrame.java:84)
	at client.gui.LoginFrame.jButton1ActionPerformed(LoginFrame.java:194)
	at client.gui.LoginFrame.access$100(LoginFrame.java:24)
	at client.gui.LoginFrame$2.actionPerformed(LoginFrame.java:144)
	at javax.swing.AbstractButton.fireActionPerformed(AbstractButton.java:2022)
	at javax.swing.AbstractButton$Handler.actionPerformed(AbstractButton.java:2348)
	at javax.swing.DefaultButtonModel.fireActionPerformed(DefaultButtonModel.java:402)
	at javax.swing.DefaultButtonModel.setPressed(DefaultButtonModel.java:259)
	at javax.swing.AbstractButton.doClick(AbstractButton.java:376)
	at javax.swing.plaf.basic.BasicRootPaneUI$Actions.actionPerformed(BasicRootPaneUI.java:208)
	at javax.swing.SwingUtilities.notifyAction(SwingUtilities.java:1663)
	at javax.swing.JComponent.processKeyBinding(JComponent.java:2882)
	at javax.swing.KeyboardManager.fireBinding(KeyboardManager.java:307)
	at javax.swing.KeyboardManager.fireKeyboardAction(KeyboardManager.java:250)
	at javax.swing.JComponent.processKeyBindingsForAllComponents(JComponent.java:2974)
	at javax.swing.JComponent.processKeyBindings(JComponent.java:2966)
	at javax.swing.JComponent.processKeyEvent(JComponent.java:2845)
	at java.awt.Component.processEvent(Component.java:6310)
	at java.awt.Container.processEvent(Container.java:2236)
	at java.awt.Component.dispatchEventImpl(Component.java:4889)
	at java.awt.Container.dispatchEventImpl(Container.java:2294)
	at java.awt.Component.dispatchEvent(Component.java:4711)
	at java.awt.KeyboardFocusManager.redispatchEvent(KeyboardFocusManager.java:1954)
	at java.awt.DefaultKeyboardFocusManager.dispatchKeyEvent(DefaultKeyboardFocusManager.java:806)
	at java.awt.DefaultKeyboardFocusManager.preDispatchKeyEvent(DefaultKeyboardFocusManager.java:1074)
	at java.awt.DefaultKeyboardFocusManager.typeAheadAssertions(DefaultKeyboardFocusManager.java:945)
	at java.awt.DefaultKeyboardFocusManager.dispatchEvent(DefaultKeyboardFocusManager.java:771)
	at java.awt.Component.dispatchEventImpl(Component.java:4760)
	at java.awt.Container.dispatchEventImpl(Container.java:2294)
	at java.awt.Window.dispatchEventImpl(Window.java:2746)
	at java.awt.Component.dispatchEvent(Component.java:4711)
	at java.awt.EventQueue.dispatchEventImpl(EventQueue.java:758)
	at java.awt.EventQueue.access$500(EventQueue.java:97)
	at java.awt.EventQueue$3.run(EventQueue.java:709)
	at java.awt.EventQueue$3.run(EventQueue.java:703)
	at java.security.AccessController.doPrivileged(Native Method)
	at java.security.ProtectionDomain$JavaSecurityAccessImpl.doIntersectionPrivilege(ProtectionDomain.java:80)
	at java.security.ProtectionDomain$JavaSecurityAccessImpl.doIntersectionPrivilege(ProtectionDomain.java:90)
	at java.awt.EventQueue$4.run(EventQueue.java:731)
	at java.awt.EventQueue$4.run(EventQueue.java:729)
	at java.security.AccessController.doPrivileged(Native Method)
	at java.security.ProtectionDomain$JavaSecurityAccessImpl.doIntersectionPrivilege(ProtectionDomain.java:80)
	at java.awt.EventQueue.dispatchEvent(EventQueue.java:728)
	at java.awt.EventDispatchThread.pumpOneEventForFilters(EventDispatchThread.java:201)
	at java.awt.EventDispatchThread.pumpEventsForFilter(EventDispatchThread.java:116)
	at java.awt.EventDispatchThread.pumpEventsForHierarchy(EventDispatchThread.java:105)
	at java.awt.EventDispatchThread.pumpEvents(EventDispatchThread.java:101)
	at java.awt.EventDispatchThread.pumpEvents(EventDispatchThread.java:93)
	at java.awt.EventDispatchThread.run(EventDispatchThread.java:82)
INFO    2018-11-15 17:58:34,606 [AWT-EventQueue-0] client.gui.ClientFrame  1062 - Theodorescu Mihael a oprit aplicatia!
INFO    2018-11-15 17:59:01,009 [AWT-EventQueue-0] client.gui.ClientFrame  110 - Theodorescu Mihael a pornit aplicatia! 192.168.153.52
INFO    2018-11-15 17:59:01,013 [AWT-EventQueue-0] client.gui.ClientFrame  114 - Theodorescu Mihael a dat subscribe!
ERROR   2018-11-15 17:59:27,945 [AWT-EventQueue-0] client.gui.ClientFrame  141 - Theodorescu Mihael are eroarea: 
java.rmi.UnmarshalException: Error unmarshaling return header; nested exception is: 
	java.net.SocketException: Connection reset
	at sun.rmi.transport.StreamRemoteCall.executeCall(StreamRemoteCall.java:236)
	at sun.rmi.server.UnicastRef.invoke(UnicastRef.java:161)
	at java.rmi.server.RemoteObjectInvocationHandler.invokeRemoteMethod(RemoteObjectInvocationHandler.java:227)
	at java.rmi.server.RemoteObjectInvocationHandler.invoke(RemoteObjectInvocationHandler.java:179)
	at com.sun.proxy.$Proxy1.getOreAngajatLuna(Unknown Source)
	at client.controller.ActivitateController.getOreAngajatLuna(ActivitateController.java:90)
	at client.gui.ClientFrame.<init>(ClientFrame.java:116)
	at client.gui.LoginFrame.apasa(LoginFrame.java:84)
	at client.gui.LoginFrame.jButton1ActionPerformed(LoginFrame.java:194)
	at client.gui.LoginFrame.access$100(LoginFrame.java:24)
	at client.gui.LoginFrame$2.actionPerformed(LoginFrame.java:144)
	at javax.swing.AbstractButton.fireActionPerformed(AbstractButton.java:2022)
	at javax.swing.AbstractButton$Handler.actionPerformed(AbstractButton.java:2348)
	at javax.swing.DefaultButtonModel.fireActionPerformed(DefaultButtonModel.java:402)
	at javax.swing.DefaultButtonModel.setPressed(DefaultButtonModel.java:259)
	at javax.swing.AbstractButton.doClick(AbstractButton.java:376)
	at javax.swing.plaf.basic.BasicRootPaneUI$Actions.actionPerformed(BasicRootPaneUI.java:208)
	at javax.swing.SwingUtilities.notifyAction(SwingUtilities.java:1663)
	at javax.swing.JComponent.processKeyBinding(JComponent.java:2882)
	at javax.swing.KeyboardManager.fireBinding(KeyboardManager.java:307)
	at javax.swing.KeyboardManager.fireKeyboardAction(KeyboardManager.java:250)
	at javax.swing.JComponent.processKeyBindingsForAllComponents(JComponent.java:2974)
	at javax.swing.JComponent.processKeyBindings(JComponent.java:2966)
	at javax.swing.JComponent.processKeyEvent(JComponent.java:2845)
	at java.awt.Component.processEvent(Component.java:6310)
	at java.awt.Container.processEvent(Container.java:2236)
	at java.awt.Component.dispatchEventImpl(Component.java:4889)
	at java.awt.Container.dispatchEventImpl(Container.java:2294)
	at java.awt.Component.dispatchEvent(Component.java:4711)
	at java.awt.KeyboardFocusManager.redispatchEvent(KeyboardFocusManager.java:1954)
	at java.awt.DefaultKeyboardFocusManager.dispatchKeyEvent(DefaultKeyboardFocusManager.java:806)
	at java.awt.DefaultKeyboardFocusManager.preDispatchKeyEvent(DefaultKeyboardFocusManager.java:1074)
	at java.awt.DefaultKeyboardFocusManager.typeAheadAssertions(DefaultKeyboardFocusManager.java:945)
	at java.awt.DefaultKeyboardFocusManager.dispatchEvent(DefaultKeyboardFocusManager.java:771)
	at java.awt.Component.dispatchEventImpl(Component.java:4760)
	at java.awt.Container.dispatchEventImpl(Container.java:2294)
	at java.awt.Window.dispatchEventImpl(Window.java:2746)
	at java.awt.Component.dispatchEvent(Component.java:4711)
	at java.awt.EventQueue.dispatchEventImpl(EventQueue.java:758)
	at java.awt.EventQueue.access$500(EventQueue.java:97)
	at java.awt.EventQueue$3.run(EventQueue.java:709)
	at java.awt.EventQueue$3.run(EventQueue.java:703)
	at java.security.AccessController.doPrivileged(Native Method)
	at java.security.ProtectionDomain$JavaSecurityAccessImpl.doIntersectionPrivilege(ProtectionDomain.java:80)
	at java.security.ProtectionDomain$JavaSecurityAccessImpl.doIntersectionPrivilege(ProtectionDomain.java:90)
	at java.awt.EventQueue$4.run(EventQueue.java:731)
	at java.awt.EventQueue$4.run(EventQueue.java:729)
	at java.security.AccessController.doPrivileged(Native Method)
	at java.security.ProtectionDomain$JavaSecurityAccessImpl.doIntersectionPrivilege(ProtectionDomain.java:80)
	at java.awt.EventQueue.dispatchEvent(EventQueue.java:728)
	at java.awt.EventDispatchThread.pumpOneEventForFilters(EventDispatchThread.java:201)
	at java.awt.EventDispatchThread.pumpEventsForFilter(EventDispatchThread.java:116)
	at java.awt.EventDispatchThread.pumpEventsForHierarchy(EventDispatchThread.java:105)
	at java.awt.EventDispatchThread.pumpEvents(EventDispatchThread.java:101)
	at java.awt.EventDispatchThread.pumpEvents(EventDispatchThread.java:93)
	at java.awt.EventDispatchThread.run(EventDispatchThread.java:82)
Caused by: java.net.SocketException: Connection reset
	at java.net.SocketInputStream.read(SocketInputStream.java:210)
	at java.net.SocketInputStream.read(SocketInputStream.java:141)
	at java.io.BufferedInputStream.fill(BufferedInputStream.java:246)
	at java.io.BufferedInputStream.read(BufferedInputStream.java:265)
	at java.io.DataInputStream.readByte(DataInputStream.java:265)
	at sun.rmi.transport.StreamRemoteCall.executeCall(StreamRemoteCall.java:222)
	... 55 more
INFO    2018-11-15 17:59:30,029 [AWT-EventQueue-0] client.gui.ClientFrame  1062 - Theodorescu Mihael a oprit aplicatia!
INFO    2018-11-15 18:00:11,424 [AWT-EventQueue-0] client.gui.ClientFrame  110 - Theodorescu Mihael a pornit aplicatia! 192.168.153.52
INFO    2018-11-15 18:00:11,429 [AWT-EventQueue-0] client.gui.ClientFrame  114 - Theodorescu Mihael a dat subscribe!
ERROR   2018-11-15 18:00:12,316 [AWT-EventQueue-0] client.gui.ClientFrame  144 - Theodorescu Mihael are eroarea: 
java.lang.ClassCastException: java.lang.Long cannot be cast to java.lang.Integer
	at server.dao.ActivitateDao.getOreAngajatLuna(ActivitateDao.java:185)
	at server.service.ActivitateService.getOreAngajatLuna(ActivitateService.java:165)
	at sun.reflect.NativeMethodAccessorImpl.invoke0(Native Method)
	at sun.reflect.NativeMethodAccessorImpl.invoke(NativeMethodAccessorImpl.java:62)
	at sun.reflect.DelegatingMethodAccessorImpl.invoke(DelegatingMethodAccessorImpl.java:43)
	at java.lang.reflect.Method.invoke(Method.java:498)
	at sun.rmi.server.UnicastServerRef.dispatch(UnicastServerRef.java:357)
	at sun.rmi.transport.Transport$1.run(Transport.java:200)
	at sun.rmi.transport.Transport$1.run(Transport.java:197)
	at java.security.AccessController.doPrivileged(Native Method)
	at sun.rmi.transport.Transport.serviceCall(Transport.java:196)
	at sun.rmi.transport.tcp.TCPTransport.handleMessages(TCPTransport.java:568)
	at sun.rmi.transport.tcp.TCPTransport$ConnectionHandler.run0(TCPTransport.java:826)
	at sun.rmi.transport.tcp.TCPTransport$ConnectionHandler.lambda$run$0(TCPTransport.java:683)
	at java.security.AccessController.doPrivileged(Native Method)
	at sun.rmi.transport.tcp.TCPTransport$ConnectionHandler.run(TCPTransport.java:682)
	at java.util.concurrent.ThreadPoolExecutor.runWorker(ThreadPoolExecutor.java:1149)
	at java.util.concurrent.ThreadPoolExecutor$Worker.run(ThreadPoolExecutor.java:624)
	at java.lang.Thread.run(Thread.java:748)
	at sun.rmi.transport.StreamRemoteCall.exceptionReceivedFromServer(StreamRemoteCall.java:283)
	at sun.rmi.transport.StreamRemoteCall.executeCall(StreamRemoteCall.java:260)
	at sun.rmi.server.UnicastRef.invoke(UnicastRef.java:161)
	at java.rmi.server.RemoteObjectInvocationHandler.invokeRemoteMethod(RemoteObjectInvocationHandler.java:227)
	at java.rmi.server.RemoteObjectInvocationHandler.invoke(RemoteObjectInvocationHandler.java:179)
	at com.sun.proxy.$Proxy1.getOreAngajatLuna(Unknown Source)
	at client.controller.ActivitateController.getOreAngajatLuna(ActivitateController.java:90)
	at client.gui.ClientFrame.<init>(ClientFrame.java:116)
	at client.gui.LoginFrame.apasa(LoginFrame.java:84)
	at client.gui.LoginFrame.jButton1ActionPerformed(LoginFrame.java:194)
	at client.gui.LoginFrame.access$100(LoginFrame.java:24)
	at client.gui.LoginFrame$2.actionPerformed(LoginFrame.java:144)
	at javax.swing.AbstractButton.fireActionPerformed(AbstractButton.java:2022)
	at javax.swing.AbstractButton$Handler.actionPerformed(AbstractButton.java:2348)
	at javax.swing.DefaultButtonModel.fireActionPerformed(DefaultButtonModel.java:402)
	at javax.swing.DefaultButtonModel.setPressed(DefaultButtonModel.java:259)
	at javax.swing.AbstractButton.doClick(AbstractButton.java:376)
	at javax.swing.plaf.basic.BasicRootPaneUI$Actions.actionPerformed(BasicRootPaneUI.java:208)
	at javax.swing.SwingUtilities.notifyAction(SwingUtilities.java:1663)
	at javax.swing.JComponent.processKeyBinding(JComponent.java:2882)
	at javax.swing.KeyboardManager.fireBinding(KeyboardManager.java:307)
	at javax.swing.KeyboardManager.fireKeyboardAction(KeyboardManager.java:250)
	at javax.swing.JComponent.processKeyBindingsForAllComponents(JComponent.java:2974)
	at javax.swing.JComponent.processKeyBindings(JComponent.java:2966)
	at javax.swing.JComponent.processKeyEvent(JComponent.java:2845)
	at java.awt.Component.processEvent(Component.java:6310)
	at java.awt.Container.processEvent(Container.java:2236)
	at java.awt.Component.dispatchEventImpl(Component.java:4889)
	at java.awt.Container.dispatchEventImpl(Container.java:2294)
	at java.awt.Component.dispatchEvent(Component.java:4711)
	at java.awt.KeyboardFocusManager.redispatchEvent(KeyboardFocusManager.java:1954)
	at java.awt.DefaultKeyboardFocusManager.dispatchKeyEvent(DefaultKeyboardFocusManager.java:806)
	at java.awt.DefaultKeyboardFocusManager.preDispatchKeyEvent(DefaultKeyboardFocusManager.java:1074)
	at java.awt.DefaultKeyboardFocusManager.typeAheadAssertions(DefaultKeyboardFocusManager.java:945)
	at java.awt.DefaultKeyboardFocusManager.dispatchEvent(DefaultKeyboardFocusManager.java:771)
	at java.awt.Component.dispatchEventImpl(Component.java:4760)
	at java.awt.Container.dispatchEventImpl(Container.java:2294)
	at java.awt.Window.dispatchEventImpl(Window.java:2746)
	at java.awt.Component.dispatchEvent(Component.java:4711)
	at java.awt.EventQueue.dispatchEventImpl(EventQueue.java:758)
	at java.awt.EventQueue.access$500(EventQueue.java:97)
	at java.awt.EventQueue$3.run(EventQueue.java:709)
	at java.awt.EventQueue$3.run(EventQueue.java:703)
	at java.security.AccessController.doPrivileged(Native Method)
	at java.security.ProtectionDomain$JavaSecurityAccessImpl.doIntersectionPrivilege(ProtectionDomain.java:80)
	at java.security.ProtectionDomain$JavaSecurityAccessImpl.doIntersectionPrivilege(ProtectionDomain.java:90)
	at java.awt.EventQueue$4.run(EventQueue.java:731)
	at java.awt.EventQueue$4.run(EventQueue.java:729)
	at java.security.AccessController.doPrivileged(Native Method)
	at java.security.ProtectionDomain$JavaSecurityAccessImpl.doIntersectionPrivilege(ProtectionDomain.java:80)
	at java.awt.EventQueue.dispatchEvent(EventQueue.java:728)
	at java.awt.EventDispatchThread.pumpOneEventForFilters(EventDispatchThread.java:201)
	at java.awt.EventDispatchThread.pumpEventsForFilter(EventDispatchThread.java:116)
	at java.awt.EventDispatchThread.pumpEventsForHierarchy(EventDispatchThread.java:105)
	at java.awt.EventDispatchThread.pumpEvents(EventDispatchThread.java:101)
	at java.awt.EventDispatchThread.pumpEvents(EventDispatchThread.java:93)
	at java.awt.EventDispatchThread.run(EventDispatchThread.java:82)
INFO    2018-11-15 18:00:27,101 [AWT-EventQueue-0] client.gui.ClientFrame  1062 - Theodorescu Mihael a oprit aplicatia!
INFO    2018-11-15 18:03:27,671 [AWT-EventQueue-0] client.gui.ClientFrame  110 - Theodorescu Mihael a pornit aplicatia! 192.168.153.52
INFO    2018-11-15 18:03:27,675 [AWT-EventQueue-0] client.gui.ClientFrame  114 - Theodorescu Mihael a dat subscribe!
INFO    2018-11-15 18:03:34,818 [AWT-EventQueue-0] client.gui.ClientFrame  120 - Theodorescu Mihael si-a luat ultima activitate!
ERROR   2018-11-15 18:03:55,315 [AWT-EventQueue-0] client.gui.ClientFrame  269 - Theodorescu Mihael are eroarea: 
java.rmi.UnmarshalException: Error unmarshaling return header; nested exception is: 
	java.net.SocketException: Connection reset
	at sun.rmi.transport.StreamRemoteCall.executeCall(StreamRemoteCall.java:236)
	at sun.rmi.server.UnicastRef.invoke(UnicastRef.java:161)
	at java.rmi.server.RemoteObjectInvocationHandler.invokeRemoteMethod(RemoteObjectInvocationHandler.java:227)
	at java.rmi.server.RemoteObjectInvocationHandler.invoke(RemoteObjectInvocationHandler.java:179)
	at com.sun.proxy.$Proxy1.getActivitatiAngajatZi(Unknown Source)
	at client.controller.ActivitateController.getActivitatiAngajatZi(ActivitateController.java:58)
	at client.gui.ClientFrame.populareLista(ClientFrame.java:238)
	at client.gui.ClientFrame.jDateChooser1PropertyChange(ClientFrame.java:1038)
	at client.gui.ClientFrame.access$600(ClientFrame.java:37)
	at client.gui.ClientFrame$7.propertyChange(ClientFrame.java:403)
	at java.beans.PropertyChangeSupport.fire(PropertyChangeSupport.java:335)
	at java.beans.PropertyChangeSupport.firePropertyChange(PropertyChangeSupport.java:327)
	at java.beans.PropertyChangeSupport.firePropertyChange(PropertyChangeSupport.java:263)
	at java.awt.Component.firePropertyChange(Component.java:8428)
	at com.toedter.calendar.JDateChooser.propertyChange(Unknown Source)
	at java.beans.PropertyChangeSupport.fire(PropertyChangeSupport.java:335)
	at java.beans.PropertyChangeSupport.firePropertyChange(PropertyChangeSupport.java:328)
	at java.beans.PropertyChangeSupport.firePropertyChange(PropertyChangeSupport.java:263)
	at java.awt.Component.firePropertyChange(Component.java:8428)
	at com.toedter.calendar.JTextFieldDateEditor.setDate(Unknown Source)
	at com.toedter.calendar.JTextFieldDateEditor.setDate(Unknown Source)
	at com.toedter.calendar.JDateChooser.setDate(Unknown Source)
	at com.toedter.calendar.JDateChooser.propertyChange(Unknown Source)
	at java.beans.PropertyChangeSupport.fire(PropertyChangeSupport.java:335)
	at java.beans.PropertyChangeSupport.firePropertyChange(PropertyChangeSupport.java:328)
	at java.beans.PropertyChangeSupport.firePropertyChange(PropertyChangeSupport.java:263)
	at java.beans.PropertyChangeSupport.firePropertyChange(PropertyChangeSupport.java:283)
	at java.awt.Component.firePropertyChange(Component.java:8468)
	at javax.swing.JComponent.firePropertyChange(JComponent.java:4507)
	at com.toedter.calendar.JDayChooser.setDay(Unknown Source)
	at com.toedter.calendar.JDayChooser.actionPerformed(Unknown Source)
	at javax.swing.AbstractButton.fireActionPerformed(AbstractButton.java:2022)
	at javax.swing.AbstractButton$Handler.actionPerformed(AbstractButton.java:2348)
	at javax.swing.DefaultButtonModel.fireActionPerformed(DefaultButtonModel.java:402)
	at javax.swing.DefaultButtonModel.setPressed(DefaultButtonModel.java:259)
	at javax.swing.plaf.basic.BasicButtonListener.mouseReleased(BasicButtonListener.java:252)
	at java.awt.Component.processMouseEvent(Component.java:6533)
	at javax.swing.JComponent.processMouseEvent(JComponent.java:3324)
	at java.awt.Component.processEvent(Component.java:6298)
	at java.awt.Container.processEvent(Container.java:2236)
	at java.awt.Component.dispatchEventImpl(Component.java:4889)
	at java.awt.Container.dispatchEventImpl(Container.java:2294)
	at java.awt.Component.dispatchEvent(Component.java:4711)
	at java.awt.LightweightDispatcher.retargetMouseEvent(Container.java:4888)
	at java.awt.LightweightDispatcher.processMouseEvent(Container.java:4525)
	at java.awt.LightweightDispatcher.dispatchEvent(Container.java:4466)
	at java.awt.Container.dispatchEventImpl(Container.java:2280)
	at java.awt.Window.dispatchEventImpl(Window.java:2746)
	at java.awt.Component.dispatchEvent(Component.java:4711)
	at java.awt.EventQueue.dispatchEventImpl(EventQueue.java:758)
	at java.awt.EventQueue.access$500(EventQueue.java:97)
	at java.awt.EventQueue$3.run(EventQueue.java:709)
	at java.awt.EventQueue$3.run(EventQueue.java:703)
	at java.security.AccessController.doPrivileged(Native Method)
	at java.security.ProtectionDomain$JavaSecurityAccessImpl.doIntersectionPrivilege(ProtectionDomain.java:80)
	at java.security.ProtectionDomain$JavaSecurityAccessImpl.doIntersectionPrivilege(ProtectionDomain.java:90)
	at java.awt.EventQueue$4.run(EventQueue.java:731)
	at java.awt.EventQueue$4.run(EventQueue.java:729)
	at java.security.AccessController.doPrivileged(Native Method)
	at java.security.ProtectionDomain$JavaSecurityAccessImpl.doIntersectionPrivilege(ProtectionDomain.java:80)
	at java.awt.EventQueue.dispatchEvent(EventQueue.java:728)
	at java.awt.EventDispatchThread.pumpOneEventForFilters(EventDispatchThread.java:201)
	at java.awt.EventDispatchThread.pumpEventsForFilter(EventDispatchThread.java:116)
	at java.awt.EventDispatchThread.pumpEventsForHierarchy(EventDispatchThread.java:105)
	at java.awt.EventDispatchThread.pumpEvents(EventDispatchThread.java:101)
	at java.awt.EventDispatchThread.pumpEvents(EventDispatchThread.java:93)
	at java.awt.EventDispatchThread.run(EventDispatchThread.java:82)
Caused by: java.net.SocketException: Connection reset
	at java.net.SocketInputStream.read(SocketInputStream.java:210)
	at java.net.SocketInputStream.read(SocketInputStream.java:141)
	at java.io.BufferedInputStream.fill(BufferedInputStream.java:246)
	at java.io.BufferedInputStream.read(BufferedInputStream.java:265)
	at java.io.DataInputStream.readByte(DataInputStream.java:265)
	at sun.rmi.transport.StreamRemoteCall.executeCall(StreamRemoteCall.java:222)
	... 66 more
INFO    2018-11-15 18:03:57,651 [AWT-EventQueue-0] client.gui.ClientFrame  1062 - Theodorescu Mihael a oprit aplicatia!
INFO    2018-11-15 18:07:40,684 [AWT-EventQueue-0] client.gui.ClientFrame  110 - Theodorescu Mihael a pornit aplicatia! 192.168.153.52
INFO    2018-11-15 18:07:40,689 [AWT-EventQueue-0] client.gui.ClientFrame  114 - Theodorescu Mihael a dat subscribe!
INFO    2018-11-15 18:07:40,715 [AWT-EventQueue-0] client.gui.ClientFrame  120 - Theodorescu Mihael si-a luat ultima activitate!
INFO    2018-11-15 18:07:48,028 [AWT-EventQueue-0] client.gui.ClientFrame  1062 - Theodorescu Mihael a oprit aplicatia!
