INFO    2019-05-11 10:42:01,261 [AWT-EventQueue-0] client.gui.AdminFrame  53 - A pornit aplicatia!
INFO    2019-05-11 10:43:00,065 [AWT-EventQueue-0] client.gui.AdminFrame  447 - S-a oprit aplicatia!
INFO    2019-05-11 10:46:56,667 [AWT-EventQueue-0] client.gui.AdminFrame  53 - A pornit aplicatia!
INFO    2019-05-11 10:47:50,514 [AWT-EventQueue-0] client.gui.AdminFrame  447 - S-a oprit aplicatia!
INFO    2019-05-11 10:50:46,468 [AWT-EventQueue-0] client.gui.AdminFrame  53 - A pornit aplicatia!
INFO    2019-05-11 10:50:53,195 [AWT-EventQueue-0] client.gui.AdminFrame  447 - S-a oprit aplicatia!
INFO    2019-05-11 10:51:25,748 [AWT-EventQueue-0] client.gui.AdminFrame  53 - A pornit aplicatia!
INFO    2019-05-11 10:51:32,977 [AWT-EventQueue-0] client.gui.AdminFrame  447 - S-a oprit aplicatia!
INFO    2019-05-11 10:53:55,613 [AWT-EventQueue-0] client.gui.AdminFrame  53 - A pornit aplicatia!
INFO    2019-05-11 10:54:03,202 [AWT-EventQueue-0] client.gui.AdminFrame  447 - S-a oprit aplicatia!
INFO    2019-05-11 10:54:20,639 [AWT-EventQueue-0] client.gui.AdminFrame  53 - A pornit aplicatia!
INFO    2019-05-11 10:54:26,630 [AWT-EventQueue-0] client.gui.AdminFrame  447 - S-a oprit aplicatia!
INFO    2019-05-11 10:55:16,374 [AWT-EventQueue-0] client.gui.AdminFrame  53 - A pornit aplicatia!
INFO    2019-05-11 10:55:24,072 [AWT-EventQueue-0] client.gui.AdminFrame  447 - S-a oprit aplicatia!
INFO    2019-05-11 10:56:23,360 [AWT-EventQueue-0] client.gui.AdminFrame  53 - A pornit aplicatia!
INFO    2019-05-11 10:56:29,748 [AWT-EventQueue-0] client.gui.AdminFrame  447 - S-a oprit aplicatia!
INFO    2019-05-11 10:56:53,263 [AWT-EventQueue-0] client.gui.AdminFrame  53 - A pornit aplicatia!
INFO    2019-05-11 10:56:58,721 [AWT-EventQueue-0] client.gui.AdminFrame  447 - S-a oprit aplicatia!
INFO    2019-05-11 10:57:11,824 [AWT-EventQueue-0] client.gui.AdminFrame  53 - A pornit aplicatia!
INFO    2019-05-11 10:57:16,444 [AWT-EventQueue-0] client.gui.AdminFrame  447 - S-a oprit aplicatia!
INFO    2019-05-11 10:58:04,752 [AWT-EventQueue-0] client.gui.AdminFrame  53 - A pornit aplicatia!
INFO    2019-05-11 10:58:14,495 [AWT-EventQueue-0] client.gui.AdminFrame  447 - S-a oprit aplicatia!
INFO    2019-05-11 11:00:46,531 [AWT-EventQueue-0] client.gui.AdminFrame  53 - A pornit aplicatia!
INFO    2019-05-11 11:00:52,766 [AWT-EventQueue-0] client.gui.AdminFrame  447 - S-a oprit aplicatia!
INFO    2019-05-11 11:02:42,084 [AWT-EventQueue-0] client.gui.AdminFrame  53 - A pornit aplicatia!
INFO    2019-05-11 11:02:47,619 [AWT-EventQueue-0] client.gui.AdminFrame  447 - S-a oprit aplicatia!
INFO    2019-05-11 11:03:00,573 [AWT-EventQueue-0] client.gui.AdminFrame  53 - A pornit aplicatia!
INFO    2019-05-11 11:03:05,212 [AWT-EventQueue-0] client.gui.AdminFrame  447 - S-a oprit aplicatia!
INFO    2019-05-11 11:04:01,998 [AWT-EventQueue-0] client.gui.AdminFrame  53 - A pornit aplicatia!
INFO    2019-05-11 11:04:25,925 [AWT-EventQueue-0] client.gui.AdminFrame  447 - S-a oprit aplicatia!
INFO    2019-05-11 11:06:15,463 [AWT-EventQueue-0] client.gui.AdminFrame  53 - A pornit aplicatia!
INFO    2019-05-11 11:06:21,258 [AWT-EventQueue-0] client.gui.AdminFrame  447 - S-a oprit aplicatia!
INFO    2019-05-11 11:08:59,050 [AWT-EventQueue-0] client.gui.AdminFrame  53 - A pornit aplicatia!
INFO    2019-05-11 11:09:14,252 [AWT-EventQueue-0] client.gui.AdminFrame  447 - S-a oprit aplicatia!
INFO    2019-05-11 11:36:39,997 [AWT-EventQueue-0] client.gui.AdminFrame  53 - A pornit aplicatia!
INFO    2019-05-11 11:38:36,375 [AWT-EventQueue-0] client.gui.AdminFrame  447 - S-a oprit aplicatia!
INFO    2019-05-11 11:38:53,773 [AWT-EventQueue-0] client.gui.AdminFrame  53 - A pornit aplicatia!
INFO    2019-05-11 11:40:36,495 [AWT-EventQueue-0] client.gui.AdminFrame  447 - S-a oprit aplicatia!
INFO    2019-05-11 11:40:51,826 [AWT-EventQueue-0] client.gui.AdminFrame  53 - A pornit aplicatia!
INFO    2019-05-11 11:41:24,721 [AWT-EventQueue-0] client.gui.AdminFrame  447 - S-a oprit aplicatia!
INFO    2019-05-11 11:41:43,496 [AWT-EventQueue-0] client.gui.AdminFrame  53 - A pornit aplicatia!
INFO    2019-05-11 11:42:41,338 [AWT-EventQueue-0] client.gui.AdminFrame  53 - A pornit aplicatia!
INFO    2019-05-11 11:43:49,977 [AWT-EventQueue-0] client.gui.AdminFrame  53 - A pornit aplicatia!
INFO    2019-05-11 11:46:44,742 [AWT-EventQueue-0] client.gui.AdminFrame  53 - A pornit aplicatia!
INFO    2019-05-11 11:58:17,058 [AWT-EventQueue-0] client.gui.AdminFrame  447 - S-a oprit aplicatia!
INFO    2019-05-11 11:58:32,038 [AWT-EventQueue-0] client.gui.AdminFrame  53 - A pornit aplicatia!
INFO    2019-05-11 12:01:07,690 [AWT-EventQueue-0] client.gui.AdminFrame  53 - A pornit aplicatia!
INFO    2019-05-11 12:01:18,621 [AWT-EventQueue-0] client.gui.AdminFrame  447 - S-a oprit aplicatia!
INFO    2019-05-11 12:01:50,031 [AWT-EventQueue-0] client.gui.AdminFrame  53 - A pornit aplicatia!
INFO    2019-05-11 12:03:53,820 [AWT-EventQueue-0] client.gui.AdminFrame  53 - A pornit aplicatia!
INFO    2019-05-11 12:05:26,384 [AWT-EventQueue-0] client.gui.AdminFrame  53 - A pornit aplicatia!
INFO    2019-05-11 12:15:40,119 [AWT-EventQueue-0] client.gui.AdminFrame  447 - S-a oprit aplicatia!
INFO    2019-05-11 12:16:02,602 [AWT-EventQueue-0] client.gui.AdminFrame  53 - A pornit aplicatia!
INFO    2019-05-11 12:27:22,687 [AWT-EventQueue-0] client.gui.AdminFrame  447 - S-a oprit aplicatia!
INFO    2019-05-11 13:01:32,031 [AWT-EventQueue-0] client.gui.AdminFrame  53 - A pornit aplicatia!
INFO    2019-05-11 13:01:37,659 [AWT-EventQueue-0] client.gui.AdminFrame  447 - S-a oprit aplicatia!
INFO    2019-05-11 13:02:44,673 [AWT-EventQueue-0] client.gui.AdminFrame  53 - A pornit aplicatia!
INFO    2019-05-11 13:02:50,570 [AWT-EventQueue-0] client.gui.AdminFrame  447 - S-a oprit aplicatia!
INFO    2019-05-11 13:04:00,091 [AWT-EventQueue-0] client.gui.AdminFrame  53 - A pornit aplicatia!
INFO    2019-05-11 13:04:13,224 [AWT-EventQueue-0] client.gui.AdminFrame  447 - S-a oprit aplicatia!
INFO    2019-05-11 13:04:55,808 [AWT-EventQueue-0] client.gui.AdminFrame  53 - A pornit aplicatia!
INFO    2019-05-11 13:05:36,269 [AWT-EventQueue-0] client.gui.AdminFrame  447 - S-a oprit aplicatia!
INFO    2019-05-11 13:05:54,347 [AWT-EventQueue-0] client.gui.AdminFrame  53 - A pornit aplicatia!
INFO    2019-05-11 13:09:32,970 [AWT-EventQueue-0] client.gui.AdminFrame  447 - S-a oprit aplicatia!
INFO    2019-05-11 13:09:47,686 [AWT-EventQueue-0] client.gui.AdminFrame  53 - A pornit aplicatia!
INFO    2019-05-11 13:10:23,535 [AWT-EventQueue-0] client.gui.AdminFrame  447 - S-a oprit aplicatia!
ERROR   2019-05-11 13:11:12,314 [AWT-EventQueue-0] client.gui.LoginFrame  93 - java.lang.NullPointerException
INFO    2019-05-11 13:11:22,794 [AWT-EventQueue-0] client.gui.AdminFrame  53 - A pornit aplicatia!
INFO    2019-05-11 13:11:40,897 [AWT-EventQueue-0] client.gui.AdminFrame  447 - S-a oprit aplicatia!
INFO    2019-05-11 13:14:42,203 [AWT-EventQueue-0] client.gui.AdminFrame  53 - A pornit aplicatia!
INFO    2019-05-11 13:16:57,411 [AWT-EventQueue-0] client.gui.AdminFrame  447 - S-a oprit aplicatia!
INFO    2019-05-11 13:26:07,560 [AWT-EventQueue-0] client.gui.AdminFrame  53 - A pornit aplicatia!
INFO    2019-05-11 13:26:23,768 [AWT-EventQueue-0] client.gui.AdminFrame  447 - S-a oprit aplicatia!
INFO    2019-05-11 13:29:21,194 [AWT-EventQueue-0] client.gui.AdminFrame  53 - A pornit aplicatia!
INFO    2019-05-11 13:30:40,705 [AWT-EventQueue-0] client.gui.AdminFrame  447 - S-a oprit aplicatia!
INFO    2019-05-11 13:31:14,931 [AWT-EventQueue-0] client.gui.AdminFrame  53 - A pornit aplicatia!
INFO    2019-05-11 13:31:38,705 [AWT-EventQueue-0] client.gui.AdminFrame  447 - S-a oprit aplicatia!
INFO    2019-05-11 13:32:13,968 [AWT-EventQueue-0] client.gui.AdminFrame  53 - A pornit aplicatia!
INFO    2019-05-11 13:32:32,618 [AWT-EventQueue-0] client.gui.AdminFrame  447 - S-a oprit aplicatia!
INFO    2019-05-11 13:33:42,973 [AWT-EventQueue-0] client.gui.AdminFrame  53 - A pornit aplicatia!
INFO    2019-05-11 13:34:46,445 [AWT-EventQueue-0] client.gui.AdminFrame  53 - A pornit aplicatia!
INFO    2019-05-11 13:37:13,032 [AWT-EventQueue-0] client.gui.AdminFrame  447 - S-a oprit aplicatia!
INFO    2019-05-11 13:37:19,237 [AWT-EventQueue-0] client.gui.AdminFrame  53 - A pornit aplicatia!
INFO    2019-05-11 13:37:46,252 [AWT-EventQueue-0] client.gui.AdminFrame  447 - S-a oprit aplicatia!
INFO    2019-05-11 13:38:11,524 [AWT-EventQueue-0] client.gui.AdminFrame  53 - A pornit aplicatia!
INFO    2019-05-11 13:38:18,489 [AWT-EventQueue-0] client.gui.AdminFrame  447 - S-a oprit aplicatia!
INFO    2019-05-11 13:39:50,400 [AWT-EventQueue-0] client.gui.AdminFrame  53 - A pornit aplicatia!
INFO    2019-05-11 13:40:06,380 [AWT-EventQueue-0] client.gui.AdminFrame  447 - S-a oprit aplicatia!
INFO    2019-05-11 13:51:13,934 [AWT-EventQueue-0] client.gui.AdminFrame  53 - A pornit aplicatia!
INFO    2019-05-11 13:51:26,460 [AWT-EventQueue-0] client.gui.AdminFrame  447 - S-a oprit aplicatia!
INFO    2019-05-11 13:55:38,387 [AWT-EventQueue-0] client.gui.AdminFrame  53 - A pornit aplicatia!
INFO    2019-05-11 13:55:44,076 [AWT-EventQueue-0] client.gui.AdminFrame  447 - S-a oprit aplicatia!
INFO    2019-05-11 13:55:55,676 [AWT-EventQueue-0] client.gui.AdminFrame  53 - A pornit aplicatia!
INFO    2019-05-11 13:57:23,912 [AWT-EventQueue-0] client.gui.AdminFrame  53 - A pornit aplicatia!
INFO    2019-05-11 13:58:20,910 [AWT-EventQueue-0] client.gui.AdminFrame  447 - S-a oprit aplicatia!
INFO    2019-05-11 13:58:45,576 [AWT-EventQueue-0] client.gui.AdminFrame  53 - A pornit aplicatia!
INFO    2019-05-11 13:58:50,141 [AWT-EventQueue-0] client.gui.AdminFrame  447 - S-a oprit aplicatia!
INFO    2019-05-11 13:59:03,519 [AWT-EventQueue-0] client.gui.AdminFrame  53 - A pornit aplicatia!
INFO    2019-05-11 14:00:29,932 [AWT-EventQueue-0] client.gui.AdminFrame  53 - A pornit aplicatia!
INFO    2019-05-11 14:00:59,518 [AWT-EventQueue-0] client.gui.AdminFrame  447 - S-a oprit aplicatia!
INFO    2019-05-11 14:01:21,311 [AWT-EventQueue-0] client.gui.AdminFrame  53 - A pornit aplicatia!
INFO    2019-05-11 14:02:17,885 [AWT-EventQueue-0] client.gui.AdminFrame  447 - S-a oprit aplicatia!
INFO    2019-05-11 14:03:09,868 [AWT-EventQueue-0] client.gui.AdminFrame  53 - A pornit aplicatia!
INFO    2019-05-11 14:03:35,600 [AWT-EventQueue-0] client.gui.AdminFrame  447 - S-a oprit aplicatia!
INFO    2019-05-11 14:03:42,049 [AWT-EventQueue-0] client.gui.AdminFrame  53 - A pornit aplicatia!
INFO    2019-05-11 14:04:36,320 [AWT-EventQueue-0] client.gui.AdminFrame  447 - S-a oprit aplicatia!
INFO    2019-05-11 14:05:12,307 [AWT-EventQueue-0] client.gui.AdminFrame  53 - A pornit aplicatia!
INFO    2019-05-11 14:06:45,075 [AWT-EventQueue-0] client.gui.AdminFrame  53 - A pornit aplicatia!
INFO    2019-05-11 14:07:12,784 [AWT-EventQueue-0] client.gui.AdminFrame  53 - A pornit aplicatia!
INFO    2019-05-11 15:42:28,588 [AWT-EventQueue-0] client.gui.AdminFrame  53 - A pornit aplicatia!
INFO    2019-05-11 15:42:47,157 [AWT-EventQueue-0] client.gui.AdminFrame  447 - S-a oprit aplicatia!
INFO    2019-05-11 15:44:36,376 [AWT-EventQueue-0] client.gui.AdminFrame  53 - A pornit aplicatia!
INFO    2019-05-11 15:44:46,021 [AWT-EventQueue-0] client.gui.AdminFrame  447 - S-a oprit aplicatia!
INFO    2019-05-11 15:47:22,741 [AWT-EventQueue-0] client.gui.AdminFrame  53 - A pornit aplicatia!
INFO    2019-05-11 15:47:35,116 [AWT-EventQueue-0] client.gui.AdminFrame  447 - S-a oprit aplicatia!
INFO    2019-05-11 15:48:06,173 [AWT-EventQueue-0] client.gui.AdminFrame  53 - A pornit aplicatia!
INFO    2019-05-11 15:48:16,147 [AWT-EventQueue-0] client.gui.AdminFrame  447 - S-a oprit aplicatia!
INFO    2019-05-11 15:50:58,650 [AWT-EventQueue-0] client.gui.AdminFrame  53 - A pornit aplicatia!
INFO    2019-05-11 15:54:08,004 [AWT-EventQueue-0] client.gui.AdminFrame  53 - A pornit aplicatia!
INFO    2019-05-11 15:54:44,718 [AWT-EventQueue-0] client.gui.AdminFrame  447 - S-a oprit aplicatia!
INFO    2019-05-11 15:55:14,260 [AWT-EventQueue-0] client.gui.AdminFrame  53 - A pornit aplicatia!
INFO    2019-05-11 15:57:32,237 [AWT-EventQueue-0] client.gui.AdminFrame  53 - A pornit aplicatia!
INFO    2019-05-11 15:59:08,980 [AWT-EventQueue-0] client.gui.AdminFrame  53 - A pornit aplicatia!
INFO    2019-05-11 15:59:31,120 [AWT-EventQueue-0] client.gui.AdminFrame  447 - S-a oprit aplicatia!
INFO    2019-05-11 16:00:19,784 [AWT-EventQueue-0] client.gui.AdminFrame  53 - A pornit aplicatia!
INFO    2019-05-11 16:01:35,848 [AWT-EventQueue-0] client.gui.AdminFrame  447 - S-a oprit aplicatia!
INFO    2019-05-11 16:02:54,078 [AWT-EventQueue-0] client.gui.AdminFrame  53 - A pornit aplicatia!
INFO    2019-05-11 16:31:35,525 [AWT-EventQueue-0] client.gui.ClientFrame  118 - Melinceanu Cristiana a pornit aplicatia! 192.168.8.104
INFO    2019-05-11 16:31:35,529 [AWT-EventQueue-0] client.gui.ClientFrame  122 - Melinceanu Cristiana a dat subscribe!
INFO    2019-05-11 16:31:35,537 [AWT-EventQueue-0] client.gui.ClientFrame  126 - Melinceanu Cristiana si-a luat ultima activitate!
INFO    2019-05-11 16:32:14,677 [AWT-EventQueue-0] client.gui.ClientFrame  1082 - Melinceanu Cristiana a oprit aplicatia!
INFO    2019-05-11 16:32:47,979 [AWT-EventQueue-0] client.gui.ClientFrame  118 - Melinceanu Cristiana a pornit aplicatia! 192.168.8.104
INFO    2019-05-11 16:32:47,983 [AWT-EventQueue-0] client.gui.ClientFrame  122 - Melinceanu Cristiana a dat subscribe!
INFO    2019-05-11 16:32:47,991 [AWT-EventQueue-0] client.gui.ClientFrame  126 - Melinceanu Cristiana si-a luat ultima activitate!
INFO    2019-05-11 16:33:14,557 [AWT-EventQueue-0] client.gui.ClientFrame  1082 - Melinceanu Cristiana a oprit aplicatia!
INFO    2019-05-11 16:34:38,709 [AWT-EventQueue-0] client.gui.AdminFrame  53 - A pornit aplicatia!
INFO    2019-05-11 16:34:59,227 [AWT-EventQueue-0] client.gui.AdminFrame  447 - S-a oprit aplicatia!
INFO    2019-05-11 21:53:44,512 [AWT-EventQueue-0] client.gui.AdminFrame  53 - A pornit aplicatia!
INFO    2019-05-11 21:53:58,415 [AWT-EventQueue-0] client.gui.AdminFrame  447 - S-a oprit aplicatia!
INFO    2019-05-11 21:54:23,670 [AWT-EventQueue-0] client.gui.AdminFrame  53 - A pornit aplicatia!
INFO    2019-05-11 21:54:44,271 [AWT-EventQueue-0] client.gui.AdminFrame  447 - S-a oprit aplicatia!
INFO    2019-05-11 21:58:50,905 [AWT-EventQueue-0] client.gui.AdminFrame  53 - A pornit aplicatia!
INFO    2019-05-11 21:59:05,432 [AWT-EventQueue-0] client.gui.AdminFrame  447 - S-a oprit aplicatia!
INFO    2019-05-11 22:00:22,421 [AWT-EventQueue-0] client.gui.AdminFrame  53 - A pornit aplicatia!
INFO    2019-05-11 22:00:30,297 [AWT-EventQueue-0] client.gui.AdminFrame  447 - S-a oprit aplicatia!
INFO    2019-05-11 22:00:54,959 [AWT-EventQueue-0] client.gui.AdminFrame  53 - A pornit aplicatia!
INFO    2019-05-11 22:00:57,720 [AWT-EventQueue-0] client.gui.AdminFrame  447 - S-a oprit aplicatia!
INFO    2019-05-11 22:01:07,576 [AWT-EventQueue-0] client.gui.AdminFrame  53 - A pornit aplicatia!
INFO    2019-05-11 22:02:02,523 [AWT-EventQueue-0] client.gui.AdminFrame  53 - A pornit aplicatia!
INFO    2019-05-11 22:03:37,672 [AWT-EventQueue-0] client.gui.AdminFrame  53 - A pornit aplicatia!
INFO    2019-05-11 22:05:01,763 [AWT-EventQueue-0] client.gui.AdminFrame  53 - A pornit aplicatia!
INFO    2019-05-11 22:05:37,270 [AWT-EventQueue-0] client.gui.AdminFrame  53 - A pornit aplicatia!
INFO    2019-05-11 22:06:22,992 [AWT-EventQueue-0] client.gui.AdminFrame  53 - A pornit aplicatia!
INFO    2019-05-11 22:08:32,843 [AWT-EventQueue-0] client.gui.AdminFrame  53 - A pornit aplicatia!
INFO    2019-05-11 22:14:24,650 [AWT-EventQueue-0] client.gui.AdminFrame  53 - A pornit aplicatia!
INFO    2019-05-11 22:14:34,440 [AWT-EventQueue-0] client.gui.AdminFrame  447 - S-a oprit aplicatia!
INFO    2019-05-11 22:15:35,514 [AWT-EventQueue-0] client.gui.AdminFrame  53 - A pornit aplicatia!
INFO    2019-05-11 22:16:00,993 [AWT-EventQueue-0] client.gui.AdminFrame  447 - S-a oprit aplicatia!
INFO    2019-05-11 22:16:40,515 [AWT-EventQueue-0] client.gui.AdminFrame  53 - A pornit aplicatia!
INFO    2019-05-11 22:17:11,591 [AWT-EventQueue-0] client.gui.AdminFrame  447 - S-a oprit aplicatia!
