INFO    2019-02-20 12:35:24,160 [AWT-EventQueue-0] client.gui.AdminFrame  51 - A pornit aplicatia!
INFO    2019-02-20 12:35:47,061 [AWT-EventQueue-0] client.gui.ClientFrame  118 - Dodoloi Anamaria a pornit aplicatia! 192.168.153.120
INFO    2019-02-20 12:35:47,061 [AWT-EventQueue-0] client.gui.ClientFrame  122 - Dodoloi Anamaria a dat subscribe!
INFO    2019-02-20 12:35:47,077 [AWT-EventQueue-0] client.gui.ClientFrame  126 - Dodoloi Anamaria si-a luat ultima activitate!
INFO    2019-02-20 12:35:57,337 [AWT-EventQueue-0] client.gui.ClientFrame  1083 - Dodoloi Anamaria a oprit aplicatia!
INFO    2019-02-20 12:35:57,774 [AWT-EventQueue-0] client.gui.AdminFrame  429 - S-a oprit aplicatia!
INFO    2019-02-20 12:36:35,222 [AWT-EventQueue-0] client.gui.AdminFrame  51 - A pornit aplicatia!
INFO    2019-02-20 12:36:45,716 [AWT-EventQueue-0] client.gui.ClientFrame  118 - Dodoloi Anamaria a pornit aplicatia! 192.168.153.120
INFO    2019-02-20 12:36:45,717 [AWT-EventQueue-0] client.gui.ClientFrame  122 - Dodoloi Anamaria a dat subscribe!
INFO    2019-02-20 12:36:45,736 [AWT-EventQueue-0] client.gui.ClientFrame  126 - Dodoloi Anamaria si-a luat ultima activitate!
INFO    2019-02-20 12:36:53,115 [AWT-EventQueue-0] client.gui.ClientFrame  1083 - Dodoloi Anamaria a oprit aplicatia!
INFO    2019-02-20 12:36:53,634 [AWT-EventQueue-0] client.gui.AdminFrame  429 - S-a oprit aplicatia!
INFO    2019-02-20 12:37:23,370 [AWT-EventQueue-0] client.gui.AdminFrame  51 - A pornit aplicatia!
INFO    2019-02-20 12:37:29,728 [AWT-EventQueue-0] client.gui.ClientFrame  118 - Dodoloi Anamaria a pornit aplicatia! 192.168.153.120
INFO    2019-02-20 12:37:29,729 [AWT-EventQueue-0] client.gui.ClientFrame  122 - Dodoloi Anamaria a dat subscribe!
INFO    2019-02-20 12:37:29,752 [AWT-EventQueue-0] client.gui.ClientFrame  126 - Dodoloi Anamaria si-a luat ultima activitate!
INFO    2019-02-20 12:38:05,807 [AWT-EventQueue-0] client.gui.AdminFrame  51 - A pornit aplicatia!
INFO    2019-02-20 12:38:12,210 [AWT-EventQueue-0] client.gui.ClientFrame  118 - Dodoloi Anamaria a pornit aplicatia! 192.168.153.120
INFO    2019-02-20 12:38:12,212 [AWT-EventQueue-0] client.gui.ClientFrame  122 - Dodoloi Anamaria a dat subscribe!
INFO    2019-02-20 12:38:12,232 [AWT-EventQueue-0] client.gui.ClientFrame  126 - Dodoloi Anamaria si-a luat ultima activitate!
INFO    2019-02-20 12:38:20,264 [AWT-EventQueue-0] client.gui.ClientFrame  1083 - Dodoloi Anamaria a oprit aplicatia!
INFO    2019-02-20 12:38:21,201 [AWT-EventQueue-0] client.gui.AdminFrame  429 - S-a oprit aplicatia!
INFO    2019-02-20 12:38:52,011 [AWT-EventQueue-0] client.gui.AdminFrame  51 - A pornit aplicatia!
INFO    2019-02-20 12:38:59,356 [AWT-EventQueue-0] client.gui.ClientFrame  118 - Dodoloi Anamaria a pornit aplicatia! 192.168.153.120
INFO    2019-02-20 12:38:59,357 [AWT-EventQueue-0] client.gui.ClientFrame  122 - Dodoloi Anamaria a dat subscribe!
INFO    2019-02-20 12:38:59,395 [AWT-EventQueue-0] client.gui.ClientFrame  126 - Dodoloi Anamaria si-a luat ultima activitate!
INFO    2019-02-20 12:39:05,840 [AWT-EventQueue-0] client.gui.ClientFrame  1083 - Dodoloi Anamaria a oprit aplicatia!
INFO    2019-02-20 12:39:06,442 [AWT-EventQueue-0] client.gui.AdminFrame  429 - S-a oprit aplicatia!
INFO    2019-02-20 12:39:15,862 [AWT-EventQueue-0] client.gui.AdminFrame  51 - A pornit aplicatia!
INFO    2019-02-20 12:40:08,395 [AWT-EventQueue-0] client.gui.AdminFrame  51 - A pornit aplicatia!
INFO    2019-02-20 12:40:22,307 [AWT-EventQueue-0] client.gui.AdminFrame  429 - S-a oprit aplicatia!
INFO    2019-02-20 12:40:48,590 [AWT-EventQueue-0] client.gui.AdminFrame  51 - A pornit aplicatia!
INFO    2019-02-20 12:45:11,932 [AWT-EventQueue-0] client.gui.AdminFrame  51 - A pornit aplicatia!
INFO    2019-02-20 12:45:21,657 [AWT-EventQueue-0] client.gui.AdminFrame  429 - S-a oprit aplicatia!
INFO    2019-02-20 12:45:31,395 [AWT-EventQueue-0] client.gui.AdminFrame  51 - A pornit aplicatia!
INFO    2019-02-20 12:45:42,780 [AWT-EventQueue-0] client.gui.AdminFrame  429 - S-a oprit aplicatia!
INFO    2019-02-20 12:46:05,171 [AWT-EventQueue-0] client.gui.AdminFrame  51 - A pornit aplicatia!
INFO    2019-02-20 12:46:11,944 [AWT-EventQueue-0] client.gui.ClientFrame  118 - Dodoloi Anamaria a pornit aplicatia! 192.168.153.120
INFO    2019-02-20 12:46:11,945 [AWT-EventQueue-0] client.gui.ClientFrame  122 - Dodoloi Anamaria a dat subscribe!
INFO    2019-02-20 12:46:11,961 [AWT-EventQueue-0] client.gui.ClientFrame  126 - Dodoloi Anamaria si-a luat ultima activitate!
INFO    2019-02-20 12:46:36,468 [AWT-EventQueue-0] client.gui.ClientFrame  1083 - Dodoloi Anamaria a oprit aplicatia!
INFO    2019-02-20 12:46:37,148 [AWT-EventQueue-0] client.gui.AdminFrame  429 - S-a oprit aplicatia!
