INFO    2019-06-06 11:37:15,170 [AWT-EventQueue-0] client.gui.AdminFrame  53 - A pornit aplicatia!
INFO    2019-06-06 11:38:44,735 [AWT-EventQueue-0] client.gui.ClientFrame  119 - Cristiana Cristiana a pornit aplicatia! 192.168.1.29
INFO    2019-06-06 11:38:44,735 [AWT-EventQueue-0] client.gui.ClientFrame  123 - Cristiana Cristiana a dat subscribe!
INFO    2019-06-06 11:38:44,751 [AWT-EventQueue-0] client.gui.ClientFrame  127 - Cristiana Cristiana si-a luat ultima activitate!
INFO    2019-06-06 11:57:16,197 [AWT-EventQueue-0] client.gui.ClientFrame  1120 - Cristiana Cristiana a oprit aplicatia!
INFO    2019-06-06 11:57:19,654 [AWT-EventQueue-0] client.gui.AdminFrame  447 - S-a oprit aplicatia!
INFO    2019-06-06 12:11:28,904 [AWT-EventQueue-0] client.gui.AdminFrame  53 - A pornit aplicatia!
INFO    2019-06-06 13:44:02,666 [AWT-EventQueue-0] client.gui.AdminFrame  447 - S-a oprit aplicatia!
INFO    2019-06-06 15:17:15,570 [AWT-EventQueue-0] client.gui.AdminFrame  53 - A pornit aplicatia!
INFO    2019-06-06 15:18:25,759 [AWT-EventQueue-0] client.gui.AdminFrame  447 - S-a oprit aplicatia!
INFO    2019-06-06 15:19:51,370 [AWT-EventQueue-0] client.gui.AdminFrame  53 - A pornit aplicatia!
INFO    2019-06-06 15:22:51,509 [AWT-EventQueue-0] client.gui.AdminFrame  447 - S-a oprit aplicatia!
INFO    2019-06-06 15:23:02,602 [AWT-EventQueue-0] client.gui.AdminFrame  53 - A pornit aplicatia!
INFO    2019-06-06 15:24:50,891 [AWT-EventQueue-0] client.gui.AdminFrame  447 - S-a oprit aplicatia!
INFO    2019-06-06 15:26:04,363 [AWT-EventQueue-0] client.gui.AdminFrame  53 - A pornit aplicatia!
INFO    2019-06-06 15:27:03,561 [AWT-EventQueue-0] client.gui.AdminFrame  447 - S-a oprit aplicatia!
INFO    2019-06-06 15:35:27,609 [AWT-EventQueue-0] client.gui.AdminFrame  53 - A pornit aplicatia!
INFO    2019-06-06 15:36:03,789 [AWT-EventQueue-0] client.gui.AdminFrame  447 - S-a oprit aplicatia!
INFO    2019-06-06 15:37:56,564 [AWT-EventQueue-0] client.gui.AdminFrame  53 - A pornit aplicatia!
INFO    2019-06-06 15:42:13,102 [AWT-EventQueue-0] client.gui.AdminFrame  447 - S-a oprit aplicatia!
INFO    2019-06-06 15:43:04,800 [AWT-EventQueue-0] client.gui.AdminFrame  53 - A pornit aplicatia!
INFO    2019-06-06 15:43:54,701 [AWT-EventQueue-0] client.gui.AdminFrame  447 - S-a oprit aplicatia!
INFO    2019-06-06 15:44:24,953 [AWT-EventQueue-0] client.gui.AdminFrame  53 - A pornit aplicatia!
INFO    2019-06-06 15:45:10,269 [AWT-EventQueue-0] client.gui.AdminFrame  447 - S-a oprit aplicatia!
INFO    2019-06-06 15:46:05,337 [AWT-EventQueue-0] client.gui.AdminFrame  53 - A pornit aplicatia!
INFO    2019-06-06 15:46:47,950 [AWT-EventQueue-0] client.gui.AdminFrame  447 - S-a oprit aplicatia!
INFO    2019-06-06 15:52:29,032 [AWT-EventQueue-0] client.gui.AdminFrame  53 - A pornit aplicatia!
INFO    2019-06-06 15:52:47,787 [AWT-EventQueue-0] client.gui.AdminFrame  447 - S-a oprit aplicatia!
INFO    2019-06-06 15:53:36,652 [AWT-EventQueue-0] client.gui.AdminFrame  53 - A pornit aplicatia!
INFO    2019-06-06 16:06:28,024 [AWT-EventQueue-0] client.gui.AdminFrame  447 - S-a oprit aplicatia!
INFO    2019-06-06 16:07:53,019 [AWT-EventQueue-0] client.gui.AdminFrame  53 - A pornit aplicatia!
INFO    2019-06-06 16:09:14,068 [AWT-EventQueue-0] client.gui.AdminFrame  447 - S-a oprit aplicatia!
INFO    2019-06-06 16:09:32,358 [AWT-EventQueue-0] client.gui.AdminFrame  53 - A pornit aplicatia!
INFO    2019-06-06 16:10:05,489 [AWT-EventQueue-0] client.gui.AdminFrame  447 - S-a oprit aplicatia!
INFO    2019-06-06 16:10:28,041 [AWT-EventQueue-0] client.gui.AdminFrame  53 - A pornit aplicatia!
INFO    2019-06-06 16:13:29,627 [AWT-EventQueue-0] client.gui.AdminFrame  53 - A pornit aplicatia!
INFO    2019-06-06 16:18:13,752 [AWT-EventQueue-0] client.gui.AdminFrame  447 - S-a oprit aplicatia!
INFO    2019-06-06 16:20:19,669 [AWT-EventQueue-0] client.gui.AdminFrame  53 - A pornit aplicatia!
INFO    2019-06-06 16:21:14,900 [AWT-EventQueue-0] client.gui.AdminFrame  447 - S-a oprit aplicatia!
INFO    2019-06-06 16:21:50,491 [AWT-EventQueue-0] client.gui.AdminFrame  53 - A pornit aplicatia!
INFO    2019-06-06 16:22:29,701 [AWT-EventQueue-0] client.gui.AdminFrame  447 - S-a oprit aplicatia!
INFO    2019-06-06 16:32:26,540 [AWT-EventQueue-0] client.gui.AdminFrame  53 - A pornit aplicatia!
INFO    2019-06-06 16:33:44,171 [AWT-EventQueue-0] client.gui.AdminFrame  53 - A pornit aplicatia!
INFO    2019-06-06 16:34:09,848 [AWT-EventQueue-0] client.gui.AdminFrame  447 - S-a oprit aplicatia!
INFO    2019-06-06 16:35:14,913 [AWT-EventQueue-0] client.gui.AdminFrame  53 - A pornit aplicatia!
INFO    2019-06-06 16:36:25,322 [AWT-EventQueue-0] client.gui.AdminFrame  53 - A pornit aplicatia!
INFO    2019-06-06 16:39:00,075 [AWT-EventQueue-0] client.gui.AdminFrame  53 - A pornit aplicatia!
INFO    2019-06-06 16:54:18,075 [AWT-EventQueue-0] client.gui.AdminFrame  53 - A pornit aplicatia!
INFO    2019-06-06 16:55:10,377 [AWT-EventQueue-0] client.gui.AdminFrame  53 - A pornit aplicatia!
INFO    2019-06-06 16:55:49,270 [AWT-EventQueue-0] client.gui.AdminFrame  447 - S-a oprit aplicatia!
INFO    2019-06-06 16:56:08,845 [AWT-EventQueue-0] client.gui.AdminFrame  53 - A pornit aplicatia!
INFO    2019-06-06 16:56:21,460 [AWT-EventQueue-0] client.gui.AdminFrame  447 - S-a oprit aplicatia!
INFO    2019-06-06 16:57:38,278 [AWT-EventQueue-0] client.gui.AdminFrame  53 - A pornit aplicatia!
INFO    2019-06-06 16:59:13,678 [AWT-EventQueue-0] client.gui.AdminFrame  53 - A pornit aplicatia!
INFO    2019-06-06 17:00:10,091 [AWT-EventQueue-0] client.gui.AdminFrame  53 - A pornit aplicatia!
INFO    2019-06-06 17:09:10,668 [AWT-EventQueue-0] client.gui.AdminFrame  53 - A pornit aplicatia!
INFO    2019-06-06 17:10:07,901 [AWT-EventQueue-0] client.gui.AdminFrame  447 - S-a oprit aplicatia!
INFO    2019-06-06 17:10:25,543 [AWT-EventQueue-0] client.gui.AdminFrame  53 - A pornit aplicatia!
INFO    2019-06-06 17:11:14,163 [AWT-EventQueue-0] client.gui.AdminFrame  447 - S-a oprit aplicatia!
INFO    2019-06-06 17:12:20,525 [AWT-EventQueue-0] client.gui.AdminFrame  53 - A pornit aplicatia!
INFO    2019-06-06 17:14:46,029 [AWT-EventQueue-0] client.gui.AdminFrame  447 - S-a oprit aplicatia!
INFO    2019-06-06 17:15:37,852 [AWT-EventQueue-0] client.gui.AdminFrame  53 - A pornit aplicatia!
INFO    2019-06-06 17:16:34,293 [AWT-EventQueue-0] client.gui.AdminFrame  53 - A pornit aplicatia!
INFO    2019-06-06 17:19:36,160 [AWT-EventQueue-0] client.gui.AdminFrame  53 - A pornit aplicatia!
INFO    2019-06-06 17:20:39,667 [AWT-EventQueue-0] client.gui.AdminFrame  53 - A pornit aplicatia!
INFO    2019-06-06 17:21:33,527 [AWT-EventQueue-0] client.gui.AdminFrame  53 - A pornit aplicatia!
INFO    2019-06-06 17:27:58,596 [AWT-EventQueue-0] client.gui.AdminFrame  53 - A pornit aplicatia!
INFO    2019-06-06 17:28:08,971 [AWT-EventQueue-0] client.gui.AdminFrame  447 - S-a oprit aplicatia!
INFO    2019-06-06 17:29:17,596 [AWT-EventQueue-0] client.gui.AdminFrame  53 - A pornit aplicatia!
INFO    2019-06-06 17:29:26,385 [AWT-EventQueue-0] client.gui.AdminFrame  447 - S-a oprit aplicatia!
INFO    2019-06-06 17:45:44,129 [AWT-EventQueue-0] client.gui.AdminFrame  53 - A pornit aplicatia!
INFO    2019-06-06 17:45:54,156 [AWT-EventQueue-0] client.gui.AdminFrame  447 - S-a oprit aplicatia!
INFO    2019-06-06 17:47:25,936 [AWT-EventQueue-0] client.gui.AdminFrame  53 - A pornit aplicatia!
INFO    2019-06-06 17:47:41,247 [AWT-EventQueue-0] client.gui.AdminFrame  447 - S-a oprit aplicatia!
INFO    2019-06-06 17:48:12,320 [AWT-EventQueue-0] client.gui.AdminFrame  53 - A pornit aplicatia!
INFO    2019-06-06 17:48:26,352 [AWT-EventQueue-0] client.gui.AdminFrame  447 - S-a oprit aplicatia!
INFO    2019-06-06 17:49:19,224 [AWT-EventQueue-0] client.gui.AdminFrame  53 - A pornit aplicatia!
INFO    2019-06-06 17:49:46,851 [AWT-EventQueue-0] client.gui.AdminFrame  447 - S-a oprit aplicatia!
INFO    2019-06-06 17:52:27,906 [AWT-EventQueue-0] client.gui.ClientFrame  119 - Cristiana Cristiana a pornit aplicatia! 192.168.153.125
INFO    2019-06-06 17:52:27,906 [AWT-EventQueue-0] client.gui.ClientFrame  123 - Cristiana Cristiana a dat subscribe!
INFO    2019-06-06 17:52:27,922 [AWT-EventQueue-0] client.gui.ClientFrame  127 - Cristiana Cristiana si-a luat ultima activitate!
INFO    2019-06-06 17:53:23,927 [AWT-EventQueue-0] client.gui.ClientFrame  1120 - Cristiana Cristiana a oprit aplicatia!
INFO    2019-06-06 18:00:32,150 [AWT-EventQueue-0] client.gui.AdminFrame  53 - A pornit aplicatia!
INFO    2019-06-06 18:00:46,845 [AWT-EventQueue-0] client.gui.AdminFrame  447 - S-a oprit aplicatia!
INFO    2019-06-06 18:01:04,252 [AWT-EventQueue-0] client.gui.AdminFrame  53 - A pornit aplicatia!
INFO    2019-06-06 18:01:52,708 [AWT-EventQueue-0] client.gui.AdminFrame  447 - S-a oprit aplicatia!
